CRITICAL - 2022-06-13 00:00:23 --> Function name must be a string
#0 C:\laragon\www\spk2\app\Controllers\Berkas.php(24): App\Models\M_berkas->getBerkas2()
#1 C:\laragon\www\spk2\system\CodeIgniter.php(832): App\Controllers\Berkas->get_berkas()
#2 C:\laragon\www\spk2\system\CodeIgniter.php(419): CodeIgniter\CodeIgniter->runController(Object(App\Controllers\Berkas))
#3 C:\laragon\www\spk2\system\CodeIgniter.php(326): CodeIgniter\CodeIgniter->handleRequest(NULL, Object(Config\Cache), false)
#4 C:\laragon\www\spk2\index.php(37): CodeIgniter\CodeIgniter->run()
#5 {main}
CRITICAL - 2022-06-13 00:08:58 --> You must set the database table to be used with your query.
#0 C:\laragon\www\spk2\system\Model.php(545): CodeIgniter\Database\BaseConnection->table(NULL)
#1 C:\laragon\www\spk2\system\Model.php(722): CodeIgniter\Model->builder()
#2 C:\laragon\www\spk2\app\Controllers\Berkas.php(24): CodeIgniter\Model->__call('where', Array)
#3 C:\laragon\www\spk2\system\CodeIgniter.php(832): App\Controllers\Berkas->get_berkas()
#4 C:\laragon\www\spk2\system\CodeIgniter.php(419): CodeIgniter\CodeIgniter->runController(Object(App\Controllers\Berkas))
#5 C:\laragon\www\spk2\system\CodeIgniter.php(326): CodeIgniter\CodeIgniter->handleRequest(NULL, Object(Config\Cache), false)
#6 C:\laragon\www\spk2\index.php(37): CodeIgniter\CodeIgniter->run()
#7 {main}
CRITICAL - 2022-06-13 00:09:41 --> You must set the database table to be used with your query.
#0 C:\laragon\www\spk2\system\Model.php(545): CodeIgniter\Database\BaseConnection->table(NULL)
#1 C:\laragon\www\spk2\system\Model.php(722): CodeIgniter\Model->builder()
#2 C:\laragon\www\spk2\app\Controllers\Berkas.php(24): CodeIgniter\Model->__call('where', Array)
#3 C:\laragon\www\spk2\system\CodeIgniter.php(832): App\Controllers\Berkas->get_berkas()
#4 C:\laragon\www\spk2\system\CodeIgniter.php(419): CodeIgniter\CodeIgniter->runController(Object(App\Controllers\Berkas))
#5 C:\laragon\www\spk2\system\CodeIgniter.php(326): CodeIgniter\CodeIgniter->handleRequest(NULL, Object(Config\Cache), false)
#6 C:\laragon\www\spk2\index.php(37): CodeIgniter\CodeIgniter->run()
#7 {main}
CRITICAL - 2022-06-13 00:10:18 --> Function name must be a string
#0 C:\laragon\www\spk2\app\Controllers\Berkas.php(25): App\Models\M_berkas->getBerkas2()
#1 C:\laragon\www\spk2\system\CodeIgniter.php(832): App\Controllers\Berkas->get_berkas()
#2 C:\laragon\www\spk2\system\CodeIgniter.php(419): CodeIgniter\CodeIgniter->runController(Object(App\Controllers\Berkas))
#3 C:\laragon\www\spk2\system\CodeIgniter.php(326): CodeIgniter\CodeIgniter->handleRequest(NULL, Object(Config\Cache), false)
#4 C:\laragon\www\spk2\index.php(37): CodeIgniter\CodeIgniter->run()
#5 {main}
CRITICAL - 2022-06-13 00:13:35 --> Function name must be a string
#0 C:\laragon\www\spk2\app\Controllers\Berkas.php(40): App\Models\M_berkas->getBerkas2()
#1 C:\laragon\www\spk2\system\CodeIgniter.php(832): App\Controllers\Berkas->get_berkas()
#2 C:\laragon\www\spk2\system\CodeIgniter.php(419): CodeIgniter\CodeIgniter->runController(Object(App\Controllers\Berkas))
#3 C:\laragon\www\spk2\system\CodeIgniter.php(326): CodeIgniter\CodeIgniter->handleRequest(NULL, Object(Config\Cache), false)
#4 C:\laragon\www\spk2\index.php(37): CodeIgniter\CodeIgniter->run()
#5 {main}
CRITICAL - 2022-06-13 00:13:39 --> Function name must be a string
#0 C:\laragon\www\spk2\app\Controllers\Berkas.php(40): App\Models\M_berkas->getBerkas2()
#1 C:\laragon\www\spk2\system\CodeIgniter.php(832): App\Controllers\Berkas->get_berkas()
#2 C:\laragon\www\spk2\system\CodeIgniter.php(419): CodeIgniter\CodeIgniter->runController(Object(App\Controllers\Berkas))
#3 C:\laragon\www\spk2\system\CodeIgniter.php(326): CodeIgniter\CodeIgniter->handleRequest(NULL, Object(Config\Cache), false)
#4 C:\laragon\www\spk2\index.php(37): CodeIgniter\CodeIgniter->run()
#5 {main}
CRITICAL - 2022-06-13 00:13:53 --> Function name must be a string
#0 C:\laragon\www\spk2\app\Controllers\Berkas.php(40): App\Models\M_berkas->getBerkas2()
#1 C:\laragon\www\spk2\system\CodeIgniter.php(832): App\Controllers\Berkas->get_berkas()
#2 C:\laragon\www\spk2\system\CodeIgniter.php(419): CodeIgniter\CodeIgniter->runController(Object(App\Controllers\Berkas))
#3 C:\laragon\www\spk2\system\CodeIgniter.php(326): CodeIgniter\CodeIgniter->handleRequest(NULL, Object(Config\Cache), false)
#4 C:\laragon\www\spk2\index.php(37): CodeIgniter\CodeIgniter->run()
#5 {main}
CRITICAL - 2022-06-13 00:14:01 --> Function name must be a string
#0 C:\laragon\www\spk2\app\Controllers\Berkas.php(40): App\Models\M_berkas->getBerkas2()
#1 C:\laragon\www\spk2\system\CodeIgniter.php(832): App\Controllers\Berkas->get_berkas()
#2 C:\laragon\www\spk2\system\CodeIgniter.php(419): CodeIgniter\CodeIgniter->runController(Object(App\Controllers\Berkas))
#3 C:\laragon\www\spk2\system\CodeIgniter.php(326): CodeIgniter\CodeIgniter->handleRequest(NULL, Object(Config\Cache), false)
#4 C:\laragon\www\spk2\index.php(37): CodeIgniter\CodeIgniter->run()
#5 {main}
CRITICAL - 2022-06-13 00:14:53 --> Function name must be a string
#0 C:\laragon\www\spk2\app\Controllers\Berkas.php(40): App\Models\M_berkas->getBerkas2()
#1 C:\laragon\www\spk2\system\CodeIgniter.php(832): App\Controllers\Berkas->get_berkas()
#2 C:\laragon\www\spk2\system\CodeIgniter.php(419): CodeIgniter\CodeIgniter->runController(Object(App\Controllers\Berkas))
#3 C:\laragon\www\spk2\system\CodeIgniter.php(326): CodeIgniter\CodeIgniter->handleRequest(NULL, Object(Config\Cache), false)
#4 C:\laragon\www\spk2\index.php(37): CodeIgniter\CodeIgniter->run()
#5 {main}
CRITICAL - 2022-06-13 00:16:08 --> Function name must be a string
#0 C:\laragon\www\spk2\app\Controllers\Berkas.php(40): App\Models\M_berkas->getBerkas2()
#1 C:\laragon\www\spk2\system\CodeIgniter.php(832): App\Controllers\Berkas->get_berkas()
#2 C:\laragon\www\spk2\system\CodeIgniter.php(419): CodeIgniter\CodeIgniter->runController(Object(App\Controllers\Berkas))
#3 C:\laragon\www\spk2\system\CodeIgniter.php(326): CodeIgniter\CodeIgniter->handleRequest(NULL, Object(Config\Cache), false)
#4 C:\laragon\www\spk2\index.php(37): CodeIgniter\CodeIgniter->run()
#5 {main}
CRITICAL - 2022-06-13 00:16:38 --> Call to a member function where() on array
#0 C:\laragon\www\spk2\system\CodeIgniter.php(832): App\Controllers\Berkas->get_berkas()
#1 C:\laragon\www\spk2\system\CodeIgniter.php(419): CodeIgniter\CodeIgniter->runController(Object(App\Controllers\Berkas))
#2 C:\laragon\www\spk2\system\CodeIgniter.php(326): CodeIgniter\CodeIgniter->handleRequest(NULL, Object(Config\Cache), false)
#3 C:\laragon\www\spk2\index.php(37): CodeIgniter\CodeIgniter->run()
#4 {main}
CRITICAL - 2022-06-13 00:17:20 --> Call to a member function where() on array
#0 C:\laragon\www\spk2\system\CodeIgniter.php(832): App\Controllers\Berkas->get_berkas()
#1 C:\laragon\www\spk2\system\CodeIgniter.php(419): CodeIgniter\CodeIgniter->runController(Object(App\Controllers\Berkas))
#2 C:\laragon\www\spk2\system\CodeIgniter.php(326): CodeIgniter\CodeIgniter->handleRequest(NULL, Object(Config\Cache), false)
#3 C:\laragon\www\spk2\index.php(37): CodeIgniter\CodeIgniter->run()
#4 {main}
CRITICAL - 2022-06-13 00:18:21 --> Call to a member function getWhere() on array
#0 C:\laragon\www\spk2\system\CodeIgniter.php(832): App\Controllers\Berkas->get_berkas()
#1 C:\laragon\www\spk2\system\CodeIgniter.php(419): CodeIgniter\CodeIgniter->runController(Object(App\Controllers\Berkas))
#2 C:\laragon\www\spk2\system\CodeIgniter.php(326): CodeIgniter\CodeIgniter->handleRequest(NULL, Object(Config\Cache), false)
#3 C:\laragon\www\spk2\index.php(37): CodeIgniter\CodeIgniter->run()
#4 {main}
CRITICAL - 2022-06-13 00:20:20 --> Call to a member function getWhere() on array
#0 C:\laragon\www\spk2\system\CodeIgniter.php(832): App\Controllers\Berkas->get_berkas()
#1 C:\laragon\www\spk2\system\CodeIgniter.php(419): CodeIgniter\CodeIgniter->runController(Object(App\Controllers\Berkas))
#2 C:\laragon\www\spk2\system\CodeIgniter.php(326): CodeIgniter\CodeIgniter->handleRequest(NULL, Object(Config\Cache), false)
#3 C:\laragon\www\spk2\index.php(37): CodeIgniter\CodeIgniter->run()
#4 {main}
CRITICAL - 2022-06-13 00:20:39 --> Call to a member function getWhere() on array
#0 C:\laragon\www\spk2\system\CodeIgniter.php(832): App\Controllers\Berkas->get_berkas()
#1 C:\laragon\www\spk2\system\CodeIgniter.php(419): CodeIgniter\CodeIgniter->runController(Object(App\Controllers\Berkas))
#2 C:\laragon\www\spk2\system\CodeIgniter.php(326): CodeIgniter\CodeIgniter->handleRequest(NULL, Object(Config\Cache), false)
#3 C:\laragon\www\spk2\index.php(37): CodeIgniter\CodeIgniter->run()
#4 {main}
CRITICAL - 2022-06-13 00:21:39 --> Function name must be a string
#0 C:\laragon\www\spk2\app\Controllers\Berkas.php(40): App\Models\M_berkas->getBerkas2()
#1 C:\laragon\www\spk2\system\CodeIgniter.php(832): App\Controllers\Berkas->get_berkas()
#2 C:\laragon\www\spk2\system\CodeIgniter.php(419): CodeIgniter\CodeIgniter->runController(Object(App\Controllers\Berkas))
#3 C:\laragon\www\spk2\system\CodeIgniter.php(326): CodeIgniter\CodeIgniter->handleRequest(NULL, Object(Config\Cache), false)
#4 C:\laragon\www\spk2\index.php(37): CodeIgniter\CodeIgniter->run()
#5 {main}
CRITICAL - 2022-06-13 00:23:56 --> Call to undefined method CodeIgniter\Database\MySQLi\Result::getWhere()
#0 C:\laragon\www\spk2\system\CodeIgniter.php(832): App\Controllers\Berkas->get_berkas()
#1 C:\laragon\www\spk2\system\CodeIgniter.php(419): CodeIgniter\CodeIgniter->runController(Object(App\Controllers\Berkas))
#2 C:\laragon\www\spk2\system\CodeIgniter.php(326): CodeIgniter\CodeIgniter->handleRequest(NULL, Object(Config\Cache), false)
#3 C:\laragon\www\spk2\index.php(37): CodeIgniter\CodeIgniter->run()
#4 {main}
CRITICAL - 2022-06-13 00:24:26 --> Call to undefined method CodeIgniter\Database\MySQLi\Result::Where()
#0 C:\laragon\www\spk2\system\CodeIgniter.php(832): App\Controllers\Berkas->get_berkas()
#1 C:\laragon\www\spk2\system\CodeIgniter.php(419): CodeIgniter\CodeIgniter->runController(Object(App\Controllers\Berkas))
#2 C:\laragon\www\spk2\system\CodeIgniter.php(326): CodeIgniter\CodeIgniter->handleRequest(NULL, Object(Config\Cache), false)
#3 C:\laragon\www\spk2\index.php(37): CodeIgniter\CodeIgniter->run()
#4 {main}
CRITICAL - 2022-06-13 00:25:17 --> Call to undefined method CodeIgniter\Database\MySQLi\Result::where()
#0 C:\laragon\www\spk2\system\CodeIgniter.php(832): App\Controllers\Berkas->get_berkas()
#1 C:\laragon\www\spk2\system\CodeIgniter.php(419): CodeIgniter\CodeIgniter->runController(Object(App\Controllers\Berkas))
#2 C:\laragon\www\spk2\system\CodeIgniter.php(326): CodeIgniter\CodeIgniter->handleRequest(NULL, Object(Config\Cache), false)
#3 C:\laragon\www\spk2\index.php(37): CodeIgniter\CodeIgniter->run()
#4 {main}
CRITICAL - 2022-06-13 00:26:52 --> You must set the database table to be used with your query.
#0 C:\laragon\www\spk2\system\Model.php(545): CodeIgniter\Database\BaseConnection->table(NULL)
#1 C:\laragon\www\spk2\system\Model.php(722): CodeIgniter\Model->builder()
#2 C:\laragon\www\spk2\app\Controllers\Berkas.php(40): CodeIgniter\Model->__call('where', Array)
#3 C:\laragon\www\spk2\system\CodeIgniter.php(832): App\Controllers\Berkas->get_berkas()
#4 C:\laragon\www\spk2\system\CodeIgniter.php(419): CodeIgniter\CodeIgniter->runController(Object(App\Controllers\Berkas))
#5 C:\laragon\www\spk2\system\CodeIgniter.php(326): CodeIgniter\CodeIgniter->handleRequest(NULL, Object(Config\Cache), false)
#6 C:\laragon\www\spk2\index.php(37): CodeIgniter\CodeIgniter->run()
#7 {main}
CRITICAL - 2022-06-13 00:27:37 --> Call to undefined method CodeIgniter\Database\MySQLi\Result::where()
#0 C:\laragon\www\spk2\system\CodeIgniter.php(832): App\Controllers\Berkas->get_berkas()
#1 C:\laragon\www\spk2\system\CodeIgniter.php(419): CodeIgniter\CodeIgniter->runController(Object(App\Controllers\Berkas))
#2 C:\laragon\www\spk2\system\CodeIgniter.php(326): CodeIgniter\CodeIgniter->handleRequest(NULL, Object(Config\Cache), false)
#3 C:\laragon\www\spk2\index.php(37): CodeIgniter\CodeIgniter->run()
#4 {main}
CRITICAL - 2022-06-13 00:31:43 --> You must set the database table to be used with your query.
#0 C:\laragon\www\spk2\system\Model.php(545): CodeIgniter\Database\BaseConnection->table(NULL)
#1 C:\laragon\www\spk2\system\Model.php(509): CodeIgniter\Model->builder()
#2 C:\laragon\www\spk2\app\Controllers\Berkas.php(42): CodeIgniter\Model->countAllResults()
#3 C:\laragon\www\spk2\system\CodeIgniter.php(832): App\Controllers\Berkas->get_berkas()
#4 C:\laragon\www\spk2\system\CodeIgniter.php(419): CodeIgniter\CodeIgniter->runController(Object(App\Controllers\Berkas))
#5 C:\laragon\www\spk2\system\CodeIgniter.php(326): CodeIgniter\CodeIgniter->handleRequest(NULL, Object(Config\Cache), false)
#6 C:\laragon\www\spk2\index.php(37): CodeIgniter\CodeIgniter->run()
#7 {main}
CRITICAL - 2022-06-13 00:32:06 --> Call to undefined method CodeIgniter\Database\MySQLi\Result::countAllResults()
#0 C:\laragon\www\spk2\system\CodeIgniter.php(832): App\Controllers\Berkas->get_berkas()
#1 C:\laragon\www\spk2\system\CodeIgniter.php(419): CodeIgniter\CodeIgniter->runController(Object(App\Controllers\Berkas))
#2 C:\laragon\www\spk2\system\CodeIgniter.php(326): CodeIgniter\CodeIgniter->handleRequest(NULL, Object(Config\Cache), false)
#3 C:\laragon\www\spk2\index.php(37): CodeIgniter\CodeIgniter->run()
#4 {main}
CRITICAL - 2022-06-13 00:35:43 --> Undefined variable: hasil
#0 C:\laragon\www\spk2\app\Controllers\Berkas.php(51): CodeIgniter\Debug\Exceptions->errorHandler(8, 'Undefined varia...', 'C:\\laragon\\www\\...', 51, Array)
#1 C:\laragon\www\spk2\system\CodeIgniter.php(832): App\Controllers\Berkas->get_berkas()
#2 C:\laragon\www\spk2\system\CodeIgniter.php(419): CodeIgniter\CodeIgniter->runController(Object(App\Controllers\Berkas))
#3 C:\laragon\www\spk2\system\CodeIgniter.php(326): CodeIgniter\CodeIgniter->handleRequest(NULL, Object(Config\Cache), false)
#4 C:\laragon\www\spk2\index.php(37): CodeIgniter\CodeIgniter->run()
#5 {main}
ERROR - 2022-06-13 00:36:32 --> You have an error in your SQL syntax; check the manual that corresponds to your MySQL server version for the right syntax to use near '' at line 4
CRITICAL - 2022-06-13 00:36:32 --> You have an error in your SQL syntax; check the manual that corresponds to your MySQL server version for the right syntax to use near '' at line 4
#0 C:\laragon\www\spk2\system\Database\MySQLi\Connection.php(292): mysqli->query('\r\n        SELEC...', 0)
#1 C:\laragon\www\spk2\system\Database\BaseConnection.php(670): CodeIgniter\Database\MySQLi\Connection->execute('\r\n        SELEC...')
#2 C:\laragon\www\spk2\system\Database\BaseConnection.php(598): CodeIgniter\Database\BaseConnection->simpleQuery('\r\n        SELEC...')
#3 C:\laragon\www\spk2\app\Models\M_berkas.php(27): CodeIgniter\Database\BaseConnection->query('\r\n        SELEC...')
#4 C:\laragon\www\spk2\app\Controllers\Berkas.php(40): App\Models\M_berkas->getBerkas2(NULL)
#5 C:\laragon\www\spk2\system\CodeIgniter.php(832): App\Controllers\Berkas->get_berkas()
#6 C:\laragon\www\spk2\system\CodeIgniter.php(419): CodeIgniter\CodeIgniter->runController(Object(App\Controllers\Berkas))
#7 C:\laragon\www\spk2\system\CodeIgniter.php(326): CodeIgniter\CodeIgniter->handleRequest(NULL, Object(Config\Cache), false)
#8 C:\laragon\www\spk2\index.php(37): CodeIgniter\CodeIgniter->run()
#9 {main}
CRITICAL - 2022-06-13 00:38:26 --> Undefined variable: hasil
#0 C:\laragon\www\spk2\app\Controllers\Berkas.php(51): CodeIgniter\Debug\Exceptions->errorHandler(8, 'Undefined varia...', 'C:\\laragon\\www\\...', 51, Array)
#1 C:\laragon\www\spk2\system\CodeIgniter.php(832): App\Controllers\Berkas->get_berkas()
#2 C:\laragon\www\spk2\system\CodeIgniter.php(419): CodeIgniter\CodeIgniter->runController(Object(App\Controllers\Berkas))
#3 C:\laragon\www\spk2\system\CodeIgniter.php(326): CodeIgniter\CodeIgniter->handleRequest(NULL, Object(Config\Cache), false)
#4 C:\laragon\www\spk2\index.php(37): CodeIgniter\CodeIgniter->run()
#5 {main}
CRITICAL - 2022-06-13 00:40:23 --> Undefined variable: hasil
#0 C:\laragon\www\spk2\app\Controllers\Berkas.php(51): CodeIgniter\Debug\Exceptions->errorHandler(8, 'Undefined varia...', 'C:\\laragon\\www\\...', 51, Array)
#1 C:\laragon\www\spk2\system\CodeIgniter.php(832): App\Controllers\Berkas->get_berkas()
#2 C:\laragon\www\spk2\system\CodeIgniter.php(419): CodeIgniter\CodeIgniter->runController(Object(App\Controllers\Berkas))
#3 C:\laragon\www\spk2\system\CodeIgniter.php(326): CodeIgniter\CodeIgniter->handleRequest(NULL, Object(Config\Cache), false)
#4 C:\laragon\www\spk2\index.php(37): CodeIgniter\CodeIgniter->run()
#5 {main}
CRITICAL - 2022-06-13 00:42:22 --> Undefined variable: hasil
#0 C:\laragon\www\spk2\app\Controllers\Berkas.php(51): CodeIgniter\Debug\Exceptions->errorHandler(8, 'Undefined varia...', 'C:\\laragon\\www\\...', 51, Array)
#1 C:\laragon\www\spk2\system\CodeIgniter.php(832): App\Controllers\Berkas->get_berkas()
#2 C:\laragon\www\spk2\system\CodeIgniter.php(419): CodeIgniter\CodeIgniter->runController(Object(App\Controllers\Berkas))
#3 C:\laragon\www\spk2\system\CodeIgniter.php(326): CodeIgniter\CodeIgniter->handleRequest(NULL, Object(Config\Cache), false)
#4 C:\laragon\www\spk2\index.php(37): CodeIgniter\CodeIgniter->run()
#5 {main}
CRITICAL - 2022-06-13 00:42:36 --> Undefined variable: hasil
#0 C:\laragon\www\spk2\app\Controllers\Berkas.php(51): CodeIgniter\Debug\Exceptions->errorHandler(8, 'Undefined varia...', 'C:\\laragon\\www\\...', 51, Array)
#1 C:\laragon\www\spk2\system\CodeIgniter.php(832): App\Controllers\Berkas->get_berkas()
#2 C:\laragon\www\spk2\system\CodeIgniter.php(419): CodeIgniter\CodeIgniter->runController(Object(App\Controllers\Berkas))
#3 C:\laragon\www\spk2\system\CodeIgniter.php(326): CodeIgniter\CodeIgniter->handleRequest(NULL, Object(Config\Cache), false)
#4 C:\laragon\www\spk2\index.php(37): CodeIgniter\CodeIgniter->run()
#5 {main}
CRITICAL - 2022-06-13 00:43:59 --> You must set the database table to be used with your query.
#0 C:\laragon\www\spk2\system\Model.php(545): CodeIgniter\Database\BaseConnection->table(NULL)
#1 C:\laragon\www\spk2\system\Model.php(693): CodeIgniter\Model->builder()
#2 C:\laragon\www\spk2\app\Models\M_berkas.php(23): CodeIgniter\Model->__get('request')
#3 C:\laragon\www\spk2\app\Controllers\Berkas.php(40): App\Models\M_berkas->getBerkas2()
#4 C:\laragon\www\spk2\system\CodeIgniter.php(832): App\Controllers\Berkas->get_berkas()
#5 C:\laragon\www\spk2\system\CodeIgniter.php(419): CodeIgniter\CodeIgniter->runController(Object(App\Controllers\Berkas))
#6 C:\laragon\www\spk2\system\CodeIgniter.php(326): CodeIgniter\CodeIgniter->handleRequest(NULL, Object(Config\Cache), false)
#7 C:\laragon\www\spk2\index.php(37): CodeIgniter\CodeIgniter->run()
#8 {main}
CRITICAL - 2022-06-13 00:45:28 --> Undefined variable: hasil
#0 C:\laragon\www\spk2\app\Controllers\Berkas.php(51): CodeIgniter\Debug\Exceptions->errorHandler(8, 'Undefined varia...', 'C:\\laragon\\www\\...', 51, Array)
#1 C:\laragon\www\spk2\system\CodeIgniter.php(832): App\Controllers\Berkas->get_berkas()
#2 C:\laragon\www\spk2\system\CodeIgniter.php(419): CodeIgniter\CodeIgniter->runController(Object(App\Controllers\Berkas))
#3 C:\laragon\www\spk2\system\CodeIgniter.php(326): CodeIgniter\CodeIgniter->handleRequest(NULL, Object(Config\Cache), false)
#4 C:\laragon\www\spk2\index.php(37): CodeIgniter\CodeIgniter->run()
#5 {main}
CRITICAL - 2022-06-13 00:48:19 --> syntax error, unexpected 'id' (T_STRING)
#0 C:\laragon\www\spk2\system\Router\Router.php(175): CodeIgniter\Router\Router->autoRoute('/berkas/show_be...')
#1 C:\laragon\www\spk2\system\CodeIgniter.php(726): CodeIgniter\Router\Router->handle('/berkas/show_be...')
#2 C:\laragon\www\spk2\system\CodeIgniter.php(368): CodeIgniter\CodeIgniter->tryToRouteIt(Object(CodeIgniter\Router\RouteCollection))
#3 C:\laragon\www\spk2\system\CodeIgniter.php(326): CodeIgniter\CodeIgniter->handleRequest(NULL, Object(Config\Cache), false)
#4 C:\laragon\www\spk2\index.php(37): CodeIgniter\CodeIgniter->run()
#5 {main}
CRITICAL - 2022-06-13 00:48:36 --> syntax error, unexpected 'id' (T_STRING)
#0 C:\laragon\www\spk2\system\Router\Router.php(175): CodeIgniter\Router\Router->autoRoute('/berkas/show_be...')
#1 C:\laragon\www\spk2\system\CodeIgniter.php(726): CodeIgniter\Router\Router->handle('/berkas/show_be...')
#2 C:\laragon\www\spk2\system\CodeIgniter.php(368): CodeIgniter\CodeIgniter->tryToRouteIt(Object(CodeIgniter\Router\RouteCollection))
#3 C:\laragon\www\spk2\system\CodeIgniter.php(326): CodeIgniter\CodeIgniter->handleRequest(NULL, Object(Config\Cache), false)
#4 C:\laragon\www\spk2\index.php(37): CodeIgniter\CodeIgniter->run()
#5 {main}
CRITICAL - 2022-06-13 00:48:42 --> syntax error, unexpected 'id' (T_STRING)
#0 C:\laragon\www\spk2\system\Router\Router.php(175): CodeIgniter\Router\Router->autoRoute('/berkas/show_be...')
#1 C:\laragon\www\spk2\system\CodeIgniter.php(726): CodeIgniter\Router\Router->handle('/berkas/show_be...')
#2 C:\laragon\www\spk2\system\CodeIgniter.php(368): CodeIgniter\CodeIgniter->tryToRouteIt(Object(CodeIgniter\Router\RouteCollection))
#3 C:\laragon\www\spk2\system\CodeIgniter.php(326): CodeIgniter\CodeIgniter->handleRequest(NULL, Object(Config\Cache), false)
#4 C:\laragon\www\spk2\index.php(37): CodeIgniter\CodeIgniter->run()
#5 {main}
ERROR - 2022-06-13 00:54:25 --> Unknown column 'a.nip_nim' in 'field list'
CRITICAL - 2022-06-13 00:54:25 --> Unknown column 'a.nip_nim' in 'field list'
#0 C:\laragon\www\spk2\system\Database\MySQLi\Connection.php(292): mysqli->query('SELECT `a`.`id`...', 0)
#1 C:\laragon\www\spk2\system\Database\BaseConnection.php(670): CodeIgniter\Database\MySQLi\Connection->execute('SELECT `a`.`id`...')
#2 C:\laragon\www\spk2\system\Database\BaseConnection.php(598): CodeIgniter\Database\BaseConnection->simpleQuery('SELECT `a`.`id`...')
#3 C:\laragon\www\spk2\system\Database\BaseBuilder.php(1455): CodeIgniter\Database\BaseConnection->query('SELECT `a`.`id`...', Array, false)
#4 C:\laragon\www\spk2\app\Models\M_berkas.php(33): CodeIgniter\Database\BaseBuilder->get()
#5 C:\laragon\www\spk2\app\Controllers\Berkas.php(40): App\Models\M_berkas->getBerkas2()
#6 C:\laragon\www\spk2\system\CodeIgniter.php(832): App\Controllers\Berkas->get_berkas()
#7 C:\laragon\www\spk2\system\CodeIgniter.php(419): CodeIgniter\CodeIgniter->runController(Object(App\Controllers\Berkas))
#8 C:\laragon\www\spk2\system\CodeIgniter.php(326): CodeIgniter\CodeIgniter->handleRequest(NULL, Object(Config\Cache), false)
#9 C:\laragon\www\spk2\index.php(37): CodeIgniter\CodeIgniter->run()
#10 {main}
ERROR - 2022-06-13 00:55:04 --> Unknown column 'b.id_user' in 'on clause'
CRITICAL - 2022-06-13 00:55:04 --> Unknown column 'b.id_user' in 'on clause'
#0 C:\laragon\www\spk2\system\Database\MySQLi\Connection.php(292): mysqli->query('SELECT `a`.`id`...', 0)
#1 C:\laragon\www\spk2\system\Database\BaseConnection.php(670): CodeIgniter\Database\MySQLi\Connection->execute('SELECT `a`.`id`...')
#2 C:\laragon\www\spk2\system\Database\BaseConnection.php(598): CodeIgniter\Database\BaseConnection->simpleQuery('SELECT `a`.`id`...')
#3 C:\laragon\www\spk2\system\Database\BaseBuilder.php(1455): CodeIgniter\Database\BaseConnection->query('SELECT `a`.`id`...', Array, false)
#4 C:\laragon\www\spk2\app\Models\M_berkas.php(33): CodeIgniter\Database\BaseBuilder->get()
#5 C:\laragon\www\spk2\app\Controllers\Berkas.php(40): App\Models\M_berkas->getBerkas2()
#6 C:\laragon\www\spk2\system\CodeIgniter.php(832): App\Controllers\Berkas->get_berkas()
#7 C:\laragon\www\spk2\system\CodeIgniter.php(419): CodeIgniter\CodeIgniter->runController(Object(App\Controllers\Berkas))
#8 C:\laragon\www\spk2\system\CodeIgniter.php(326): CodeIgniter\CodeIgniter->handleRequest(NULL, Object(Config\Cache), false)
#9 C:\laragon\www\spk2\index.php(37): CodeIgniter\CodeIgniter->run()
#10 {main}
CRITICAL - 2022-06-13 00:55:50 --> Undefined property: stdClass::$transkrip
#0 C:\laragon\www\spk2\app\Controllers\Berkas.php(46): CodeIgniter\Debug\Exceptions->errorHandler(8, 'Undefined prope...', 'C:\\laragon\\www\\...', 46, Array)
#1 C:\laragon\www\spk2\system\CodeIgniter.php(832): App\Controllers\Berkas->get_berkas()
#2 C:\laragon\www\spk2\system\CodeIgniter.php(419): CodeIgniter\CodeIgniter->runController(Object(App\Controllers\Berkas))
#3 C:\laragon\www\spk2\system\CodeIgniter.php(326): CodeIgniter\CodeIgniter->handleRequest(NULL, Object(Config\Cache), false)
#4 C:\laragon\www\spk2\index.php(37): CodeIgniter\CodeIgniter->run()
#5 {main}
CRITICAL - 2022-06-13 00:59:09 --> Call to undefined method CodeIgniter\Database\MySQLi\Builder::getResult()
#0 C:\laragon\www\spk2\app\Controllers\Berkas.php(40): App\Models\M_berkas->getBerkas2()
#1 C:\laragon\www\spk2\system\CodeIgniter.php(832): App\Controllers\Berkas->get_berkas()
#2 C:\laragon\www\spk2\system\CodeIgniter.php(419): CodeIgniter\CodeIgniter->runController(Object(App\Controllers\Berkas))
#3 C:\laragon\www\spk2\system\CodeIgniter.php(326): CodeIgniter\CodeIgniter->handleRequest(NULL, Object(Config\Cache), false)
#4 C:\laragon\www\spk2\index.php(37): CodeIgniter\CodeIgniter->run()
#5 {main}
CRITICAL - 2022-06-13 00:59:52 --> Undefined property: stdClass::$transkrip
#0 C:\laragon\www\spk2\app\Controllers\Berkas.php(46): CodeIgniter\Debug\Exceptions->errorHandler(8, 'Undefined prope...', 'C:\\laragon\\www\\...', 46, Array)
#1 C:\laragon\www\spk2\system\CodeIgniter.php(832): App\Controllers\Berkas->get_berkas()
#2 C:\laragon\www\spk2\system\CodeIgniter.php(419): CodeIgniter\CodeIgniter->runController(Object(App\Controllers\Berkas))
#3 C:\laragon\www\spk2\system\CodeIgniter.php(326): CodeIgniter\CodeIgniter->handleRequest(NULL, Object(Config\Cache), false)
#4 C:\laragon\www\spk2\index.php(37): CodeIgniter\CodeIgniter->run()
#5 {main}
CRITICAL - 2022-06-13 01:01:33 --> Undefined property: stdClass::$transkrip
#0 C:\laragon\www\spk2\app\Controllers\Berkas.php(46): CodeIgniter\Debug\Exceptions->errorHandler(8, 'Undefined prope...', 'C:\\laragon\\www\\...', 46, Array)
#1 C:\laragon\www\spk2\system\CodeIgniter.php(832): App\Controllers\Berkas->get_berkas()
#2 C:\laragon\www\spk2\system\CodeIgniter.php(419): CodeIgniter\CodeIgniter->runController(Object(App\Controllers\Berkas))
#3 C:\laragon\www\spk2\system\CodeIgniter.php(326): CodeIgniter\CodeIgniter->handleRequest(NULL, Object(Config\Cache), false)
#4 C:\laragon\www\spk2\index.php(37): CodeIgniter\CodeIgniter->run()
#5 {main}
CRITICAL - 2022-06-13 01:01:54 --> Undefined property: stdClass::$transkrip
#0 C:\laragon\www\spk2\app\Controllers\Berkas.php(46): CodeIgniter\Debug\Exceptions->errorHandler(8, 'Undefined prope...', 'C:\\laragon\\www\\...', 46, Array)
#1 C:\laragon\www\spk2\system\CodeIgniter.php(832): App\Controllers\Berkas->get_berkas()
#2 C:\laragon\www\spk2\system\CodeIgniter.php(419): CodeIgniter\CodeIgniter->runController(Object(App\Controllers\Berkas))
#3 C:\laragon\www\spk2\system\CodeIgniter.php(326): CodeIgniter\CodeIgniter->handleRequest(NULL, Object(Config\Cache), false)
#4 C:\laragon\www\spk2\index.php(37): CodeIgniter\CodeIgniter->run()
#5 {main}
CRITICAL - 2022-06-13 01:03:10 --> Undefined property: stdClass::$transkrip
#0 C:\laragon\www\spk2\app\Controllers\Berkas.php(46): CodeIgniter\Debug\Exceptions->errorHandler(8, 'Undefined prope...', 'C:\\laragon\\www\\...', 46, Array)
#1 C:\laragon\www\spk2\system\CodeIgniter.php(832): App\Controllers\Berkas->get_berkas()
#2 C:\laragon\www\spk2\system\CodeIgniter.php(419): CodeIgniter\CodeIgniter->runController(Object(App\Controllers\Berkas))
#3 C:\laragon\www\spk2\system\CodeIgniter.php(326): CodeIgniter\CodeIgniter->handleRequest(NULL, Object(Config\Cache), false)
#4 C:\laragon\www\spk2\index.php(37): CodeIgniter\CodeIgniter->run()
#5 {main}
CRITICAL - 2022-06-13 01:03:46 --> Undefined property: stdClass::$sertifikat
#0 C:\laragon\www\spk2\app\Controllers\Berkas.php(47): CodeIgniter\Debug\Exceptions->errorHandler(8, 'Undefined prope...', 'C:\\laragon\\www\\...', 47, Array)
#1 C:\laragon\www\spk2\system\CodeIgniter.php(832): App\Controllers\Berkas->get_berkas()
#2 C:\laragon\www\spk2\system\CodeIgniter.php(419): CodeIgniter\CodeIgniter->runController(Object(App\Controllers\Berkas))
#3 C:\laragon\www\spk2\system\CodeIgniter.php(326): CodeIgniter\CodeIgniter->handleRequest(NULL, Object(Config\Cache), false)
#4 C:\laragon\www\spk2\index.php(37): CodeIgniter\CodeIgniter->run()
#5 {main}
CRITICAL - 2022-06-13 01:04:56 --> Undefined property: stdClass::$id
#0 C:\laragon\www\spk2\app\Controllers\Berkas.php(45): CodeIgniter\Debug\Exceptions->errorHandler(8, 'Undefined prope...', 'C:\\laragon\\www\\...', 45, Array)
#1 C:\laragon\www\spk2\system\CodeIgniter.php(832): App\Controllers\Berkas->get_berkas()
#2 C:\laragon\www\spk2\system\CodeIgniter.php(419): CodeIgniter\CodeIgniter->runController(Object(App\Controllers\Berkas))
#3 C:\laragon\www\spk2\system\CodeIgniter.php(326): CodeIgniter\CodeIgniter->handleRequest(NULL, Object(Config\Cache), false)
#4 C:\laragon\www\spk2\index.php(37): CodeIgniter\CodeIgniter->run()
#5 {main}
CRITICAL - 2022-06-13 01:06:16 --> Undefined property: stdClass::$transkrip
#0 C:\laragon\www\spk2\app\Controllers\Berkas.php(46): CodeIgniter\Debug\Exceptions->errorHandler(8, 'Undefined prope...', 'C:\\laragon\\www\\...', 46, Array)
#1 C:\laragon\www\spk2\system\CodeIgniter.php(832): App\Controllers\Berkas->get_berkas()
#2 C:\laragon\www\spk2\system\CodeIgniter.php(419): CodeIgniter\CodeIgniter->runController(Object(App\Controllers\Berkas))
#3 C:\laragon\www\spk2\system\CodeIgniter.php(326): CodeIgniter\CodeIgniter->handleRequest(NULL, Object(Config\Cache), false)
#4 C:\laragon\www\spk2\index.php(37): CodeIgniter\CodeIgniter->run()
#5 {main}
CRITICAL - 2022-06-13 01:07:38 --> Undefined property: stdClass::$sertifikat
#0 C:\laragon\www\spk2\app\Controllers\Berkas.php(47): CodeIgniter\Debug\Exceptions->errorHandler(8, 'Undefined prope...', 'C:\\laragon\\www\\...', 47, Array)
#1 C:\laragon\www\spk2\system\CodeIgniter.php(832): App\Controllers\Berkas->get_berkas()
#2 C:\laragon\www\spk2\system\CodeIgniter.php(419): CodeIgniter\CodeIgniter->runController(Object(App\Controllers\Berkas))
#3 C:\laragon\www\spk2\system\CodeIgniter.php(326): CodeIgniter\CodeIgniter->handleRequest(NULL, Object(Config\Cache), false)
#4 C:\laragon\www\spk2\index.php(37): CodeIgniter\CodeIgniter->run()
#5 {main}
CRITICAL - 2022-06-13 01:08:29 --> Call to undefined method CodeIgniter\Database\MySQLi\Result::where()
#0 C:\laragon\www\spk2\system\CodeIgniter.php(832): App\Controllers\Berkas->get_berkas()
#1 C:\laragon\www\spk2\system\CodeIgniter.php(419): CodeIgniter\CodeIgniter->runController(Object(App\Controllers\Berkas))
#2 C:\laragon\www\spk2\system\CodeIgniter.php(326): CodeIgniter\CodeIgniter->handleRequest(NULL, Object(Config\Cache), false)
#3 C:\laragon\www\spk2\index.php(37): CodeIgniter\CodeIgniter->run()
#4 {main}
CRITICAL - 2022-06-13 01:10:10 --> You must set the database table to be used with your query.
#0 C:\laragon\www\spk2\system\Model.php(545): CodeIgniter\Database\BaseConnection->table(NULL)
#1 C:\laragon\www\spk2\system\Model.php(693): CodeIgniter\Model->builder()
#2 C:\laragon\www\spk2\app\Models\M_berkas.php(30): CodeIgniter\Model->__get('request')
#3 C:\laragon\www\spk2\app\Controllers\Berkas.php(40): App\Models\M_berkas->getBerkas2()
#4 C:\laragon\www\spk2\system\CodeIgniter.php(832): App\Controllers\Berkas->get_berkas()
#5 C:\laragon\www\spk2\system\CodeIgniter.php(419): CodeIgniter\CodeIgniter->runController(Object(App\Controllers\Berkas))
#6 C:\laragon\www\spk2\system\CodeIgniter.php(326): CodeIgniter\CodeIgniter->handleRequest(NULL, Object(Config\Cache), false)
#7 C:\laragon\www\spk2\index.php(37): CodeIgniter\CodeIgniter->run()
#8 {main}
CRITICAL - 2022-06-13 01:10:52 --> syntax error, unexpected '$builder' (T_VARIABLE)
#0 C:\laragon\www\spk2\system\Autoloader\Autoloader.php(241): CodeIgniter\Autoloader\Autoloader->includeFile('C:\\laragon\\www\\...')
#1 C:\laragon\www\spk2\system\Autoloader\Autoloader.php(219): CodeIgniter\Autoloader\Autoloader->loadInNamespace('App\\Models\\M_be...')
#2 [internal function]: CodeIgniter\Autoloader\Autoloader->loadClass('App\\Models\\M_be...')
#3 C:\laragon\www\spk2\app\Controllers\Berkas.php(16): spl_autoload_call('App\\Models\\M_be...')
#4 C:\laragon\www\spk2\system\CodeIgniter.php(832): App\Controllers\Berkas->show_berkas()
#5 C:\laragon\www\spk2\system\CodeIgniter.php(419): CodeIgniter\CodeIgniter->runController(Object(App\Controllers\Berkas))
#6 C:\laragon\www\spk2\system\CodeIgniter.php(326): CodeIgniter\CodeIgniter->handleRequest(NULL, Object(Config\Cache), false)
#7 C:\laragon\www\spk2\index.php(37): CodeIgniter\CodeIgniter->run()
#8 {main}
ERROR - 2022-06-13 01:11:03 --> Column 'id' in where clause is ambiguous
CRITICAL - 2022-06-13 01:11:03 --> Column 'id' in where clause is ambiguous
#0 C:\laragon\www\spk2\system\Database\MySQLi\Connection.php(292): mysqli->query('SELECT `a`.`id`...', 0)
#1 C:\laragon\www\spk2\system\Database\BaseConnection.php(670): CodeIgniter\Database\MySQLi\Connection->execute('SELECT `a`.`id`...')
#2 C:\laragon\www\spk2\system\Database\BaseConnection.php(598): CodeIgniter\Database\BaseConnection->simpleQuery('SELECT `a`.`id`...')
#3 C:\laragon\www\spk2\system\Database\BaseBuilder.php(1455): CodeIgniter\Database\BaseConnection->query('SELECT `a`.`id`...', Array, false)
#4 C:\laragon\www\spk2\app\Models\M_berkas.php(36): CodeIgniter\Database\BaseBuilder->get()
#5 C:\laragon\www\spk2\app\Controllers\Berkas.php(40): App\Models\M_berkas->getBerkas2()
#6 C:\laragon\www\spk2\system\CodeIgniter.php(832): App\Controllers\Berkas->get_berkas()
#7 C:\laragon\www\spk2\system\CodeIgniter.php(419): CodeIgniter\CodeIgniter->runController(Object(App\Controllers\Berkas))
#8 C:\laragon\www\spk2\system\CodeIgniter.php(326): CodeIgniter\CodeIgniter->handleRequest(NULL, Object(Config\Cache), false)
#9 C:\laragon\www\spk2\index.php(37): CodeIgniter\CodeIgniter->run()
#10 {main}
CRITICAL - 2022-06-13 01:11:27 --> Call to undefined method CodeIgniter\Database\MySQLi\Result::where()
#0 C:\laragon\www\spk2\system\CodeIgniter.php(832): App\Controllers\Berkas->get_berkas()
#1 C:\laragon\www\spk2\system\CodeIgniter.php(419): CodeIgniter\CodeIgniter->runController(Object(App\Controllers\Berkas))
#2 C:\laragon\www\spk2\system\CodeIgniter.php(326): CodeIgniter\CodeIgniter->handleRequest(NULL, Object(Config\Cache), false)
#3 C:\laragon\www\spk2\index.php(37): CodeIgniter\CodeIgniter->run()
#4 {main}
CRITICAL - 2022-06-13 01:12:14 --> Undefined variable: hasil
#0 C:\laragon\www\spk2\app\Controllers\Berkas.php(51): CodeIgniter\Debug\Exceptions->errorHandler(8, 'Undefined varia...', 'C:\\laragon\\www\\...', 51, Array)
#1 C:\laragon\www\spk2\system\CodeIgniter.php(832): App\Controllers\Berkas->get_berkas()
#2 C:\laragon\www\spk2\system\CodeIgniter.php(419): CodeIgniter\CodeIgniter->runController(Object(App\Controllers\Berkas))
#3 C:\laragon\www\spk2\system\CodeIgniter.php(326): CodeIgniter\CodeIgniter->handleRequest(NULL, Object(Config\Cache), false)
#4 C:\laragon\www\spk2\index.php(37): CodeIgniter\CodeIgniter->run()
#5 {main}
CRITICAL - 2022-06-13 01:16:12 --> Undefined variable: hasil
#0 C:\laragon\www\spk2\app\Controllers\Berkas.php(51): CodeIgniter\Debug\Exceptions->errorHandler(8, 'Undefined varia...', 'C:\\laragon\\www\\...', 51, Array)
#1 C:\laragon\www\spk2\system\CodeIgniter.php(832): App\Controllers\Berkas->get_berkas()
#2 C:\laragon\www\spk2\system\CodeIgniter.php(419): CodeIgniter\CodeIgniter->runController(Object(App\Controllers\Berkas))
#3 C:\laragon\www\spk2\system\CodeIgniter.php(326): CodeIgniter\CodeIgniter->handleRequest(NULL, Object(Config\Cache), false)
#4 C:\laragon\www\spk2\index.php(37): CodeIgniter\CodeIgniter->run()
#5 {main}
CRITICAL - 2022-06-13 01:16:17 --> Undefined variable: hasil
#0 C:\laragon\www\spk2\app\Controllers\Berkas.php(51): CodeIgniter\Debug\Exceptions->errorHandler(8, 'Undefined varia...', 'C:\\laragon\\www\\...', 51, Array)
#1 C:\laragon\www\spk2\system\CodeIgniter.php(832): App\Controllers\Berkas->get_berkas()
#2 C:\laragon\www\spk2\system\CodeIgniter.php(419): CodeIgniter\CodeIgniter->runController(Object(App\Controllers\Berkas))
#3 C:\laragon\www\spk2\system\CodeIgniter.php(326): CodeIgniter\CodeIgniter->handleRequest(NULL, Object(Config\Cache), false)
#4 C:\laragon\www\spk2\index.php(37): CodeIgniter\CodeIgniter->run()
#5 {main}
CRITICAL - 2022-06-13 01:21:42 --> Call to undefined method CodeIgniter\Database\MySQLi\Result::countAllResults()
#0 C:\laragon\www\spk2\system\CodeIgniter.php(832): App\Controllers\Berkas->get_berkas()
#1 C:\laragon\www\spk2\system\CodeIgniter.php(419): CodeIgniter\CodeIgniter->runController(Object(App\Controllers\Berkas))
#2 C:\laragon\www\spk2\system\CodeIgniter.php(326): CodeIgniter\CodeIgniter->handleRequest(NULL, Object(Config\Cache), false)
#3 C:\laragon\www\spk2\index.php(37): CodeIgniter\CodeIgniter->run()
#4 {main}
CRITICAL - 2022-06-13 01:34:25 --> syntax error, unexpected end of file
#0 C:\laragon\www\spk2\system\View\View.php(213): CodeIgniter\View\View->CodeIgniter\View\{closure}()
#1 C:\laragon\www\spk2\system\View\View.php(424): CodeIgniter\View\View->render('layout/sidebar', NULL, true)
#2 C:\laragon\www\spk2\app\Views\layout\index.php(4): CodeIgniter\View\View->include('layout/sidebar')
#3 C:\laragon\www\spk2\system\View\View.php(210): include('C:\\laragon\\www\\...')
#4 C:\laragon\www\spk2\system\View\View.php(213): CodeIgniter\View\View->CodeIgniter\View\{closure}()
#5 C:\laragon\www\spk2\system\View\View.php(226): CodeIgniter\View\View->render('layout/index', Array, true)
#6 C:\laragon\www\spk2\system\Common.php(1089): CodeIgniter\View\View->render('page/berkas_mah...', Array, true)
#7 C:\laragon\www\spk2\app\Controllers\Home.php(20): view('page/berkas_mah...')
#8 C:\laragon\www\spk2\system\CodeIgniter.php(832): App\Controllers\Home->berkas_mahasiswa()
#9 C:\laragon\www\spk2\system\CodeIgniter.php(419): CodeIgniter\CodeIgniter->runController(Object(App\Controllers\Home))
#10 C:\laragon\www\spk2\system\CodeIgniter.php(326): CodeIgniter\CodeIgniter->handleRequest(NULL, Object(Config\Cache), false)
#11 C:\laragon\www\spk2\index.php(37): CodeIgniter\CodeIgniter->run()
#12 {main}
CRITICAL - 2022-06-13 01:34:36 --> syntax error, unexpected end of file
#0 C:\laragon\www\spk2\system\View\View.php(213): CodeIgniter\View\View->CodeIgniter\View\{closure}()
#1 C:\laragon\www\spk2\system\View\View.php(424): CodeIgniter\View\View->render('layout/sidebar', NULL, true)
#2 C:\laragon\www\spk2\app\Views\layout\index.php(4): CodeIgniter\View\View->include('layout/sidebar')
#3 C:\laragon\www\spk2\system\View\View.php(210): include('C:\\laragon\\www\\...')
#4 C:\laragon\www\spk2\system\View\View.php(213): CodeIgniter\View\View->CodeIgniter\View\{closure}()
#5 C:\laragon\www\spk2\system\View\View.php(226): CodeIgniter\View\View->render('layout/index', Array, true)
#6 C:\laragon\www\spk2\system\Common.php(1089): CodeIgniter\View\View->render('page/berkas_mah...', Array, true)
#7 C:\laragon\www\spk2\app\Controllers\Home.php(20): view('page/berkas_mah...')
#8 C:\laragon\www\spk2\system\CodeIgniter.php(832): App\Controllers\Home->berkas_mahasiswa()
#9 C:\laragon\www\spk2\system\CodeIgniter.php(419): CodeIgniter\CodeIgniter->runController(Object(App\Controllers\Home))
#10 C:\laragon\www\spk2\system\CodeIgniter.php(326): CodeIgniter\CodeIgniter->handleRequest(NULL, Object(Config\Cache), false)
#11 C:\laragon\www\spk2\index.php(37): CodeIgniter\CodeIgniter->run()
#12 {main}
CRITICAL - 2022-06-13 01:35:35 --> syntax error, unexpected end of file
#0 C:\laragon\www\spk2\system\View\View.php(213): CodeIgniter\View\View->CodeIgniter\View\{closure}()
#1 C:\laragon\www\spk2\system\View\View.php(424): CodeIgniter\View\View->render('layout/sidebar', NULL, true)
#2 C:\laragon\www\spk2\app\Views\layout\index.php(4): CodeIgniter\View\View->include('layout/sidebar')
#3 C:\laragon\www\spk2\system\View\View.php(210): include('C:\\laragon\\www\\...')
#4 C:\laragon\www\spk2\system\View\View.php(213): CodeIgniter\View\View->CodeIgniter\View\{closure}()
#5 C:\laragon\www\spk2\system\View\View.php(226): CodeIgniter\View\View->render('layout/index', Array, true)
#6 C:\laragon\www\spk2\system\Common.php(1089): CodeIgniter\View\View->render('page/berkas_mah...', Array, true)
#7 C:\laragon\www\spk2\app\Controllers\Home.php(20): view('page/berkas_mah...')
#8 C:\laragon\www\spk2\system\CodeIgniter.php(832): App\Controllers\Home->berkas_mahasiswa()
#9 C:\laragon\www\spk2\system\CodeIgniter.php(419): CodeIgniter\CodeIgniter->runController(Object(App\Controllers\Home))
#10 C:\laragon\www\spk2\system\CodeIgniter.php(326): CodeIgniter\CodeIgniter->handleRequest(NULL, Object(Config\Cache), false)
#11 C:\laragon\www\spk2\index.php(37): CodeIgniter\CodeIgniter->run()
#12 {main}
CRITICAL - 2022-06-13 01:35:38 --> syntax error, unexpected end of file
#0 C:\laragon\www\spk2\system\View\View.php(213): CodeIgniter\View\View->CodeIgniter\View\{closure}()
#1 C:\laragon\www\spk2\system\View\View.php(424): CodeIgniter\View\View->render('layout/sidebar', NULL, true)
#2 C:\laragon\www\spk2\app\Views\layout\index.php(4): CodeIgniter\View\View->include('layout/sidebar')
#3 C:\laragon\www\spk2\system\View\View.php(210): include('C:\\laragon\\www\\...')
#4 C:\laragon\www\spk2\system\View\View.php(213): CodeIgniter\View\View->CodeIgniter\View\{closure}()
#5 C:\laragon\www\spk2\system\View\View.php(226): CodeIgniter\View\View->render('layout/index', Array, true)
#6 C:\laragon\www\spk2\system\Common.php(1089): CodeIgniter\View\View->render('page/berkas_mah...', Array, true)
#7 C:\laragon\www\spk2\app\Controllers\Home.php(20): view('page/berkas_mah...')
#8 C:\laragon\www\spk2\system\CodeIgniter.php(832): App\Controllers\Home->berkas_mahasiswa()
#9 C:\laragon\www\spk2\system\CodeIgniter.php(419): CodeIgniter\CodeIgniter->runController(Object(App\Controllers\Home))
#10 C:\laragon\www\spk2\system\CodeIgniter.php(326): CodeIgniter\CodeIgniter->handleRequest(NULL, Object(Config\Cache), false)
#11 C:\laragon\www\spk2\index.php(37): CodeIgniter\CodeIgniter->run()
#12 {main}
CRITICAL - 2022-06-13 01:36:33 --> syntax error, unexpected end of file
#0 C:\laragon\www\spk2\system\View\View.php(213): CodeIgniter\View\View->CodeIgniter\View\{closure}()
#1 C:\laragon\www\spk2\system\View\View.php(424): CodeIgniter\View\View->render('layout/sidebar', NULL, true)
#2 C:\laragon\www\spk2\app\Views\layout\index.php(4): CodeIgniter\View\View->include('layout/sidebar')
#3 C:\laragon\www\spk2\system\View\View.php(210): include('C:\\laragon\\www\\...')
#4 C:\laragon\www\spk2\system\View\View.php(213): CodeIgniter\View\View->CodeIgniter\View\{closure}()
#5 C:\laragon\www\spk2\system\View\View.php(226): CodeIgniter\View\View->render('layout/index', Array, true)
#6 C:\laragon\www\spk2\system\Common.php(1089): CodeIgniter\View\View->render('page/berkas_mah...', Array, true)
#7 C:\laragon\www\spk2\app\Controllers\Home.php(20): view('page/berkas_mah...')
#8 C:\laragon\www\spk2\system\CodeIgniter.php(832): App\Controllers\Home->berkas_mahasiswa()
#9 C:\laragon\www\spk2\system\CodeIgniter.php(419): CodeIgniter\CodeIgniter->runController(Object(App\Controllers\Home))
#10 C:\laragon\www\spk2\system\CodeIgniter.php(326): CodeIgniter\CodeIgniter->handleRequest(NULL, Object(Config\Cache), false)
#11 C:\laragon\www\spk2\index.php(37): CodeIgniter\CodeIgniter->run()
#12 {main}
CRITICAL - 2022-06-13 01:37:00 --> syntax error, unexpected ';'
#0 C:\laragon\www\spk2\system\View\View.php(213): CodeIgniter\View\View->CodeIgniter\View\{closure}()
#1 C:\laragon\www\spk2\system\View\View.php(424): CodeIgniter\View\View->render('layout/sidebar', NULL, true)
#2 C:\laragon\www\spk2\app\Views\layout\index.php(4): CodeIgniter\View\View->include('layout/sidebar')
#3 C:\laragon\www\spk2\system\View\View.php(210): include('C:\\laragon\\www\\...')
#4 C:\laragon\www\spk2\system\View\View.php(213): CodeIgniter\View\View->CodeIgniter\View\{closure}()
#5 C:\laragon\www\spk2\system\View\View.php(226): CodeIgniter\View\View->render('layout/index', Array, true)
#6 C:\laragon\www\spk2\system\Common.php(1089): CodeIgniter\View\View->render('page/berkas_mah...', Array, true)
#7 C:\laragon\www\spk2\app\Controllers\Home.php(20): view('page/berkas_mah...')
#8 C:\laragon\www\spk2\system\CodeIgniter.php(832): App\Controllers\Home->berkas_mahasiswa()
#9 C:\laragon\www\spk2\system\CodeIgniter.php(419): CodeIgniter\CodeIgniter->runController(Object(App\Controllers\Home))
#10 C:\laragon\www\spk2\system\CodeIgniter.php(326): CodeIgniter\CodeIgniter->handleRequest(NULL, Object(Config\Cache), false)
#11 C:\laragon\www\spk2\index.php(37): CodeIgniter\CodeIgniter->run()
#12 {main}
CRITICAL - 2022-06-13 01:37:23 --> syntax error, unexpected end of file
#0 C:\laragon\www\spk2\system\View\View.php(213): CodeIgniter\View\View->CodeIgniter\View\{closure}()
#1 C:\laragon\www\spk2\system\View\View.php(424): CodeIgniter\View\View->render('layout/sidebar', NULL, true)
#2 C:\laragon\www\spk2\app\Views\layout\index.php(4): CodeIgniter\View\View->include('layout/sidebar')
#3 C:\laragon\www\spk2\system\View\View.php(210): include('C:\\laragon\\www\\...')
#4 C:\laragon\www\spk2\system\View\View.php(213): CodeIgniter\View\View->CodeIgniter\View\{closure}()
#5 C:\laragon\www\spk2\system\View\View.php(226): CodeIgniter\View\View->render('layout/index', Array, true)
#6 C:\laragon\www\spk2\system\Common.php(1089): CodeIgniter\View\View->render('page/berkas_mah...', Array, true)
#7 C:\laragon\www\spk2\app\Controllers\Home.php(20): view('page/berkas_mah...')
#8 C:\laragon\www\spk2\system\CodeIgniter.php(832): App\Controllers\Home->berkas_mahasiswa()
#9 C:\laragon\www\spk2\system\CodeIgniter.php(419): CodeIgniter\CodeIgniter->runController(Object(App\Controllers\Home))
#10 C:\laragon\www\spk2\system\CodeIgniter.php(326): CodeIgniter\CodeIgniter->handleRequest(NULL, Object(Config\Cache), false)
#11 C:\laragon\www\spk2\index.php(37): CodeIgniter\CodeIgniter->run()
#12 {main}
CRITICAL - 2022-06-13 01:37:35 --> syntax error, unexpected end of file
#0 C:\laragon\www\spk2\system\View\View.php(213): CodeIgniter\View\View->CodeIgniter\View\{closure}()
#1 C:\laragon\www\spk2\system\View\View.php(424): CodeIgniter\View\View->render('layout/sidebar', NULL, true)
#2 C:\laragon\www\spk2\app\Views\layout\index.php(4): CodeIgniter\View\View->include('layout/sidebar')
#3 C:\laragon\www\spk2\system\View\View.php(210): include('C:\\laragon\\www\\...')
#4 C:\laragon\www\spk2\system\View\View.php(213): CodeIgniter\View\View->CodeIgniter\View\{closure}()
#5 C:\laragon\www\spk2\system\View\View.php(226): CodeIgniter\View\View->render('layout/index', Array, true)
#6 C:\laragon\www\spk2\system\Common.php(1089): CodeIgniter\View\View->render('page/berkas_mah...', Array, true)
#7 C:\laragon\www\spk2\app\Controllers\Home.php(20): view('page/berkas_mah...')
#8 C:\laragon\www\spk2\system\CodeIgniter.php(832): App\Controllers\Home->berkas_mahasiswa()
#9 C:\laragon\www\spk2\system\CodeIgniter.php(419): CodeIgniter\CodeIgniter->runController(Object(App\Controllers\Home))
#10 C:\laragon\www\spk2\system\CodeIgniter.php(326): CodeIgniter\CodeIgniter->handleRequest(NULL, Object(Config\Cache), false)
#11 C:\laragon\www\spk2\index.php(37): CodeIgniter\CodeIgniter->run()
#12 {main}
CRITICAL - 2022-06-13 01:38:41 --> syntax error, unexpected end of file
#0 C:\laragon\www\spk2\system\View\View.php(213): CodeIgniter\View\View->CodeIgniter\View\{closure}()
#1 C:\laragon\www\spk2\system\View\View.php(424): CodeIgniter\View\View->render('layout/sidebar', NULL, true)
#2 C:\laragon\www\spk2\app\Views\layout\index.php(4): CodeIgniter\View\View->include('layout/sidebar')
#3 C:\laragon\www\spk2\system\View\View.php(210): include('C:\\laragon\\www\\...')
#4 C:\laragon\www\spk2\system\View\View.php(213): CodeIgniter\View\View->CodeIgniter\View\{closure}()
#5 C:\laragon\www\spk2\system\View\View.php(226): CodeIgniter\View\View->render('layout/index', Array, true)
#6 C:\laragon\www\spk2\system\Common.php(1089): CodeIgniter\View\View->render('page/berkas_mah...', Array, true)
#7 C:\laragon\www\spk2\app\Controllers\Home.php(20): view('page/berkas_mah...')
#8 C:\laragon\www\spk2\system\CodeIgniter.php(832): App\Controllers\Home->berkas_mahasiswa()
#9 C:\laragon\www\spk2\system\CodeIgniter.php(419): CodeIgniter\CodeIgniter->runController(Object(App\Controllers\Home))
#10 C:\laragon\www\spk2\system\CodeIgniter.php(326): CodeIgniter\CodeIgniter->handleRequest(NULL, Object(Config\Cache), false)
#11 C:\laragon\www\spk2\index.php(37): CodeIgniter\CodeIgniter->run()
#12 {main}
CRITICAL - 2022-06-13 01:39:05 --> syntax error, unexpected end of file
#0 C:\laragon\www\spk2\system\View\View.php(213): CodeIgniter\View\View->CodeIgniter\View\{closure}()
#1 C:\laragon\www\spk2\system\View\View.php(424): CodeIgniter\View\View->render('layout/sidebar', NULL, true)
#2 C:\laragon\www\spk2\app\Views\layout\index.php(4): CodeIgniter\View\View->include('layout/sidebar')
#3 C:\laragon\www\spk2\system\View\View.php(210): include('C:\\laragon\\www\\...')
#4 C:\laragon\www\spk2\system\View\View.php(213): CodeIgniter\View\View->CodeIgniter\View\{closure}()
#5 C:\laragon\www\spk2\system\View\View.php(226): CodeIgniter\View\View->render('layout/index', Array, true)
#6 C:\laragon\www\spk2\system\Common.php(1089): CodeIgniter\View\View->render('page/berkas_mah...', Array, true)
#7 C:\laragon\www\spk2\app\Controllers\Home.php(20): view('page/berkas_mah...')
#8 C:\laragon\www\spk2\system\CodeIgniter.php(832): App\Controllers\Home->berkas_mahasiswa()
#9 C:\laragon\www\spk2\system\CodeIgniter.php(419): CodeIgniter\CodeIgniter->runController(Object(App\Controllers\Home))
#10 C:\laragon\www\spk2\system\CodeIgniter.php(326): CodeIgniter\CodeIgniter->handleRequest(NULL, Object(Config\Cache), false)
#11 C:\laragon\www\spk2\index.php(37): CodeIgniter\CodeIgniter->run()
#12 {main}
CRITICAL - 2022-06-13 01:39:47 --> syntax error, unexpected end of file
#0 C:\laragon\www\spk2\system\View\View.php(213): CodeIgniter\View\View->CodeIgniter\View\{closure}()
#1 C:\laragon\www\spk2\system\View\View.php(424): CodeIgniter\View\View->render('layout/sidebar', NULL, true)
#2 C:\laragon\www\spk2\app\Views\layout\index.php(4): CodeIgniter\View\View->include('layout/sidebar')
#3 C:\laragon\www\spk2\system\View\View.php(210): include('C:\\laragon\\www\\...')
#4 C:\laragon\www\spk2\system\View\View.php(213): CodeIgniter\View\View->CodeIgniter\View\{closure}()
#5 C:\laragon\www\spk2\system\View\View.php(226): CodeIgniter\View\View->render('layout/index', Array, true)
#6 C:\laragon\www\spk2\system\Common.php(1089): CodeIgniter\View\View->render('page/berkas_mah...', Array, true)
#7 C:\laragon\www\spk2\app\Controllers\Home.php(20): view('page/berkas_mah...')
#8 C:\laragon\www\spk2\system\CodeIgniter.php(832): App\Controllers\Home->berkas_mahasiswa()
#9 C:\laragon\www\spk2\system\CodeIgniter.php(419): CodeIgniter\CodeIgniter->runController(Object(App\Controllers\Home))
#10 C:\laragon\www\spk2\system\CodeIgniter.php(326): CodeIgniter\CodeIgniter->handleRequest(NULL, Object(Config\Cache), false)
#11 C:\laragon\www\spk2\index.php(37): CodeIgniter\CodeIgniter->run()
#12 {main}
CRITICAL - 2022-06-13 01:40:11 --> syntax error, unexpected end of file
#0 C:\laragon\www\spk2\system\View\View.php(213): CodeIgniter\View\View->CodeIgniter\View\{closure}()
#1 C:\laragon\www\spk2\system\View\View.php(424): CodeIgniter\View\View->render('layout/sidebar', NULL, true)
#2 C:\laragon\www\spk2\app\Views\layout\index.php(4): CodeIgniter\View\View->include('layout/sidebar')
#3 C:\laragon\www\spk2\system\View\View.php(210): include('C:\\laragon\\www\\...')
#4 C:\laragon\www\spk2\system\View\View.php(213): CodeIgniter\View\View->CodeIgniter\View\{closure}()
#5 C:\laragon\www\spk2\system\View\View.php(226): CodeIgniter\View\View->render('layout/index', Array, true)
#6 C:\laragon\www\spk2\system\Common.php(1089): CodeIgniter\View\View->render('page/berkas_mah...', Array, true)
#7 C:\laragon\www\spk2\app\Controllers\Home.php(20): view('page/berkas_mah...')
#8 C:\laragon\www\spk2\system\CodeIgniter.php(832): App\Controllers\Home->berkas_mahasiswa()
#9 C:\laragon\www\spk2\system\CodeIgniter.php(419): CodeIgniter\CodeIgniter->runController(Object(App\Controllers\Home))
#10 C:\laragon\www\spk2\system\CodeIgniter.php(326): CodeIgniter\CodeIgniter->handleRequest(NULL, Object(Config\Cache), false)
#11 C:\laragon\www\spk2\index.php(37): CodeIgniter\CodeIgniter->run()
#12 {main}
CRITICAL - 2022-06-13 01:40:25 --> syntax error, unexpected end of file
#0 C:\laragon\www\spk2\system\View\View.php(213): CodeIgniter\View\View->CodeIgniter\View\{closure}()
#1 C:\laragon\www\spk2\system\View\View.php(424): CodeIgniter\View\View->render('layout/sidebar', NULL, true)
#2 C:\laragon\www\spk2\app\Views\layout\index.php(4): CodeIgniter\View\View->include('layout/sidebar')
#3 C:\laragon\www\spk2\system\View\View.php(210): include('C:\\laragon\\www\\...')
#4 C:\laragon\www\spk2\system\View\View.php(213): CodeIgniter\View\View->CodeIgniter\View\{closure}()
#5 C:\laragon\www\spk2\system\View\View.php(226): CodeIgniter\View\View->render('layout/index', Array, true)
#6 C:\laragon\www\spk2\system\Common.php(1089): CodeIgniter\View\View->render('page/berkas_mah...', Array, true)
#7 C:\laragon\www\spk2\app\Controllers\Home.php(20): view('page/berkas_mah...')
#8 C:\laragon\www\spk2\system\CodeIgniter.php(832): App\Controllers\Home->berkas_mahasiswa()
#9 C:\laragon\www\spk2\system\CodeIgniter.php(419): CodeIgniter\CodeIgniter->runController(Object(App\Controllers\Home))
#10 C:\laragon\www\spk2\system\CodeIgniter.php(326): CodeIgniter\CodeIgniter->handleRequest(NULL, Object(Config\Cache), false)
#11 C:\laragon\www\spk2\index.php(37): CodeIgniter\CodeIgniter->run()
#12 {main}
CRITICAL - 2022-06-13 01:40:54 --> syntax error, unexpected end of file
#0 C:\laragon\www\spk2\system\View\View.php(213): CodeIgniter\View\View->CodeIgniter\View\{closure}()
#1 C:\laragon\www\spk2\system\View\View.php(424): CodeIgniter\View\View->render('layout/sidebar', NULL, true)
#2 C:\laragon\www\spk2\app\Views\layout\index.php(4): CodeIgniter\View\View->include('layout/sidebar')
#3 C:\laragon\www\spk2\system\View\View.php(210): include('C:\\laragon\\www\\...')
#4 C:\laragon\www\spk2\system\View\View.php(213): CodeIgniter\View\View->CodeIgniter\View\{closure}()
#5 C:\laragon\www\spk2\system\View\View.php(226): CodeIgniter\View\View->render('layout/index', Array, true)
#6 C:\laragon\www\spk2\system\Common.php(1089): CodeIgniter\View\View->render('page/berkas_mah...', Array, true)
#7 C:\laragon\www\spk2\app\Controllers\Home.php(20): view('page/berkas_mah...')
#8 C:\laragon\www\spk2\system\CodeIgniter.php(832): App\Controllers\Home->berkas_mahasiswa()
#9 C:\laragon\www\spk2\system\CodeIgniter.php(419): CodeIgniter\CodeIgniter->runController(Object(App\Controllers\Home))
#10 C:\laragon\www\spk2\system\CodeIgniter.php(326): CodeIgniter\CodeIgniter->handleRequest(NULL, Object(Config\Cache), false)
#11 C:\laragon\www\spk2\index.php(37): CodeIgniter\CodeIgniter->run()
#12 {main}
CRITICAL - 2022-06-13 01:42:48 --> syntax error, unexpected end of file
#0 C:\laragon\www\spk2\system\View\View.php(213): CodeIgniter\View\View->CodeIgniter\View\{closure}()
#1 C:\laragon\www\spk2\system\View\View.php(424): CodeIgniter\View\View->render('layout/sidebar', NULL, true)
#2 C:\laragon\www\spk2\app\Views\layout\index.php(4): CodeIgniter\View\View->include('layout/sidebar')
#3 C:\laragon\www\spk2\system\View\View.php(210): include('C:\\laragon\\www\\...')
#4 C:\laragon\www\spk2\system\View\View.php(213): CodeIgniter\View\View->CodeIgniter\View\{closure}()
#5 C:\laragon\www\spk2\system\View\View.php(226): CodeIgniter\View\View->render('layout/index', Array, true)
#6 C:\laragon\www\spk2\system\Common.php(1089): CodeIgniter\View\View->render('page/berkas_mah...', Array, true)
#7 C:\laragon\www\spk2\app\Controllers\Home.php(20): view('page/berkas_mah...')
#8 C:\laragon\www\spk2\system\CodeIgniter.php(832): App\Controllers\Home->berkas_mahasiswa()
#9 C:\laragon\www\spk2\system\CodeIgniter.php(419): CodeIgniter\CodeIgniter->runController(Object(App\Controllers\Home))
#10 C:\laragon\www\spk2\system\CodeIgniter.php(326): CodeIgniter\CodeIgniter->handleRequest(NULL, Object(Config\Cache), false)
#11 C:\laragon\www\spk2\index.php(37): CodeIgniter\CodeIgniter->run()
#12 {main}
