CRITICAL - 2022-03-28 05:00:52 --> Invalid file: /page/userprofile.php
#0 C:\laragon\www\spk2\system\View\View.php(198): CodeIgniter\Exceptions\FrameworkException::forInvalidFile('/page/userprofi...')
#1 C:\laragon\www\spk2\system\Common.php(1089): CodeIgniter\View\View->render('/page/userprofi...', Array, true)
#2 C:\laragon\www\spk2\app\Controllers\User.php(28): view('/page/userprofi...', Array)
#3 C:\laragon\www\spk2\system\CodeIgniter.php(832): App\Controllers\User->userprofile()
#4 C:\laragon\www\spk2\system\CodeIgniter.php(419): CodeIgniter\CodeIgniter->runController(Object(App\Controllers\User))
#5 C:\laragon\www\spk2\system\CodeIgniter.php(326): CodeIgniter\CodeIgniter->handleRequest(NULL, Object(Config\Cache), false)
#6 C:\laragon\www\spk2\index.php(37): CodeIgniter\CodeIgniter->run()
#7 {main}
CRITICAL - 2022-03-28 05:01:50 --> Invalid file: /page/userprofile.php
#0 C:\laragon\www\spk2\system\View\View.php(198): CodeIgniter\Exceptions\FrameworkException::forInvalidFile('/page/userprofi...')
#1 C:\laragon\www\spk2\system\Common.php(1089): CodeIgniter\View\View->render('/page/userprofi...', Array, true)
#2 C:\laragon\www\spk2\app\Controllers\User.php(28): view('/page/userprofi...', Array)
#3 C:\laragon\www\spk2\system\CodeIgniter.php(832): App\Controllers\User->userprofile()
#4 C:\laragon\www\spk2\system\CodeIgniter.php(419): CodeIgniter\CodeIgniter->runController(Object(App\Controllers\User))
#5 C:\laragon\www\spk2\system\CodeIgniter.php(326): CodeIgniter\CodeIgniter->handleRequest(NULL, Object(Config\Cache), false)
#6 C:\laragon\www\spk2\index.php(37): CodeIgniter\CodeIgniter->run()
#7 {main}
CRITICAL - 2022-03-28 05:05:42 --> Invalid file: /page/userprofile.php
#0 C:\laragon\www\spk2\system\View\View.php(198): CodeIgniter\Exceptions\FrameworkException::forInvalidFile('/page/userprofi...')
#1 C:\laragon\www\spk2\system\Common.php(1089): CodeIgniter\View\View->render('/page/userprofi...', Array, true)
#2 C:\laragon\www\spk2\app\Controllers\User.php(28): view('/page/userprofi...', Array)
#3 C:\laragon\www\spk2\system\CodeIgniter.php(832): App\Controllers\User->userprofile()
#4 C:\laragon\www\spk2\system\CodeIgniter.php(419): CodeIgniter\CodeIgniter->runController(Object(App\Controllers\User))
#5 C:\laragon\www\spk2\system\CodeIgniter.php(326): CodeIgniter\CodeIgniter->handleRequest(NULL, Object(Config\Cache), false)
#6 C:\laragon\www\spk2\index.php(37): CodeIgniter\CodeIgniter->run()
#7 {main}
CRITICAL - 2022-03-28 05:12:24 --> Trying to get property 'email' of non-object
#0 C:\laragon\www\spk2\app\Views\page\userprofile.php(63): CodeIgniter\Debug\Exceptions->errorHandler(8, 'Trying to get p...', 'C:\\laragon\\www\\...', 63, Array)
#1 C:\laragon\www\spk2\system\View\View.php(210): include('C:\\laragon\\www\\...')
#2 C:\laragon\www\spk2\system\View\View.php(213): CodeIgniter\View\View->CodeIgniter\View\{closure}()
#3 C:\laragon\www\spk2\system\Common.php(1089): CodeIgniter\View\View->render('/page/userprofi...', Array, true)
#4 C:\laragon\www\spk2\app\Controllers\User.php(28): view('/page/userprofi...', Array)
#5 C:\laragon\www\spk2\system\CodeIgniter.php(832): App\Controllers\User->userprofile()
#6 C:\laragon\www\spk2\system\CodeIgniter.php(419): CodeIgniter\CodeIgniter->runController(Object(App\Controllers\User))
#7 C:\laragon\www\spk2\system\CodeIgniter.php(326): CodeIgniter\CodeIgniter->handleRequest(NULL, Object(Config\Cache), false)
#8 C:\laragon\www\spk2\index.php(37): CodeIgniter\CodeIgniter->run()
#9 {main}
CRITICAL - 2022-03-28 05:13:04 --> Trying to get property 'email' of non-object
#0 C:\laragon\www\spk2\app\Views\page\userprofile.php(63): CodeIgniter\Debug\Exceptions->errorHandler(8, 'Trying to get p...', 'C:\\laragon\\www\\...', 63, Array)
#1 C:\laragon\www\spk2\system\View\View.php(210): include('C:\\laragon\\www\\...')
#2 C:\laragon\www\spk2\system\View\View.php(213): CodeIgniter\View\View->CodeIgniter\View\{closure}()
#3 C:\laragon\www\spk2\system\Common.php(1089): CodeIgniter\View\View->render('/page/userprofi...', Array, true)
#4 C:\laragon\www\spk2\app\Controllers\User.php(28): view('/page/userprofi...', Array)
#5 C:\laragon\www\spk2\system\CodeIgniter.php(832): App\Controllers\User->userprofile()
#6 C:\laragon\www\spk2\system\CodeIgniter.php(419): CodeIgniter\CodeIgniter->runController(Object(App\Controllers\User))
#7 C:\laragon\www\spk2\system\CodeIgniter.php(326): CodeIgniter\CodeIgniter->handleRequest(NULL, Object(Config\Cache), false)
#8 C:\laragon\www\spk2\index.php(37): CodeIgniter\CodeIgniter->run()
#9 {main}
CRITICAL - 2022-03-28 05:13:14 --> Trying to get property 'email' of non-object
#0 C:\laragon\www\spk2\app\Views\page\userprofile.php(63): CodeIgniter\Debug\Exceptions->errorHandler(8, 'Trying to get p...', 'C:\\laragon\\www\\...', 63, Array)
#1 C:\laragon\www\spk2\system\View\View.php(210): include('C:\\laragon\\www\\...')
#2 C:\laragon\www\spk2\system\View\View.php(213): CodeIgniter\View\View->CodeIgniter\View\{closure}()
#3 C:\laragon\www\spk2\system\Common.php(1089): CodeIgniter\View\View->render('/page/userprofi...', Array, true)
#4 C:\laragon\www\spk2\app\Controllers\User.php(28): view('/page/userprofi...', Array)
#5 C:\laragon\www\spk2\system\CodeIgniter.php(832): App\Controllers\User->userprofile()
#6 C:\laragon\www\spk2\system\CodeIgniter.php(419): CodeIgniter\CodeIgniter->runController(Object(App\Controllers\User))
#7 C:\laragon\www\spk2\system\CodeIgniter.php(326): CodeIgniter\CodeIgniter->handleRequest(NULL, Object(Config\Cache), false)
#8 C:\laragon\www\spk2\index.php(37): CodeIgniter\CodeIgniter->run()
#9 {main}
CRITICAL - 2022-03-28 05:13:45 --> Trying to get property 'email' of non-object
#0 C:\laragon\www\spk2\app\Views\page\userprofile.php(63): CodeIgniter\Debug\Exceptions->errorHandler(8, 'Trying to get p...', 'C:\\laragon\\www\\...', 63, Array)
#1 C:\laragon\www\spk2\system\View\View.php(210): include('C:\\laragon\\www\\...')
#2 C:\laragon\www\spk2\system\View\View.php(213): CodeIgniter\View\View->CodeIgniter\View\{closure}()
#3 C:\laragon\www\spk2\system\Common.php(1089): CodeIgniter\View\View->render('/page/userprofi...', Array, true)
#4 C:\laragon\www\spk2\app\Controllers\User.php(28): view('/page/userprofi...', Array)
#5 C:\laragon\www\spk2\system\CodeIgniter.php(832): App\Controllers\User->userprofile()
#6 C:\laragon\www\spk2\system\CodeIgniter.php(419): CodeIgniter\CodeIgniter->runController(Object(App\Controllers\User))
#7 C:\laragon\www\spk2\system\CodeIgniter.php(326): CodeIgniter\CodeIgniter->handleRequest(NULL, Object(Config\Cache), false)
#8 C:\laragon\www\spk2\index.php(37): CodeIgniter\CodeIgniter->run()
#9 {main}
CRITICAL - 2022-03-28 05:29:22 --> Undefined variable: db
#0 C:\laragon\www\spk2\app\Models\M_user.php(17): CodeIgniter\Debug\Exceptions->errorHandler(8, 'Undefined varia...', 'C:\\laragon\\www\\...', 17, Array)
#1 C:\laragon\www\spk2\app\Controllers\User.php(28): App\Models\M_user->getProfile()
#2 C:\laragon\www\spk2\system\CodeIgniter.php(832): App\Controllers\User->userprofile()
#3 C:\laragon\www\spk2\system\CodeIgniter.php(419): CodeIgniter\CodeIgniter->runController(Object(App\Controllers\User))
#4 C:\laragon\www\spk2\system\CodeIgniter.php(326): CodeIgniter\CodeIgniter->handleRequest(NULL, Object(Config\Cache), false)
#5 C:\laragon\www\spk2\index.php(37): CodeIgniter\CodeIgniter->run()
#6 {main}
CRITICAL - 2022-03-28 05:30:15 --> Function name must be a string
#0 C:\laragon\www\spk2\app\Controllers\User.php(28): App\Models\M_user->getProfile()
#1 C:\laragon\www\spk2\system\CodeIgniter.php(832): App\Controllers\User->userprofile()
#2 C:\laragon\www\spk2\system\CodeIgniter.php(419): CodeIgniter\CodeIgniter->runController(Object(App\Controllers\User))
#3 C:\laragon\www\spk2\system\CodeIgniter.php(326): CodeIgniter\CodeIgniter->handleRequest(NULL, Object(Config\Cache), false)
#4 C:\laragon\www\spk2\index.php(37): CodeIgniter\CodeIgniter->run()
#5 {main}
CRITICAL - 2022-03-28 05:32:43 --> Undefined property: mysqli::$email
#0 C:\laragon\www\spk2\app\Views\page\userprofile.php(63): CodeIgniter\Debug\Exceptions->errorHandler(8, 'Undefined prope...', 'C:\\laragon\\www\\...', 63, Array)
#1 C:\laragon\www\spk2\system\View\View.php(210): include('C:\\laragon\\www\\...')
#2 C:\laragon\www\spk2\system\View\View.php(213): CodeIgniter\View\View->CodeIgniter\View\{closure}()
#3 C:\laragon\www\spk2\system\Common.php(1089): CodeIgniter\View\View->render('/page/userprofi...', Array, true)
#4 C:\laragon\www\spk2\app\Controllers\User.php(29): view('/page/userprofi...', Array)
#5 C:\laragon\www\spk2\system\CodeIgniter.php(832): App\Controllers\User->userprofile()
#6 C:\laragon\www\spk2\system\CodeIgniter.php(419): CodeIgniter\CodeIgniter->runController(Object(App\Controllers\User))
#7 C:\laragon\www\spk2\system\CodeIgniter.php(326): CodeIgniter\CodeIgniter->handleRequest(NULL, Object(Config\Cache), false)
#8 C:\laragon\www\spk2\index.php(37): CodeIgniter\CodeIgniter->run()
#9 {main}
CRITICAL - 2022-03-28 05:35:12 --> Undefined property: mysqli::$tgl_lahir
#0 C:\laragon\www\spk2\app\Views\page\userprofile.php(64): CodeIgniter\Debug\Exceptions->errorHandler(8, 'Undefined prope...', 'C:\\laragon\\www\\...', 64, Array)
#1 C:\laragon\www\spk2\system\View\View.php(210): include('C:\\laragon\\www\\...')
#2 C:\laragon\www\spk2\system\View\View.php(213): CodeIgniter\View\View->CodeIgniter\View\{closure}()
#3 C:\laragon\www\spk2\system\Common.php(1089): CodeIgniter\View\View->render('/page/userprofi...', Array, true)
#4 C:\laragon\www\spk2\app\Controllers\User.php(29): view('/page/userprofi...', Array)
#5 C:\laragon\www\spk2\system\CodeIgniter.php(832): App\Controllers\User->userprofile()
#6 C:\laragon\www\spk2\system\CodeIgniter.php(419): CodeIgniter\CodeIgniter->runController(Object(App\Controllers\User))
#7 C:\laragon\www\spk2\system\CodeIgniter.php(326): CodeIgniter\CodeIgniter->handleRequest(NULL, Object(Config\Cache), false)
#8 C:\laragon\www\spk2\index.php(37): CodeIgniter\CodeIgniter->run()
#9 {main}
CRITICAL - 2022-03-28 05:36:26 --> Undefined variable: transkrip
#0 C:\laragon\www\spk2\app\Views\page\userprofile.php(140): CodeIgniter\Debug\Exceptions->errorHandler(8, 'Undefined varia...', 'C:\\laragon\\www\\...', 140, Array)
#1 C:\laragon\www\spk2\system\View\View.php(210): include('C:\\laragon\\www\\...')
#2 C:\laragon\www\spk2\system\View\View.php(213): CodeIgniter\View\View->CodeIgniter\View\{closure}()
#3 C:\laragon\www\spk2\system\Common.php(1089): CodeIgniter\View\View->render('/page/userprofi...', Array, true)
#4 C:\laragon\www\spk2\app\Controllers\User.php(29): view('/page/userprofi...', Array)
#5 C:\laragon\www\spk2\system\CodeIgniter.php(832): App\Controllers\User->userprofile()
#6 C:\laragon\www\spk2\system\CodeIgniter.php(419): CodeIgniter\CodeIgniter->runController(Object(App\Controllers\User))
#7 C:\laragon\www\spk2\system\CodeIgniter.php(326): CodeIgniter\CodeIgniter->handleRequest(NULL, Object(Config\Cache), false)
#8 C:\laragon\www\spk2\index.php(37): CodeIgniter\CodeIgniter->run()
#9 {main}
CRITICAL - 2022-03-28 06:43:26 --> Class 'Config\App\Filters\Auth' not found
#0 C:\laragon\www\spk2\system\CodeIgniter.php(393): CodeIgniter\Filters\Filters->run('/home', 'before')
#1 C:\laragon\www\spk2\system\CodeIgniter.php(326): CodeIgniter\CodeIgniter->handleRequest(NULL, Object(Config\Cache), false)
#2 C:\laragon\www\spk2\index.php(37): CodeIgniter\CodeIgniter->run()
#3 {main}
CRITICAL - 2022-03-28 06:44:06 --> Class 'Config\App\Filters\Auth' not found
#0 C:\laragon\www\spk2\system\CodeIgniter.php(393): CodeIgniter\Filters\Filters->run('/home', 'before')
#1 C:\laragon\www\spk2\system\CodeIgniter.php(326): CodeIgniter\CodeIgniter->handleRequest(NULL, Object(Config\Cache), false)
#2 C:\laragon\www\spk2\index.php(37): CodeIgniter\CodeIgniter->run()
#3 {main}
CRITICAL - 2022-03-28 07:12:58 --> Call to undefined method CodeIgniter\Database\MySQLi\Result::countAllResults()
#0 C:\laragon\www\spk2\system\CodeIgniter.php(832): App\Controllers\User->update_password2()
#1 C:\laragon\www\spk2\system\CodeIgniter.php(419): CodeIgniter\CodeIgniter->runController(Object(App\Controllers\User))
#2 C:\laragon\www\spk2\system\CodeIgniter.php(326): CodeIgniter\CodeIgniter->handleRequest(NULL, Object(Config\Cache), false)
#3 C:\laragon\www\spk2\index.php(37): CodeIgniter\CodeIgniter->run()
#4 {main}
CRITICAL - 2022-03-28 08:18:24 --> Undefined variable: db
#0 C:\laragon\www\spk2\app\Controllers\User.php(192): CodeIgniter\Debug\Exceptions->errorHandler(8, 'Undefined varia...', 'C:\\laragon\\www\\...', 192, Array)
#1 C:\laragon\www\spk2\system\CodeIgniter.php(832): App\Controllers\User->update_profil()
#2 C:\laragon\www\spk2\system\CodeIgniter.php(419): CodeIgniter\CodeIgniter->runController(Object(App\Controllers\User))
#3 C:\laragon\www\spk2\system\CodeIgniter.php(326): CodeIgniter\CodeIgniter->handleRequest(NULL, Object(Config\Cache), false)
#4 C:\laragon\www\spk2\index.php(37): CodeIgniter\CodeIgniter->run()
#5 {main}
CRITICAL - 2022-03-28 08:20:05 --> Object of class stdClass could not be converted to int
#0 C:\laragon\www\spk2\app\Controllers\User.php(197): CodeIgniter\Debug\Exceptions->errorHandler(8, 'Object of class...', 'C:\\laragon\\www\\...', 197, Array)
#1 C:\laragon\www\spk2\system\CodeIgniter.php(832): App\Controllers\User->update_profil()
#2 C:\laragon\www\spk2\system\CodeIgniter.php(419): CodeIgniter\CodeIgniter->runController(Object(App\Controllers\User))
#3 C:\laragon\www\spk2\system\CodeIgniter.php(326): CodeIgniter\CodeIgniter->handleRequest(NULL, Object(Config\Cache), false)
#4 C:\laragon\www\spk2\index.php(37): CodeIgniter\CodeIgniter->run()
#5 {main}
CRITICAL - 2022-03-28 08:22:59 --> Object of class stdClass could not be converted to int
#0 C:\laragon\www\spk2\app\Controllers\User.php(197): CodeIgniter\Debug\Exceptions->errorHandler(8, 'Object of class...', 'C:\\laragon\\www\\...', 197, Array)
#1 C:\laragon\www\spk2\system\CodeIgniter.php(832): App\Controllers\User->update_profil()
#2 C:\laragon\www\spk2\system\CodeIgniter.php(419): CodeIgniter\CodeIgniter->runController(Object(App\Controllers\User))
#3 C:\laragon\www\spk2\system\CodeIgniter.php(326): CodeIgniter\CodeIgniter->handleRequest(NULL, Object(Config\Cache), false)
#4 C:\laragon\www\spk2\index.php(37): CodeIgniter\CodeIgniter->run()
#5 {main}
CRITICAL - 2022-03-28 08:33:34 --> Call to a member function where() on null
#0 C:\laragon\www\spk2\system\CodeIgniter.php(832): App\Controllers\User->update_profil()
#1 C:\laragon\www\spk2\system\CodeIgniter.php(419): CodeIgniter\CodeIgniter->runController(Object(App\Controllers\User))
#2 C:\laragon\www\spk2\system\CodeIgniter.php(326): CodeIgniter\CodeIgniter->handleRequest(NULL, Object(Config\Cache), false)
#3 C:\laragon\www\spk2\index.php(37): CodeIgniter\CodeIgniter->run()
#4 {main}
CRITICAL - 2022-03-28 08:34:44 --> Call to a member function getLastQuery() on null
#0 C:\laragon\www\spk2\system\CodeIgniter.php(832): App\Controllers\User->update_profil()
#1 C:\laragon\www\spk2\system\CodeIgniter.php(419): CodeIgniter\CodeIgniter->runController(Object(App\Controllers\User))
#2 C:\laragon\www\spk2\system\CodeIgniter.php(326): CodeIgniter\CodeIgniter->handleRequest(NULL, Object(Config\Cache), false)
#3 C:\laragon\www\spk2\index.php(37): CodeIgniter\CodeIgniter->run()
#4 {main}
CRITICAL - 2022-03-28 08:35:44 --> Object of class stdClass could not be converted to int
#0 C:\laragon\www\spk2\app\Controllers\User.php(197): CodeIgniter\Debug\Exceptions->errorHandler(8, 'Object of class...', 'C:\\laragon\\www\\...', 197, Array)
#1 C:\laragon\www\spk2\system\CodeIgniter.php(832): App\Controllers\User->update_profil()
#2 C:\laragon\www\spk2\system\CodeIgniter.php(419): CodeIgniter\CodeIgniter->runController(Object(App\Controllers\User))
#3 C:\laragon\www\spk2\system\CodeIgniter.php(326): CodeIgniter\CodeIgniter->handleRequest(NULL, Object(Config\Cache), false)
#4 C:\laragon\www\spk2\index.php(37): CodeIgniter\CodeIgniter->run()
#5 {main}
CRITICAL - 2022-03-28 08:36:49 --> Object of class stdClass could not be converted to int
#0 C:\laragon\www\spk2\app\Controllers\User.php(197): CodeIgniter\Debug\Exceptions->errorHandler(8, 'Object of class...', 'C:\\laragon\\www\\...', 197, Array)
#1 C:\laragon\www\spk2\system\CodeIgniter.php(832): App\Controllers\User->update_profil()
#2 C:\laragon\www\spk2\system\CodeIgniter.php(419): CodeIgniter\CodeIgniter->runController(Object(App\Controllers\User))
#3 C:\laragon\www\spk2\system\CodeIgniter.php(326): CodeIgniter\CodeIgniter->handleRequest(NULL, Object(Config\Cache), false)
#4 C:\laragon\www\spk2\index.php(37): CodeIgniter\CodeIgniter->run()
#5 {main}
CRITICAL - 2022-03-28 08:36:59 --> Object of class stdClass could not be converted to int
#0 C:\laragon\www\spk2\app\Controllers\User.php(197): CodeIgniter\Debug\Exceptions->errorHandler(8, 'Object of class...', 'C:\\laragon\\www\\...', 197, Array)
#1 C:\laragon\www\spk2\system\CodeIgniter.php(832): App\Controllers\User->update_profil()
#2 C:\laragon\www\spk2\system\CodeIgniter.php(419): CodeIgniter\CodeIgniter->runController(Object(App\Controllers\User))
#3 C:\laragon\www\spk2\system\CodeIgniter.php(326): CodeIgniter\CodeIgniter->handleRequest(NULL, Object(Config\Cache), false)
#4 C:\laragon\www\spk2\index.php(37): CodeIgniter\CodeIgniter->run()
#5 {main}
CRITICAL - 2022-03-28 08:38:41 --> count(): Parameter must be an array or an object that implements Countable
#0 [internal function]: CodeIgniter\Debug\Exceptions->errorHandler(2, 'count(): Parame...', 'C:\\laragon\\www\\...', 204, Array)
#1 C:\laragon\www\spk2\app\Controllers\User.php(204): count(Object(stdClass))
#2 C:\laragon\www\spk2\system\CodeIgniter.php(832): App\Controllers\User->update_profil()
#3 C:\laragon\www\spk2\system\CodeIgniter.php(419): CodeIgniter\CodeIgniter->runController(Object(App\Controllers\User))
#4 C:\laragon\www\spk2\system\CodeIgniter.php(326): CodeIgniter\CodeIgniter->handleRequest(NULL, Object(Config\Cache), false)
#5 C:\laragon\www\spk2\index.php(37): CodeIgniter\CodeIgniter->run()
#6 {main}
CRITICAL - 2022-03-28 08:39:29 --> Call to undefined method CodeIgniter\Database\MySQLi\Result::countResultAll()
#0 C:\laragon\www\spk2\system\CodeIgniter.php(832): App\Controllers\User->update_profil()
#1 C:\laragon\www\spk2\system\CodeIgniter.php(419): CodeIgniter\CodeIgniter->runController(Object(App\Controllers\User))
#2 C:\laragon\www\spk2\system\CodeIgniter.php(326): CodeIgniter\CodeIgniter->handleRequest(NULL, Object(Config\Cache), false)
#3 C:\laragon\www\spk2\index.php(37): CodeIgniter\CodeIgniter->run()
#4 {main}
CRITICAL - 2022-03-28 08:39:54 --> Call to undefined method CodeIgniter\Database\MySQLi\Result::countResultAll()
#0 C:\laragon\www\spk2\system\CodeIgniter.php(832): App\Controllers\User->update_profil()
#1 C:\laragon\www\spk2\system\CodeIgniter.php(419): CodeIgniter\CodeIgniter->runController(Object(App\Controllers\User))
#2 C:\laragon\www\spk2\system\CodeIgniter.php(326): CodeIgniter\CodeIgniter->handleRequest(NULL, Object(Config\Cache), false)
#3 C:\laragon\www\spk2\index.php(37): CodeIgniter\CodeIgniter->run()
#4 {main}
CRITICAL - 2022-03-28 08:40:39 --> Call to undefined method CodeIgniter\Database\MySQLi\Result::countAllResults()
#0 C:\laragon\www\spk2\system\CodeIgniter.php(832): App\Controllers\User->update_profil()
#1 C:\laragon\www\spk2\system\CodeIgniter.php(419): CodeIgniter\CodeIgniter->runController(Object(App\Controllers\User))
#2 C:\laragon\www\spk2\system\CodeIgniter.php(326): CodeIgniter\CodeIgniter->handleRequest(NULL, Object(Config\Cache), false)
#3 C:\laragon\www\spk2\index.php(37): CodeIgniter\CodeIgniter->run()
#4 {main}
CRITICAL - 2022-03-28 08:45:19 --> Object of class App\Models\M_user could not be converted to int
#0 C:\laragon\www\spk2\app\Controllers\User.php(94): CodeIgniter\Debug\Exceptions->errorHandler(8, 'Object of class...', 'C:\\laragon\\www\\...', 94, Array)
#1 C:\laragon\www\spk2\system\CodeIgniter.php(832): App\Controllers\User->get_user()
#2 C:\laragon\www\spk2\system\CodeIgniter.php(419): CodeIgniter\CodeIgniter->runController(Object(App\Controllers\User))
#3 C:\laragon\www\spk2\system\CodeIgniter.php(326): CodeIgniter\CodeIgniter->handleRequest(NULL, Object(Config\Cache), false)
#4 C:\laragon\www\spk2\index.php(37): CodeIgniter\CodeIgniter->run()
#5 {main}
CRITICAL - 2022-03-28 08:45:29 --> Object of class App\Models\M_user could not be converted to int
#0 C:\laragon\www\spk2\app\Controllers\User.php(94): CodeIgniter\Debug\Exceptions->errorHandler(8, 'Object of class...', 'C:\\laragon\\www\\...', 94, Array)
#1 C:\laragon\www\spk2\system\CodeIgniter.php(832): App\Controllers\User->get_user()
#2 C:\laragon\www\spk2\system\CodeIgniter.php(419): CodeIgniter\CodeIgniter->runController(Object(App\Controllers\User))
#3 C:\laragon\www\spk2\system\CodeIgniter.php(326): CodeIgniter\CodeIgniter->handleRequest(NULL, Object(Config\Cache), false)
#4 C:\laragon\www\spk2\index.php(37): CodeIgniter\CodeIgniter->run()
#5 {main}
ERROR - 2022-03-28 08:48:45 --> Duplicate entry '0' for key 'PRIMARY'
CRITICAL - 2022-03-28 08:48:45 --> Duplicate entry '0' for key 'PRIMARY'
#0 C:\laragon\www\spk2\system\Database\MySQLi\Connection.php(292): mysqli->query('INSERT INTO `m_...', 0)
#1 C:\laragon\www\spk2\system\Database\BaseConnection.php(670): CodeIgniter\Database\MySQLi\Connection->execute('INSERT INTO `m_...')
#2 C:\laragon\www\spk2\system\Database\BaseConnection.php(598): CodeIgniter\Database\BaseConnection->simpleQuery('INSERT INTO `m_...')
#3 C:\laragon\www\spk2\system\Database\BaseBuilder.php(1771): CodeIgniter\Database\BaseConnection->query('INSERT INTO `m_...', Array, false)
#4 C:\laragon\www\spk2\app\Controllers\User.php(200): CodeIgniter\Database\BaseBuilder->insert(Array)
#5 C:\laragon\www\spk2\system\CodeIgniter.php(832): App\Controllers\User->update_profil()
#6 C:\laragon\www\spk2\system\CodeIgniter.php(419): CodeIgniter\CodeIgniter->runController(Object(App\Controllers\User))
#7 C:\laragon\www\spk2\system\CodeIgniter.php(326): CodeIgniter\CodeIgniter->handleRequest(NULL, Object(Config\Cache), false)
#8 C:\laragon\www\spk2\index.php(37): CodeIgniter\CodeIgniter->run()
#9 {main}
CRITICAL - 2022-03-28 09:20:59 --> Undefined property: App\Controllers\User::$session
#0 C:\laragon\www\spk2\app\Controllers\User.php(285): CodeIgniter\Debug\Exceptions->errorHandler(8, 'Undefined prope...', 'C:\\laragon\\www\\...', 285, Array)
#1 C:\laragon\www\spk2\system\CodeIgniter.php(832): App\Controllers\User->get_data_berkas()
#2 C:\laragon\www\spk2\system\CodeIgniter.php(419): CodeIgniter\CodeIgniter->runController(Object(App\Controllers\User))
#3 C:\laragon\www\spk2\system\CodeIgniter.php(326): CodeIgniter\CodeIgniter->handleRequest(NULL, Object(Config\Cache), false)
#4 C:\laragon\www\spk2\index.php(37): CodeIgniter\CodeIgniter->run()
#5 {main}
CRITICAL - 2022-03-28 09:22:07 --> Invalid file: upload_form.php
#0 C:\laragon\www\spk2\system\View\View.php(198): CodeIgniter\Exceptions\FrameworkException::forInvalidFile('upload_form.php')
#1 C:\laragon\www\spk2\system\Common.php(1089): CodeIgniter\View\View->render('upload_form', Array, true)
#2 C:\laragon\www\spk2\app\Controllers\User.php(240): view('upload_form', Array)
#3 C:\laragon\www\spk2\system\CodeIgniter.php(832): App\Controllers\User->insert_berkas()
#4 C:\laragon\www\spk2\system\CodeIgniter.php(419): CodeIgniter\CodeIgniter->runController(Object(App\Controllers\User))
#5 C:\laragon\www\spk2\system\CodeIgniter.php(326): CodeIgniter\CodeIgniter->handleRequest(NULL, Object(Config\Cache), false)
#6 C:\laragon\www\spk2\index.php(37): CodeIgniter\CodeIgniter->run()
#7 {main}
CRITICAL - 2022-03-28 09:27:33 --> Invalid file: upload_form.php
#0 C:\laragon\www\spk2\system\View\View.php(198): CodeIgniter\Exceptions\FrameworkException::forInvalidFile('upload_form.php')
#1 C:\laragon\www\spk2\system\Common.php(1089): CodeIgniter\View\View->render('upload_form', Array, true)
#2 C:\laragon\www\spk2\app\Controllers\User.php(239): view('upload_form', Array)
#3 C:\laragon\www\spk2\system\CodeIgniter.php(832): App\Controllers\User->insert_berkas()
#4 C:\laragon\www\spk2\system\CodeIgniter.php(419): CodeIgniter\CodeIgniter->runController(Object(App\Controllers\User))
#5 C:\laragon\www\spk2\system\CodeIgniter.php(326): CodeIgniter\CodeIgniter->handleRequest(NULL, Object(Config\Cache), false)
#6 C:\laragon\www\spk2\index.php(37): CodeIgniter\CodeIgniter->run()
#7 {main}
CRITICAL - 2022-03-28 09:27:40 --> Undefined property: App\Controllers\User::$session
#0 C:\laragon\www\spk2\app\Controllers\User.php(284): CodeIgniter\Debug\Exceptions->errorHandler(8, 'Undefined prope...', 'C:\\laragon\\www\\...', 284, Array)
#1 C:\laragon\www\spk2\system\CodeIgniter.php(832): App\Controllers\User->get_data_berkas()
#2 C:\laragon\www\spk2\system\CodeIgniter.php(419): CodeIgniter\CodeIgniter->runController(Object(App\Controllers\User))
#3 C:\laragon\www\spk2\system\CodeIgniter.php(326): CodeIgniter\CodeIgniter->handleRequest(NULL, Object(Config\Cache), false)
#4 C:\laragon\www\spk2\index.php(37): CodeIgniter\CodeIgniter->run()
#5 {main}
CRITICAL - 2022-03-28 09:27:53 --> Invalid file: upload_form.php
#0 C:\laragon\www\spk2\system\View\View.php(198): CodeIgniter\Exceptions\FrameworkException::forInvalidFile('upload_form.php')
#1 C:\laragon\www\spk2\system\Common.php(1089): CodeIgniter\View\View->render('upload_form', Array, true)
#2 C:\laragon\www\spk2\app\Controllers\User.php(239): view('upload_form', Array)
#3 C:\laragon\www\spk2\system\CodeIgniter.php(832): App\Controllers\User->insert_berkas()
#4 C:\laragon\www\spk2\system\CodeIgniter.php(419): CodeIgniter\CodeIgniter->runController(Object(App\Controllers\User))
#5 C:\laragon\www\spk2\system\CodeIgniter.php(326): CodeIgniter\CodeIgniter->handleRequest(NULL, Object(Config\Cache), false)
#6 C:\laragon\www\spk2\index.php(37): CodeIgniter\CodeIgniter->run()
#7 {main}
CRITICAL - 2022-03-28 09:32:11 --> Undefined property: App\Controllers\User::$session
#0 C:\laragon\www\spk2\app\Controllers\User.php(307): CodeIgniter\Debug\Exceptions->errorHandler(8, 'Undefined prope...', 'C:\\laragon\\www\\...', 307, Array)
#1 C:\laragon\www\spk2\system\CodeIgniter.php(832): App\Controllers\User->get_data_berkas()
#2 C:\laragon\www\spk2\system\CodeIgniter.php(419): CodeIgniter\CodeIgniter->runController(Object(App\Controllers\User))
#3 C:\laragon\www\spk2\system\CodeIgniter.php(326): CodeIgniter\CodeIgniter->handleRequest(NULL, Object(Config\Cache), false)
#4 C:\laragon\www\spk2\index.php(37): CodeIgniter\CodeIgniter->run()
#5 {main}
CRITICAL - 2022-03-28 09:33:38 --> Array to string conversion
#0 C:\laragon\www\spk2\app\Controllers\User.php(244): CodeIgniter\Debug\Exceptions->errorHandler(8, 'Array to string...', 'C:\\laragon\\www\\...', 244, Array)
#1 C:\laragon\www\spk2\system\CodeIgniter.php(832): App\Controllers\User->insert_berkas()
#2 C:\laragon\www\spk2\system\CodeIgniter.php(419): CodeIgniter\CodeIgniter->runController(Object(App\Controllers\User))
#3 C:\laragon\www\spk2\system\CodeIgniter.php(326): CodeIgniter\CodeIgniter->handleRequest(NULL, Object(Config\Cache), false)
#4 C:\laragon\www\spk2\index.php(37): CodeIgniter\CodeIgniter->run()
#5 {main}
CRITICAL - 2022-03-28 09:34:18 --> Array to string conversion
#0 C:\laragon\www\spk2\app\Controllers\User.php(244): CodeIgniter\Debug\Exceptions->errorHandler(8, 'Array to string...', 'C:\\laragon\\www\\...', 244, Array)
#1 C:\laragon\www\spk2\system\CodeIgniter.php(832): App\Controllers\User->insert_berkas()
#2 C:\laragon\www\spk2\system\CodeIgniter.php(419): CodeIgniter\CodeIgniter->runController(Object(App\Controllers\User))
#3 C:\laragon\www\spk2\system\CodeIgniter.php(326): CodeIgniter\CodeIgniter->handleRequest(NULL, Object(Config\Cache), false)
#4 C:\laragon\www\spk2\index.php(37): CodeIgniter\CodeIgniter->run()
#5 {main}
CRITICAL - 2022-03-28 09:34:54 --> syntax error, unexpected 'echo' (T_ECHO)
#0 C:\laragon\www\spk2\system\Router\Router.php(175): CodeIgniter\Router\Router->autoRoute('/user/insert_be...')
#1 C:\laragon\www\spk2\system\CodeIgniter.php(726): CodeIgniter\Router\Router->handle('/user/insert_be...')
#2 C:\laragon\www\spk2\system\CodeIgniter.php(368): CodeIgniter\CodeIgniter->tryToRouteIt(Object(CodeIgniter\Router\RouteCollection))
#3 C:\laragon\www\spk2\system\CodeIgniter.php(326): CodeIgniter\CodeIgniter->handleRequest(NULL, Object(Config\Cache), false)
#4 C:\laragon\www\spk2\index.php(37): CodeIgniter\CodeIgniter->run()
#5 {main}
CRITICAL - 2022-03-28 09:38:53 --> Undefined property: App\Controllers\User::$session
#0 C:\laragon\www\spk2\app\Controllers\User.php(308): CodeIgniter\Debug\Exceptions->errorHandler(8, 'Undefined prope...', 'C:\\laragon\\www\\...', 308, Array)
#1 C:\laragon\www\spk2\system\CodeIgniter.php(832): App\Controllers\User->get_data_berkas()
#2 C:\laragon\www\spk2\system\CodeIgniter.php(419): CodeIgniter\CodeIgniter->runController(Object(App\Controllers\User))
#3 C:\laragon\www\spk2\system\CodeIgniter.php(326): CodeIgniter\CodeIgniter->handleRequest(NULL, Object(Config\Cache), false)
#4 C:\laragon\www\spk2\index.php(37): CodeIgniter\CodeIgniter->run()
#5 {main}
CRITICAL - 2022-03-28 09:42:25 --> Undefined property: App\Controllers\User::$session
#0 C:\laragon\www\spk2\app\Controllers\User.php(308): CodeIgniter\Debug\Exceptions->errorHandler(8, 'Undefined prope...', 'C:\\laragon\\www\\...', 308, Array)
#1 C:\laragon\www\spk2\system\CodeIgniter.php(832): App\Controllers\User->get_data_berkas()
#2 C:\laragon\www\spk2\system\CodeIgniter.php(419): CodeIgniter\CodeIgniter->runController(Object(App\Controllers\User))
#3 C:\laragon\www\spk2\system\CodeIgniter.php(326): CodeIgniter\CodeIgniter->handleRequest(NULL, Object(Config\Cache), false)
#4 C:\laragon\www\spk2\index.php(37): CodeIgniter\CodeIgniter->run()
#5 {main}
CRITICAL - 2022-03-28 09:46:50 --> Undefined property: App\Controllers\User::$session
#0 C:\laragon\www\spk2\app\Controllers\User.php(306): CodeIgniter\Debug\Exceptions->errorHandler(8, 'Undefined prope...', 'C:\\laragon\\www\\...', 306, Array)
#1 C:\laragon\www\spk2\system\CodeIgniter.php(832): App\Controllers\User->get_data_berkas()
#2 C:\laragon\www\spk2\system\CodeIgniter.php(419): CodeIgniter\CodeIgniter->runController(Object(App\Controllers\User))
#3 C:\laragon\www\spk2\system\CodeIgniter.php(326): CodeIgniter\CodeIgniter->handleRequest(NULL, Object(Config\Cache), false)
#4 C:\laragon\www\spk2\index.php(37): CodeIgniter\CodeIgniter->run()
#5 {main}
CRITICAL - 2022-03-28 09:52:53 --> Call to undefined method CodeIgniter\Database\MySQLi\Result::countAllResults()
#0 C:\laragon\www\spk2\app\Controllers\User.php(260): App\Models\M_user->insertBerkas(Array)
#1 C:\laragon\www\spk2\system\CodeIgniter.php(832): App\Controllers\User->insert_berkas()
#2 C:\laragon\www\spk2\system\CodeIgniter.php(419): CodeIgniter\CodeIgniter->runController(Object(App\Controllers\User))
#3 C:\laragon\www\spk2\system\CodeIgniter.php(326): CodeIgniter\CodeIgniter->handleRequest(NULL, Object(Config\Cache), false)
#4 C:\laragon\www\spk2\index.php(37): CodeIgniter\CodeIgniter->run()
#5 {main}
CRITICAL - 2022-03-28 10:03:39 --> Undefined property: App\Controllers\User::$session
#0 C:\laragon\www\spk2\app\Controllers\User.php(255): CodeIgniter\Debug\Exceptions->errorHandler(8, 'Undefined prope...', 'C:\\laragon\\www\\...', 255, Array)
#1 C:\laragon\www\spk2\system\CodeIgniter.php(832): App\Controllers\User->get_data_berkas()
#2 C:\laragon\www\spk2\system\CodeIgniter.php(419): CodeIgniter\CodeIgniter->runController(Object(App\Controllers\User))
#3 C:\laragon\www\spk2\system\CodeIgniter.php(326): CodeIgniter\CodeIgniter->handleRequest(NULL, Object(Config\Cache), false)
#4 C:\laragon\www\spk2\index.php(37): CodeIgniter\CodeIgniter->run()
#5 {main}
CRITICAL - 2022-03-28 10:04:10 --> finfo_file(C:\Users\hoiru\AppData\Local\Temp\php974A.tmp): failed to open stream: No such file or directory
#0 [internal function]: CodeIgniter\Debug\Exceptions->errorHandler(2, 'finfo_file(C:\\U...', 'C:\\laragon\\www\\...', 109, Array)
#1 C:\laragon\www\spk2\system\Files\File.php(109): finfo_file(Resource id #133, 'C:\\Users\\hoiru\\...')
#2 C:\laragon\www\spk2\system\HTTP\Files\UploadedFile.php(302): CodeIgniter\Files\File->getMimeType()
#3 C:\laragon\www\spk2\system\HTTP\Files\UploadedFile.php(291): CodeIgniter\HTTP\Files\UploadedFile->guessExtension()
#4 C:\laragon\www\spk2\system\Files\File.php(121): CodeIgniter\HTTP\Files\UploadedFile->getExtension()
#5 C:\laragon\www\spk2\app\Controllers\User.php(235): CodeIgniter\Files\File->getRandomName()
#6 C:\laragon\www\spk2\system\CodeIgniter.php(832): App\Controllers\User->insert_berkas()
#7 C:\laragon\www\spk2\system\CodeIgniter.php(419): CodeIgniter\CodeIgniter->runController(Object(App\Controllers\User))
#8 C:\laragon\www\spk2\system\CodeIgniter.php(326): CodeIgniter\CodeIgniter->handleRequest(NULL, Object(Config\Cache), false)
#9 C:\laragon\www\spk2\index.php(37): CodeIgniter\CodeIgniter->run()
#10 {main}
CRITICAL - 2022-03-28 10:04:10 --> Uncaught CodeIgniter\Format\Exceptions\FormatException: Failed to parse json string, error: "Type is not supported". in C:\laragon\www\spk2\system\Format\JSONFormatter.php:41
Stack trace:
#0 C:\laragon\www\spk2\system\Format\JSONFormatter.php(41): CodeIgniter\Format\Exceptions\FormatException::forInvalidJSON('Type is not sup...')
#1 C:\laragon\www\spk2\system\API\ResponseTrait.php(341): CodeIgniter\Format\JSONFormatter->format(Array)
#2 C:\laragon\www\spk2\system\API\ResponseTrait.php(99): CodeIgniter\Debug\Exceptions->format(Array)
#3 C:\laragon\www\spk2\system\Debug\Exceptions.php(115): CodeIgniter\Debug\Exceptions->respond(Array, 500)
#4 [internal function]: CodeIgniter\Debug\Exceptions->exceptionHandler(Object(ErrorException))
#5 {main}
  thrown
#0 [internal function]: CodeIgniter\Debug\Exceptions->shutdownHandler()
#1 {main}
CRITICAL - 2022-03-28 10:12:49 --> Call to undefined method App\Models\M_user::geBerkas
#0 C:\laragon\www\spk2\app\Controllers\User.php(256): CodeIgniter\Model->__call('geBerkas', Array)
#1 C:\laragon\www\spk2\system\CodeIgniter.php(832): App\Controllers\User->get_data_berkas()
#2 C:\laragon\www\spk2\system\CodeIgniter.php(419): CodeIgniter\CodeIgniter->runController(Object(App\Controllers\User))
#3 C:\laragon\www\spk2\system\CodeIgniter.php(326): CodeIgniter\CodeIgniter->handleRequest(NULL, Object(Config\Cache), false)
#4 C:\laragon\www\spk2\index.php(37): CodeIgniter\CodeIgniter->run()
#5 {main}
CRITICAL - 2022-03-28 10:13:14 --> Undefined variable: data
#0 C:\laragon\www\spk2\app\Controllers\User.php(258): CodeIgniter\Debug\Exceptions->errorHandler(8, 'Undefined varia...', 'C:\\laragon\\www\\...', 258, Array)
#1 C:\laragon\www\spk2\system\CodeIgniter.php(832): App\Controllers\User->get_data_berkas()
#2 C:\laragon\www\spk2\system\CodeIgniter.php(419): CodeIgniter\CodeIgniter->runController(Object(App\Controllers\User))
#3 C:\laragon\www\spk2\system\CodeIgniter.php(326): CodeIgniter\CodeIgniter->handleRequest(NULL, Object(Config\Cache), false)
#4 C:\laragon\www\spk2\index.php(37): CodeIgniter\CodeIgniter->run()
#5 {main}
CRITICAL - 2022-03-28 10:14:22 --> Call to undefined method CodeIgniter\Database\MySQLi\Result::result()
#0 C:\laragon\www\spk2\system\CodeIgniter.php(832): App\Controllers\User->get_data_berkas()
#1 C:\laragon\www\spk2\system\CodeIgniter.php(419): CodeIgniter\CodeIgniter->runController(Object(App\Controllers\User))
#2 C:\laragon\www\spk2\system\CodeIgniter.php(326): CodeIgniter\CodeIgniter->handleRequest(NULL, Object(Config\Cache), false)
#3 C:\laragon\www\spk2\index.php(37): CodeIgniter\CodeIgniter->run()
#4 {main}
CRITICAL - 2022-03-28 10:14:51 --> Call to undefined method CodeIgniter\Database\MySQLi\Result::result()
#0 C:\laragon\www\spk2\app\Controllers\User.php(256): App\Models\M_user->getBerkas()
#1 C:\laragon\www\spk2\system\CodeIgniter.php(832): App\Controllers\User->get_data_berkas()
#2 C:\laragon\www\spk2\system\CodeIgniter.php(419): CodeIgniter\CodeIgniter->runController(Object(App\Controllers\User))
#3 C:\laragon\www\spk2\system\CodeIgniter.php(326): CodeIgniter\CodeIgniter->handleRequest(NULL, Object(Config\Cache), false)
#4 C:\laragon\www\spk2\index.php(37): CodeIgniter\CodeIgniter->run()
#5 {main}
