CRITICAL - 2022-06-02 06:48:52 --> Class 'App\Models\M_pm' not found
#0 C:\laragon\www\spk2\system\CodeIgniter.php(832): App\Controllers\Pm->show_pm_kriteria()
#1 C:\laragon\www\spk2\system\CodeIgniter.php(419): CodeIgniter\CodeIgniter->runController(Object(App\Controllers\Pm))
#2 C:\laragon\www\spk2\system\CodeIgniter.php(326): CodeIgniter\CodeIgniter->handleRequest(NULL, Object(Config\Cache), false)
#3 C:\laragon\www\spk2\index.php(37): CodeIgniter\CodeIgniter->run()
#4 {main}
CRITICAL - 2022-06-02 06:49:39 --> Class 'App\Models\M_pm' not found
#0 C:\laragon\www\spk2\system\CodeIgniter.php(832): App\Controllers\Pm->show_pm_kriteria()
#1 C:\laragon\www\spk2\system\CodeIgniter.php(419): CodeIgniter\CodeIgniter->runController(Object(App\Controllers\Pm))
#2 C:\laragon\www\spk2\system\CodeIgniter.php(326): CodeIgniter\CodeIgniter->handleRequest(NULL, Object(Config\Cache), false)
#3 C:\laragon\www\spk2\index.php(37): CodeIgniter\CodeIgniter->run()
#4 {main}
CRITICAL - 2022-06-02 06:49:56 --> Class 'App\Models\M_pm' not found
#0 C:\laragon\www\spk2\system\CodeIgniter.php(832): App\Controllers\Pm->show_pm_kriteria()
#1 C:\laragon\www\spk2\system\CodeIgniter.php(419): CodeIgniter\CodeIgniter->runController(Object(App\Controllers\Pm))
#2 C:\laragon\www\spk2\system\CodeIgniter.php(326): CodeIgniter\CodeIgniter->handleRequest(NULL, Object(Config\Cache), false)
#3 C:\laragon\www\spk2\index.php(37): CodeIgniter\CodeIgniter->run()
#4 {main}
CRITICAL - 2022-06-02 08:18:42 --> Undefined variable: get_saw
#0 C:\laragon\www\spk2\app\Views\page\metode_pm_selisih.php(139): CodeIgniter\Debug\Exceptions->errorHandler(8, 'Undefined varia...', 'C:\\laragon\\www\\...', 139, Array)
#1 C:\laragon\www\spk2\system\View\View.php(210): include('C:\\laragon\\www\\...')
#2 C:\laragon\www\spk2\system\View\View.php(213): CodeIgniter\View\View->CodeIgniter\View\{closure}()
#3 C:\laragon\www\spk2\system\Common.php(1089): CodeIgniter\View\View->render('/page/metode_pm...', Array, true)
#4 C:\laragon\www\spk2\app\Controllers\Pm.php(30): view('/page/metode_pm...', Array)
#5 C:\laragon\www\spk2\system\CodeIgniter.php(832): App\Controllers\Pm->selisih_pm()
#6 C:\laragon\www\spk2\system\CodeIgniter.php(419): CodeIgniter\CodeIgniter->runController(Object(App\Controllers\Pm))
#7 C:\laragon\www\spk2\system\CodeIgniter.php(326): CodeIgniter\CodeIgniter->handleRequest(NULL, Object(Config\Cache), false)
#8 C:\laragon\www\spk2\index.php(37): CodeIgniter\CodeIgniter->run()
#9 {main}
CRITICAL - 2022-06-02 08:19:19 --> Undefined variable: get_saw
#0 C:\laragon\www\spk2\app\Views\page\metode_pm_selisih.php(139): CodeIgniter\Debug\Exceptions->errorHandler(8, 'Undefined varia...', 'C:\\laragon\\www\\...', 139, Array)
#1 C:\laragon\www\spk2\system\View\View.php(210): include('C:\\laragon\\www\\...')
#2 C:\laragon\www\spk2\system\View\View.php(213): CodeIgniter\View\View->CodeIgniter\View\{closure}()
#3 C:\laragon\www\spk2\system\Common.php(1089): CodeIgniter\View\View->render('/page/metode_pm...', Array, true)
#4 C:\laragon\www\spk2\app\Controllers\Pm.php(30): view('/page/metode_pm...', Array)
#5 C:\laragon\www\spk2\system\CodeIgniter.php(832): App\Controllers\Pm->selisih_pm()
#6 C:\laragon\www\spk2\system\CodeIgniter.php(419): CodeIgniter\CodeIgniter->runController(Object(App\Controllers\Pm))
#7 C:\laragon\www\spk2\system\CodeIgniter.php(326): CodeIgniter\CodeIgniter->handleRequest(NULL, Object(Config\Cache), false)
#8 C:\laragon\www\spk2\index.php(37): CodeIgniter\CodeIgniter->run()
#9 {main}
CRITICAL - 2022-06-02 08:26:40 --> Undefined variable: ad_k1
#0 C:\laragon\www\spk2\app\Views\page\metode_pm_selisih.php(127): CodeIgniter\Debug\Exceptions->errorHandler(8, 'Undefined varia...', 'C:\\laragon\\www\\...', 127, Array)
#1 C:\laragon\www\spk2\system\View\View.php(210): include('C:\\laragon\\www\\...')
#2 C:\laragon\www\spk2\system\View\View.php(213): CodeIgniter\View\View->CodeIgniter\View\{closure}()
#3 C:\laragon\www\spk2\system\Common.php(1089): CodeIgniter\View\View->render('/page/metode_pm...', Array, true)
#4 C:\laragon\www\spk2\app\Controllers\Pm.php(30): view('/page/metode_pm...', Array)
#5 C:\laragon\www\spk2\system\CodeIgniter.php(832): App\Controllers\Pm->selisih_pm()
#6 C:\laragon\www\spk2\system\CodeIgniter.php(419): CodeIgniter\CodeIgniter->runController(Object(App\Controllers\Pm))
#7 C:\laragon\www\spk2\system\CodeIgniter.php(326): CodeIgniter\CodeIgniter->handleRequest(NULL, Object(Config\Cache), false)
#8 C:\laragon\www\spk2\index.php(37): CodeIgniter\CodeIgniter->run()
#9 {main}
CRITICAL - 2022-06-02 09:50:29 --> Undefined variable: db
#0 C:\laragon\www\spk2\app\Controllers\Pm.php(34): CodeIgniter\Debug\Exceptions->errorHandler(8, 'Undefined varia...', 'C:\\laragon\\www\\...', 34, Array)
#1 C:\laragon\www\spk2\system\CodeIgniter.php(832): App\Controllers\Pm->selisih_pm_gap()
#2 C:\laragon\www\spk2\system\CodeIgniter.php(419): CodeIgniter\CodeIgniter->runController(Object(App\Controllers\Pm))
#3 C:\laragon\www\spk2\system\CodeIgniter.php(326): CodeIgniter\CodeIgniter->handleRequest(NULL, Object(Config\Cache), false)
#4 C:\laragon\www\spk2\index.php(37): CodeIgniter\CodeIgniter->run()
#5 {main}
