CRITICAL - 2022-03-17 18:12:37 --> syntax error, unexpected '}', expecting ';'
#0 C:\laragon\www\spk2\system\Autoloader\Autoloader.php(241): CodeIgniter\Autoloader\Autoloader->includeFile('C:\\laragon\\www\\...')
#1 C:\laragon\www\spk2\system\Autoloader\Autoloader.php(219): CodeIgniter\Autoloader\Autoloader->loadInNamespace('App\\Controllers...')
#2 [internal function]: CodeIgniter\Autoloader\Autoloader->loadClass('App\\Controllers...')
#3 [internal function]: spl_autoload_call('App\\Controllers...')
#4 C:\laragon\www\spk2\system\CodeIgniter.php(797): class_exists('\\App\\Controller...', true)
#5 C:\laragon\www\spk2\system\CodeIgniter.php(406): CodeIgniter\CodeIgniter->startController()
#6 C:\laragon\www\spk2\system\CodeIgniter.php(326): CodeIgniter\CodeIgniter->handleRequest(NULL, Object(Config\Cache), false)
#7 C:\laragon\www\spk2\public\index.php(37): CodeIgniter\CodeIgniter->run()
#8 {main}
CRITICAL - 2022-03-17 19:10:40 --> Invalid file: ../layout/header.php
#0 C:\laragon\www\spk2\system\View\View.php(198): CodeIgniter\Exceptions\FrameworkException::forInvalidFile('../layout/heade...')
#1 C:\laragon\www\spk2\system\View\View.php(424): CodeIgniter\View\View->render('../layout/heade...', NULL, true)
#2 C:\laragon\www\spk2\app\Views\page\index.php(1): CodeIgniter\View\View->include('../layout/heade...')
#3 C:\laragon\www\spk2\system\View\View.php(210): include('C:\\laragon\\www\\...')
#4 C:\laragon\www\spk2\system\View\View.php(213): CodeIgniter\View\View->CodeIgniter\View\{closure}()
#5 C:\laragon\www\spk2\system\Common.php(1089): CodeIgniter\View\View->render('page/index', Array, true)
#6 C:\laragon\www\spk2\app\Controllers\Home.php(9): view('page/index')
#7 C:\laragon\www\spk2\system\CodeIgniter.php(832): App\Controllers\Home->index()
#8 C:\laragon\www\spk2\system\CodeIgniter.php(419): CodeIgniter\CodeIgniter->runController(Object(App\Controllers\Home))
#9 C:\laragon\www\spk2\system\CodeIgniter.php(326): CodeIgniter\CodeIgniter->handleRequest(NULL, Object(Config\Cache), false)
#10 C:\laragon\www\spk2\index.php(37): CodeIgniter\CodeIgniter->run()
#11 {main}
CRITICAL - 2022-03-17 19:20:31 --> Undefined property: CodeIgniter\View\View::$session
#0 C:\laragon\www\spk2\app\Views\layout\navbar.php(146): CodeIgniter\Debug\Exceptions->errorHandler(8, 'Undefined prope...', 'C:\\laragon\\www\\...', 146, Array)
#1 C:\laragon\www\spk2\system\View\View.php(210): include('C:\\laragon\\www\\...')
#2 C:\laragon\www\spk2\system\View\View.php(213): CodeIgniter\View\View->CodeIgniter\View\{closure}()
#3 C:\laragon\www\spk2\system\View\View.php(424): CodeIgniter\View\View->render('layout/navbar', NULL, true)
#4 C:\laragon\www\spk2\app\Views\layout\index.php(4): CodeIgniter\View\View->include('layout/navbar')
#5 C:\laragon\www\spk2\system\View\View.php(210): include('C:\\laragon\\www\\...')
#6 C:\laragon\www\spk2\system\View\View.php(213): CodeIgniter\View\View->CodeIgniter\View\{closure}()
#7 C:\laragon\www\spk2\system\View\View.php(226): CodeIgniter\View\View->render('layout/index', Array, true)
#8 C:\laragon\www\spk2\system\Common.php(1089): CodeIgniter\View\View->render('page/index', Array, true)
#9 C:\laragon\www\spk2\app\Controllers\Home.php(9): view('page/index')
#10 C:\laragon\www\spk2\system\CodeIgniter.php(832): App\Controllers\Home->index()
#11 C:\laragon\www\spk2\system\CodeIgniter.php(419): CodeIgniter\CodeIgniter->runController(Object(App\Controllers\Home))
#12 C:\laragon\www\spk2\system\CodeIgniter.php(326): CodeIgniter\CodeIgniter->handleRequest(NULL, Object(Config\Cache), false)
#13 C:\laragon\www\spk2\index.php(37): CodeIgniter\CodeIgniter->run()
#14 {main}
CRITICAL - 2022-03-17 19:21:55 --> syntax error, unexpected '?>'
#0 C:\laragon\www\spk2\system\View\View.php(213): CodeIgniter\View\View->CodeIgniter\View\{closure}()
#1 C:\laragon\www\spk2\system\View\View.php(424): CodeIgniter\View\View->render('layout/navbar', NULL, true)
#2 C:\laragon\www\spk2\app\Views\layout\index.php(4): CodeIgniter\View\View->include('layout/navbar')
#3 C:\laragon\www\spk2\system\View\View.php(210): include('C:\\laragon\\www\\...')
#4 C:\laragon\www\spk2\system\View\View.php(213): CodeIgniter\View\View->CodeIgniter\View\{closure}()
#5 C:\laragon\www\spk2\system\View\View.php(226): CodeIgniter\View\View->render('layout/index', Array, true)
#6 C:\laragon\www\spk2\system\Common.php(1089): CodeIgniter\View\View->render('page/index', Array, true)
#7 C:\laragon\www\spk2\app\Controllers\Home.php(9): view('page/index')
#8 C:\laragon\www\spk2\system\CodeIgniter.php(832): App\Controllers\Home->index()
#9 C:\laragon\www\spk2\system\CodeIgniter.php(419): CodeIgniter\CodeIgniter->runController(Object(App\Controllers\Home))
#10 C:\laragon\www\spk2\system\CodeIgniter.php(326): CodeIgniter\CodeIgniter->handleRequest(NULL, Object(Config\Cache), false)
#11 C:\laragon\www\spk2\index.php(37): CodeIgniter\CodeIgniter->run()
#12 {main}
CRITICAL - 2022-03-17 19:51:58 --> Undefined property: CodeIgniter\View\View::$session
#0 C:\laragon\www\spk2\app\Views\login\index.php(39): CodeIgniter\Debug\Exceptions->errorHandler(8, 'Undefined prope...', 'C:\\laragon\\www\\...', 39, Array)
#1 C:\laragon\www\spk2\system\View\View.php(210): include('C:\\laragon\\www\\...')
#2 C:\laragon\www\spk2\system\View\View.php(213): CodeIgniter\View\View->CodeIgniter\View\{closure}()
#3 C:\laragon\www\spk2\system\Common.php(1089): CodeIgniter\View\View->render('login/index', Array, true)
#4 C:\laragon\www\spk2\app\Controllers\Login.php(10): view('login/index')
#5 C:\laragon\www\spk2\system\CodeIgniter.php(832): App\Controllers\Login->index()
#6 C:\laragon\www\spk2\system\CodeIgniter.php(419): CodeIgniter\CodeIgniter->runController(Object(App\Controllers\Login))
#7 C:\laragon\www\spk2\system\CodeIgniter.php(326): CodeIgniter\CodeIgniter->handleRequest(NULL, Object(Config\Cache), false)
#8 C:\laragon\www\spk2\index.php(37): CodeIgniter\CodeIgniter->run()
#9 {main}
CRITICAL - 2022-03-17 19:55:46 --> Undefined variable: config
#0 C:\laragon\www\spk2\app\Controllers\Login.php(5): CodeIgniter\Debug\Exceptions->errorHandler(8, 'Undefined varia...', 'C:\\laragon\\www\\...', 5, Array)
#1 C:\laragon\www\spk2\system\Router\Router.php(518): include_once('C:\\laragon\\www\\...')
#2 C:\laragon\www\spk2\system\Router\Router.php(175): CodeIgniter\Router\Router->autoRoute('/login')
#3 C:\laragon\www\spk2\system\CodeIgniter.php(726): CodeIgniter\Router\Router->handle('/login')
#4 C:\laragon\www\spk2\system\CodeIgniter.php(368): CodeIgniter\CodeIgniter->tryToRouteIt(Object(CodeIgniter\Router\RouteCollection))
#5 C:\laragon\www\spk2\system\CodeIgniter.php(326): CodeIgniter\CodeIgniter->handleRequest(NULL, Object(Config\Cache), false)
#6 C:\laragon\www\spk2\index.php(37): CodeIgniter\CodeIgniter->run()
#7 {main}
CRITICAL - 2022-03-17 19:59:50 --> Undefined variable: session
#0 C:\laragon\www\spk2\app\Views\login\index.php(39): CodeIgniter\Debug\Exceptions->errorHandler(8, 'Undefined varia...', 'C:\\laragon\\www\\...', 39, Array)
#1 C:\laragon\www\spk2\system\View\View.php(210): include('C:\\laragon\\www\\...')
#2 C:\laragon\www\spk2\system\View\View.php(213): CodeIgniter\View\View->CodeIgniter\View\{closure}()
#3 C:\laragon\www\spk2\system\Common.php(1089): CodeIgniter\View\View->render('login/index', Array, true)
#4 C:\laragon\www\spk2\app\Controllers\Login.php(9): view('login/index')
#5 C:\laragon\www\spk2\system\CodeIgniter.php(832): App\Controllers\Login->index()
#6 C:\laragon\www\spk2\system\CodeIgniter.php(419): CodeIgniter\CodeIgniter->runController(Object(App\Controllers\Login))
#7 C:\laragon\www\spk2\system\CodeIgniter.php(326): CodeIgniter\CodeIgniter->handleRequest(NULL, Object(Config\Cache), false)
#8 C:\laragon\www\spk2\index.php(37): CodeIgniter\CodeIgniter->run()
#9 {main}
CRITICAL - 2022-03-17 20:00:18 --> Undefined variable: session
#0 C:\laragon\www\spk2\app\Views\login\index.php(39): CodeIgniter\Debug\Exceptions->errorHandler(8, 'Undefined varia...', 'C:\\laragon\\www\\...', 39, Array)
#1 C:\laragon\www\spk2\system\View\View.php(210): include('C:\\laragon\\www\\...')
#2 C:\laragon\www\spk2\system\View\View.php(213): CodeIgniter\View\View->CodeIgniter\View\{closure}()
#3 C:\laragon\www\spk2\system\Common.php(1089): CodeIgniter\View\View->render('login/index', Array, true)
#4 C:\laragon\www\spk2\app\Controllers\Login.php(9): view('login/index')
#5 C:\laragon\www\spk2\system\CodeIgniter.php(832): App\Controllers\Login->index()
#6 C:\laragon\www\spk2\system\CodeIgniter.php(419): CodeIgniter\CodeIgniter->runController(Object(App\Controllers\Login))
#7 C:\laragon\www\spk2\system\CodeIgniter.php(326): CodeIgniter\CodeIgniter->handleRequest(NULL, Object(Config\Cache), false)
#8 C:\laragon\www\spk2\index.php(37): CodeIgniter\CodeIgniter->run()
#9 {main}
CRITICAL - 2022-03-17 20:00:20 --> Undefined variable: session
#0 C:\laragon\www\spk2\app\Views\login\index.php(39): CodeIgniter\Debug\Exceptions->errorHandler(8, 'Undefined varia...', 'C:\\laragon\\www\\...', 39, Array)
#1 C:\laragon\www\spk2\system\View\View.php(210): include('C:\\laragon\\www\\...')
#2 C:\laragon\www\spk2\system\View\View.php(213): CodeIgniter\View\View->CodeIgniter\View\{closure}()
#3 C:\laragon\www\spk2\system\Common.php(1089): CodeIgniter\View\View->render('login/index', Array, true)
#4 C:\laragon\www\spk2\app\Controllers\Login.php(9): view('login/index')
#5 C:\laragon\www\spk2\system\CodeIgniter.php(832): App\Controllers\Login->index()
#6 C:\laragon\www\spk2\system\CodeIgniter.php(419): CodeIgniter\CodeIgniter->runController(Object(App\Controllers\Login))
#7 C:\laragon\www\spk2\system\CodeIgniter.php(326): CodeIgniter\CodeIgniter->handleRequest(NULL, Object(Config\Cache), false)
#8 C:\laragon\www\spk2\index.php(37): CodeIgniter\CodeIgniter->run()
#9 {main}
CRITICAL - 2022-03-17 20:10:24 --> Undefined property: App\Controllers\Login::$input
#0 C:\laragon\www\spk2\app\Controllers\Login.php(14): CodeIgniter\Debug\Exceptions->errorHandler(8, 'Undefined prope...', 'C:\\laragon\\www\\...', 14, Array)
#1 C:\laragon\www\spk2\system\CodeIgniter.php(832): App\Controllers\Login->login()
#2 C:\laragon\www\spk2\system\CodeIgniter.php(419): CodeIgniter\CodeIgniter->runController(Object(App\Controllers\Login))
#3 C:\laragon\www\spk2\system\CodeIgniter.php(326): CodeIgniter\CodeIgniter->handleRequest(NULL, Object(Config\Cache), false)
#4 C:\laragon\www\spk2\index.php(37): CodeIgniter\CodeIgniter->run()
#5 {main}
CRITICAL - 2022-03-17 20:11:28 --> Call to undefined method CodeIgniter\Database\MySQLi\Connection::where()
#0 C:\laragon\www\spk2\app\Controllers\Login.php(17): App\Models\M_login->get('hoirul')
#1 C:\laragon\www\spk2\system\CodeIgniter.php(832): App\Controllers\Login->login()
#2 C:\laragon\www\spk2\system\CodeIgniter.php(419): CodeIgniter\CodeIgniter->runController(Object(App\Controllers\Login))
#3 C:\laragon\www\spk2\system\CodeIgniter.php(326): CodeIgniter\CodeIgniter->handleRequest(NULL, Object(Config\Cache), false)
#4 C:\laragon\www\spk2\index.php(37): CodeIgniter\CodeIgniter->run()
#5 {main}
CRITICAL - 2022-03-17 20:18:59 --> Argument 1 passed to CodeIgniter\Database\BaseBuilder::get() must be of the type int or null, string given, called in C:\laragon\www\spk2\app\Models\M_login.php on line 13
#0 C:\laragon\www\spk2\app\Models\M_login.php(13): CodeIgniter\Database\BaseBuilder->get('m_user')
#1 C:\laragon\www\spk2\app\Controllers\Login.php(17): App\Models\M_login->get('hoirul')
#2 C:\laragon\www\spk2\system\CodeIgniter.php(832): App\Controllers\Login->login()
#3 C:\laragon\www\spk2\system\CodeIgniter.php(419): CodeIgniter\CodeIgniter->runController(Object(App\Controllers\Login))
#4 C:\laragon\www\spk2\system\CodeIgniter.php(326): CodeIgniter\CodeIgniter->handleRequest(NULL, Object(Config\Cache), false)
#5 C:\laragon\www\spk2\index.php(37): CodeIgniter\CodeIgniter->run()
#6 {main}
CRITICAL - 2022-03-17 20:19:41 --> Call to undefined method CodeIgniter\Database\MySQLi\Result::row()
#0 C:\laragon\www\spk2\app\Controllers\Login.php(17): App\Models\M_login->get('hoirul')
#1 C:\laragon\www\spk2\system\CodeIgniter.php(832): App\Controllers\Login->login()
#2 C:\laragon\www\spk2\system\CodeIgniter.php(419): CodeIgniter\CodeIgniter->runController(Object(App\Controllers\Login))
#3 C:\laragon\www\spk2\system\CodeIgniter.php(326): CodeIgniter\CodeIgniter->handleRequest(NULL, Object(Config\Cache), false)
#4 C:\laragon\www\spk2\index.php(37): CodeIgniter\CodeIgniter->run()
#5 {main}
CRITICAL - 2022-03-17 20:21:04 --> Call to undefined method CodeIgniter\Database\MySQLi\Builder::getRow()
#0 C:\laragon\www\spk2\app\Controllers\Login.php(17): App\Models\M_login->get('hoirul')
#1 C:\laragon\www\spk2\system\CodeIgniter.php(832): App\Controllers\Login->login()
#2 C:\laragon\www\spk2\system\CodeIgniter.php(419): CodeIgniter\CodeIgniter->runController(Object(App\Controllers\Login))
#3 C:\laragon\www\spk2\system\CodeIgniter.php(326): CodeIgniter\CodeIgniter->handleRequest(NULL, Object(Config\Cache), false)
#4 C:\laragon\www\spk2\index.php(37): CodeIgniter\CodeIgniter->run()
#5 {main}
CRITICAL - 2022-03-17 20:25:08 --> Undefined property: CodeIgniter\Database\MySQLi\Result::$username
#0 C:\laragon\www\spk2\app\Controllers\Login.php(22): CodeIgniter\Debug\Exceptions->errorHandler(8, 'Undefined prope...', 'C:\\laragon\\www\\...', 22, Array)
#1 C:\laragon\www\spk2\system\CodeIgniter.php(832): App\Controllers\Login->login()
#2 C:\laragon\www\spk2\system\CodeIgniter.php(419): CodeIgniter\CodeIgniter->runController(Object(App\Controllers\Login))
#3 C:\laragon\www\spk2\system\CodeIgniter.php(326): CodeIgniter\CodeIgniter->handleRequest(NULL, Object(Config\Cache), false)
#4 C:\laragon\www\spk2\index.php(37): CodeIgniter\CodeIgniter->run()
#5 {main}
CRITICAL - 2022-03-17 20:33:52 --> Call to undefined method CodeIgniter\Database\MySQLi\Builder::first()
#0 C:\laragon\www\spk2\app\Controllers\Login.php(17): App\Models\M_login->get('hoirul')
#1 C:\laragon\www\spk2\system\CodeIgniter.php(832): App\Controllers\Login->login()
#2 C:\laragon\www\spk2\system\CodeIgniter.php(419): CodeIgniter\CodeIgniter->runController(Object(App\Controllers\Login))
#3 C:\laragon\www\spk2\system\CodeIgniter.php(326): CodeIgniter\CodeIgniter->handleRequest(NULL, Object(Config\Cache), false)
#4 C:\laragon\www\spk2\index.php(37): CodeIgniter\CodeIgniter->run()
#5 {main}
ERROR - 2022-03-17 20:36:50 --> Unknown column 'hoirul' in 'where clause'
CRITICAL - 2022-03-17 20:36:50 --> Unknown column 'hoirul' in 'where clause'
#0 C:\laragon\www\spk2\system\Database\MySQLi\Connection.php(292): mysqli->query('SELECT * from m...', 0)
#1 C:\laragon\www\spk2\system\Database\BaseConnection.php(670): CodeIgniter\Database\MySQLi\Connection->execute('SELECT * from m...')
#2 C:\laragon\www\spk2\system\Database\BaseConnection.php(598): CodeIgniter\Database\BaseConnection->simpleQuery('SELECT * from m...')
#3 C:\laragon\www\spk2\app\Models\M_login.php(14): CodeIgniter\Database\BaseConnection->query('SELECT * from m...')
#4 C:\laragon\www\spk2\app\Controllers\Login.php(17): App\Models\M_login->get('hoirul')
#5 C:\laragon\www\spk2\system\CodeIgniter.php(832): App\Controllers\Login->login()
#6 C:\laragon\www\spk2\system\CodeIgniter.php(419): CodeIgniter\CodeIgniter->runController(Object(App\Controllers\Login))
#7 C:\laragon\www\spk2\system\CodeIgniter.php(326): CodeIgniter\CodeIgniter->handleRequest(NULL, Object(Config\Cache), false)
#8 C:\laragon\www\spk2\index.php(37): CodeIgniter\CodeIgniter->run()
#9 {main}
ERROR - 2022-03-17 20:37:18 --> Unknown column 'hoirul' in 'where clause'
CRITICAL - 2022-03-17 20:37:18 --> Unknown column 'hoirul' in 'where clause'
#0 C:\laragon\www\spk2\system\Database\MySQLi\Connection.php(292): mysqli->query('SELECT * from m...', 0)
#1 C:\laragon\www\spk2\system\Database\BaseConnection.php(670): CodeIgniter\Database\MySQLi\Connection->execute('SELECT * from m...')
#2 C:\laragon\www\spk2\system\Database\BaseConnection.php(598): CodeIgniter\Database\BaseConnection->simpleQuery('SELECT * from m...')
#3 C:\laragon\www\spk2\app\Models\M_login.php(14): CodeIgniter\Database\BaseConnection->query('SELECT * from m...')
#4 C:\laragon\www\spk2\app\Controllers\Login.php(17): App\Models\M_login->get('hoirul')
#5 C:\laragon\www\spk2\system\CodeIgniter.php(832): App\Controllers\Login->login()
#6 C:\laragon\www\spk2\system\CodeIgniter.php(419): CodeIgniter\CodeIgniter->runController(Object(App\Controllers\Login))
#7 C:\laragon\www\spk2\system\CodeIgniter.php(326): CodeIgniter\CodeIgniter->handleRequest(NULL, Object(Config\Cache), false)
#8 C:\laragon\www\spk2\index.php(37): CodeIgniter\CodeIgniter->run()
#9 {main}
ERROR - 2022-03-17 20:40:48 --> Unknown column 'hoirul' in 'where clause'
CRITICAL - 2022-03-17 20:40:48 --> Unknown column 'hoirul' in 'where clause'
#0 C:\laragon\www\spk2\system\Database\MySQLi\Connection.php(292): mysqli->query('SELECT * from m...', 0)
#1 C:\laragon\www\spk2\system\Database\BaseConnection.php(670): CodeIgniter\Database\MySQLi\Connection->execute('SELECT * from m...')
#2 C:\laragon\www\spk2\system\Database\BaseConnection.php(598): CodeIgniter\Database\BaseConnection->simpleQuery('SELECT * from m...')
#3 C:\laragon\www\spk2\app\Models\M_login.php(14): CodeIgniter\Database\BaseConnection->query('SELECT * from m...')
#4 C:\laragon\www\spk2\app\Controllers\Login.php(17): App\Models\M_login->get('hoirul')
#5 C:\laragon\www\spk2\system\CodeIgniter.php(832): App\Controllers\Login->login()
#6 C:\laragon\www\spk2\system\CodeIgniter.php(419): CodeIgniter\CodeIgniter->runController(Object(App\Controllers\Login))
#7 C:\laragon\www\spk2\system\CodeIgniter.php(326): CodeIgniter\CodeIgniter->handleRequest(NULL, Object(Config\Cache), false)
#8 C:\laragon\www\spk2\index.php(37): CodeIgniter\CodeIgniter->run()
#9 {main}
ERROR - 2022-03-17 20:43:18 --> Unknown column 'hoirul' in 'where clause'
CRITICAL - 2022-03-17 20:43:18 --> Unknown column 'hoirul' in 'where clause'
#0 C:\laragon\www\spk2\system\Database\MySQLi\Connection.php(292): mysqli->query('SELECT * from m...', 0)
#1 C:\laragon\www\spk2\system\Database\BaseConnection.php(670): CodeIgniter\Database\MySQLi\Connection->execute('SELECT * from m...')
#2 C:\laragon\www\spk2\system\Database\BaseConnection.php(598): CodeIgniter\Database\BaseConnection->simpleQuery('SELECT * from m...')
#3 C:\laragon\www\spk2\app\Models\M_login.php(14): CodeIgniter\Database\BaseConnection->query('SELECT * from m...')
#4 C:\laragon\www\spk2\app\Controllers\Login.php(17): App\Models\M_login->get('hoirul')
#5 C:\laragon\www\spk2\system\CodeIgniter.php(832): App\Controllers\Login->login()
#6 C:\laragon\www\spk2\system\CodeIgniter.php(419): CodeIgniter\CodeIgniter->runController(Object(App\Controllers\Login))
#7 C:\laragon\www\spk2\system\CodeIgniter.php(326): CodeIgniter\CodeIgniter->handleRequest(NULL, Object(Config\Cache), false)
#8 C:\laragon\www\spk2\index.php(37): CodeIgniter\CodeIgniter->run()
#9 {main}
ERROR - 2022-03-17 20:43:27 --> Unknown column 'hoirul' in 'where clause'
CRITICAL - 2022-03-17 20:43:27 --> Unknown column 'hoirul' in 'where clause'
#0 C:\laragon\www\spk2\system\Database\MySQLi\Connection.php(292): mysqli->query('SELECT * from m...', 0)
#1 C:\laragon\www\spk2\system\Database\BaseConnection.php(670): CodeIgniter\Database\MySQLi\Connection->execute('SELECT * from m...')
#2 C:\laragon\www\spk2\system\Database\BaseConnection.php(598): CodeIgniter\Database\BaseConnection->simpleQuery('SELECT * from m...')
#3 C:\laragon\www\spk2\app\Models\M_login.php(14): CodeIgniter\Database\BaseConnection->query('SELECT * from m...')
#4 C:\laragon\www\spk2\app\Controllers\Login.php(17): App\Models\M_login->get('hoirul')
#5 C:\laragon\www\spk2\system\CodeIgniter.php(832): App\Controllers\Login->login()
#6 C:\laragon\www\spk2\system\CodeIgniter.php(419): CodeIgniter\CodeIgniter->runController(Object(App\Controllers\Login))
#7 C:\laragon\www\spk2\system\CodeIgniter.php(326): CodeIgniter\CodeIgniter->handleRequest(NULL, Object(Config\Cache), false)
#8 C:\laragon\www\spk2\index.php(37): CodeIgniter\CodeIgniter->run()
#9 {main}
ERROR - 2022-03-17 20:43:34 --> Unknown column 'hoirul' in 'where clause'
CRITICAL - 2022-03-17 20:43:34 --> Unknown column 'hoirul' in 'where clause'
#0 C:\laragon\www\spk2\system\Database\MySQLi\Connection.php(292): mysqli->query('SELECT * from m...', 0)
#1 C:\laragon\www\spk2\system\Database\BaseConnection.php(670): CodeIgniter\Database\MySQLi\Connection->execute('SELECT * from m...')
#2 C:\laragon\www\spk2\system\Database\BaseConnection.php(598): CodeIgniter\Database\BaseConnection->simpleQuery('SELECT * from m...')
#3 C:\laragon\www\spk2\app\Models\M_login.php(14): CodeIgniter\Database\BaseConnection->query('SELECT * from m...')
#4 C:\laragon\www\spk2\app\Controllers\Login.php(17): App\Models\M_login->get('hoirul')
#5 C:\laragon\www\spk2\system\CodeIgniter.php(832): App\Controllers\Login->login()
#6 C:\laragon\www\spk2\system\CodeIgniter.php(419): CodeIgniter\CodeIgniter->runController(Object(App\Controllers\Login))
#7 C:\laragon\www\spk2\system\CodeIgniter.php(326): CodeIgniter\CodeIgniter->handleRequest(NULL, Object(Config\Cache), false)
#8 C:\laragon\www\spk2\index.php(37): CodeIgniter\CodeIgniter->run()
#9 {main}
ERROR - 2022-03-17 20:44:03 --> Unknown column 'hoirul' in 'where clause'
CRITICAL - 2022-03-17 20:44:03 --> Unknown column 'hoirul' in 'where clause'
#0 C:\laragon\www\spk2\system\Database\MySQLi\Connection.php(292): mysqli->query('SELECT * from m...', 0)
#1 C:\laragon\www\spk2\system\Database\BaseConnection.php(670): CodeIgniter\Database\MySQLi\Connection->execute('SELECT * from m...')
#2 C:\laragon\www\spk2\system\Database\BaseConnection.php(598): CodeIgniter\Database\BaseConnection->simpleQuery('SELECT * from m...')
#3 C:\laragon\www\spk2\app\Models\M_login.php(14): CodeIgniter\Database\BaseConnection->query('SELECT * from m...')
#4 C:\laragon\www\spk2\app\Controllers\Login.php(17): App\Models\M_login->get('hoirul')
#5 C:\laragon\www\spk2\system\CodeIgniter.php(832): App\Controllers\Login->login()
#6 C:\laragon\www\spk2\system\CodeIgniter.php(419): CodeIgniter\CodeIgniter->runController(Object(App\Controllers\Login))
#7 C:\laragon\www\spk2\system\CodeIgniter.php(326): CodeIgniter\CodeIgniter->handleRequest(NULL, Object(Config\Cache), false)
#8 C:\laragon\www\spk2\index.php(37): CodeIgniter\CodeIgniter->run()
#9 {main}
CRITICAL - 2022-03-17 20:44:16 -->  route cannot be found while reverse-routing.
#0 C:\laragon\www\spk2\system\HTTP\RedirectResponse.php(56): CodeIgniter\HTTP\Exceptions\HTTPException::forInvalidRedirectRoute('')
#1 C:\laragon\www\spk2\system\Common.php(832): CodeIgniter\HTTP\RedirectResponse->route(false)
#2 C:\laragon\www\spk2\app\Controllers\Login.php(20): redirect('login')
#3 C:\laragon\www\spk2\system\CodeIgniter.php(832): App\Controllers\Login->login()
#4 C:\laragon\www\spk2\system\CodeIgniter.php(419): CodeIgniter\CodeIgniter->runController(Object(App\Controllers\Login))
#5 C:\laragon\www\spk2\system\CodeIgniter.php(326): CodeIgniter\CodeIgniter->handleRequest(NULL, Object(Config\Cache), false)
#6 C:\laragon\www\spk2\index.php(37): CodeIgniter\CodeIgniter->run()
#7 {main}
CRITICAL - 2022-03-17 20:45:12 -->  route cannot be found while reverse-routing.
#0 C:\laragon\www\spk2\system\HTTP\RedirectResponse.php(56): CodeIgniter\HTTP\Exceptions\HTTPException::forInvalidRedirectRoute('')
#1 C:\laragon\www\spk2\system\Common.php(832): CodeIgniter\HTTP\RedirectResponse->route(false)
#2 C:\laragon\www\spk2\app\Controllers\Login.php(20): redirect('login')
#3 C:\laragon\www\spk2\system\CodeIgniter.php(832): App\Controllers\Login->login()
#4 C:\laragon\www\spk2\system\CodeIgniter.php(419): CodeIgniter\CodeIgniter->runController(Object(App\Controllers\Login))
#5 C:\laragon\www\spk2\system\CodeIgniter.php(326): CodeIgniter\CodeIgniter->handleRequest(NULL, Object(Config\Cache), false)
#6 C:\laragon\www\spk2\index.php(37): CodeIgniter\CodeIgniter->run()
#7 {main}
CRITICAL - 2022-03-17 20:45:28 -->  route cannot be found while reverse-routing.
#0 C:\laragon\www\spk2\system\HTTP\RedirectResponse.php(56): CodeIgniter\HTTP\Exceptions\HTTPException::forInvalidRedirectRoute('')
#1 C:\laragon\www\spk2\system\Common.php(832): CodeIgniter\HTTP\RedirectResponse->route(false)
#2 C:\laragon\www\spk2\app\Controllers\Login.php(20): redirect('login')
#3 C:\laragon\www\spk2\system\CodeIgniter.php(832): App\Controllers\Login->login()
#4 C:\laragon\www\spk2\system\CodeIgniter.php(419): CodeIgniter\CodeIgniter->runController(Object(App\Controllers\Login))
#5 C:\laragon\www\spk2\system\CodeIgniter.php(326): CodeIgniter\CodeIgniter->handleRequest(NULL, Object(Config\Cache), false)
#6 C:\laragon\www\spk2\index.php(37): CodeIgniter\CodeIgniter->run()
#7 {main}
CRITICAL - 2022-03-17 20:46:41 -->  route cannot be found while reverse-routing.
#0 C:\laragon\www\spk2\system\HTTP\RedirectResponse.php(56): CodeIgniter\HTTP\Exceptions\HTTPException::forInvalidRedirectRoute('')
#1 C:\laragon\www\spk2\system\Common.php(832): CodeIgniter\HTTP\RedirectResponse->route(false)
#2 C:\laragon\www\spk2\app\Controllers\Login.php(20): redirect('login')
#3 C:\laragon\www\spk2\system\CodeIgniter.php(832): App\Controllers\Login->login()
#4 C:\laragon\www\spk2\system\CodeIgniter.php(419): CodeIgniter\CodeIgniter->runController(Object(App\Controllers\Login))
#5 C:\laragon\www\spk2\system\CodeIgniter.php(326): CodeIgniter\CodeIgniter->handleRequest(NULL, Object(Config\Cache), false)
#6 C:\laragon\www\spk2\index.php(37): CodeIgniter\CodeIgniter->run()
#7 {main}
CRITICAL - 2022-03-17 21:02:02 -->  route cannot be found while reverse-routing.
#0 C:\laragon\www\spk2\system\HTTP\RedirectResponse.php(56): CodeIgniter\HTTP\Exceptions\HTTPException::forInvalidRedirectRoute('')
#1 C:\laragon\www\spk2\system\Common.php(832): CodeIgniter\HTTP\RedirectResponse->route(false)
#2 C:\laragon\www\spk2\app\Controllers\Login.php(20): redirect('login')
#3 C:\laragon\www\spk2\system\CodeIgniter.php(832): App\Controllers\Login->login()
#4 C:\laragon\www\spk2\system\CodeIgniter.php(419): CodeIgniter\CodeIgniter->runController(Object(App\Controllers\Login))
#5 C:\laragon\www\spk2\system\CodeIgniter.php(326): CodeIgniter\CodeIgniter->handleRequest(NULL, Object(Config\Cache), false)
#6 C:\laragon\www\spk2\index.php(37): CodeIgniter\CodeIgniter->run()
#7 {main}
CRITICAL - 2022-03-17 21:02:26 -->  route cannot be found while reverse-routing.
#0 C:\laragon\www\spk2\system\HTTP\RedirectResponse.php(56): CodeIgniter\HTTP\Exceptions\HTTPException::forInvalidRedirectRoute('')
#1 C:\laragon\www\spk2\system\Common.php(832): CodeIgniter\HTTP\RedirectResponse->route(false)
#2 C:\laragon\www\spk2\app\Controllers\Login.php(20): redirect('login')
#3 C:\laragon\www\spk2\system\CodeIgniter.php(832): App\Controllers\Login->login()
#4 C:\laragon\www\spk2\system\CodeIgniter.php(419): CodeIgniter\CodeIgniter->runController(Object(App\Controllers\Login))
#5 C:\laragon\www\spk2\system\CodeIgniter.php(326): CodeIgniter\CodeIgniter->handleRequest(NULL, Object(Config\Cache), false)
#6 C:\laragon\www\spk2\index.php(37): CodeIgniter\CodeIgniter->run()
#7 {main}
CRITICAL - 2022-03-17 21:03:33 --> Call to a member function set() on array
#0 C:\laragon\www\spk2\system\CodeIgniter.php(832): App\Controllers\Login->login()
#1 C:\laragon\www\spk2\system\CodeIgniter.php(419): CodeIgniter\CodeIgniter->runController(Object(App\Controllers\Login))
#2 C:\laragon\www\spk2\system\CodeIgniter.php(326): CodeIgniter\CodeIgniter->handleRequest(NULL, Object(Config\Cache), false)
#3 C:\laragon\www\spk2\index.php(37): CodeIgniter\CodeIgniter->run()
#4 {main}
