ERROR - 2022-06-12 21:37:19 --> Unknown column 'alternatif' in 'field list'
CRITICAL - 2022-06-12 21:37:19 --> Unknown column 'alternatif' in 'field list'
#0 C:\laragon\www\spk2\system\Database\MySQLi\Connection.php(292): mysqli->query('INSERT INTO `m_...', 0)
#1 C:\laragon\www\spk2\system\Database\BaseConnection.php(670): CodeIgniter\Database\MySQLi\Connection->execute('INSERT INTO `m_...')
#2 C:\laragon\www\spk2\system\Database\BaseConnection.php(598): CodeIgniter\Database\BaseConnection->simpleQuery('INSERT INTO `m_...')
#3 C:\laragon\www\spk2\system\Database\BaseBuilder.php(1771): CodeIgniter\Database\BaseConnection->query('INSERT INTO `m_...', Array, false)
#4 C:\laragon\www\spk2\app\Views\page\metode_saw_result.php(153): CodeIgniter\Database\BaseBuilder->insert(Array)
#5 C:\laragon\www\spk2\system\View\View.php(210): include('C:\\laragon\\www\\...')
#6 C:\laragon\www\spk2\system\View\View.php(213): CodeIgniter\View\View->CodeIgniter\View\{closure}()
#7 C:\laragon\www\spk2\system\Common.php(1089): CodeIgniter\View\View->render('/page/metode_sa...', Array, true)
#8 C:\laragon\www\spk2\app\Controllers\Saw.php(30): view('/page/metode_sa...', Array)
#9 C:\laragon\www\spk2\system\CodeIgniter.php(832): App\Controllers\Saw->result_saw()
#10 C:\laragon\www\spk2\system\CodeIgniter.php(419): CodeIgniter\CodeIgniter->runController(Object(App\Controllers\Saw))
#11 C:\laragon\www\spk2\system\CodeIgniter.php(326): CodeIgniter\CodeIgniter->handleRequest(NULL, Object(Config\Cache), false)
#12 C:\laragon\www\spk2\index.php(37): CodeIgniter\CodeIgniter->run()
#13 {main}
CRITICAL - 2022-06-12 23:48:12 --> Call to a member function where() on array
#0 C:\laragon\www\spk2\system\CodeIgniter.php(832): App\Controllers\Berkas->get_berkas()
#1 C:\laragon\www\spk2\system\CodeIgniter.php(419): CodeIgniter\CodeIgniter->runController(Object(App\Controllers\Berkas))
#2 C:\laragon\www\spk2\system\CodeIgniter.php(326): CodeIgniter\CodeIgniter->handleRequest(NULL, Object(Config\Cache), false)
#3 C:\laragon\www\spk2\index.php(37): CodeIgniter\CodeIgniter->run()
#4 {main}
CRITICAL - 2022-06-12 23:49:21 --> Call to a member function where() on array
#0 C:\laragon\www\spk2\system\CodeIgniter.php(832): App\Controllers\Berkas->get_berkas()
#1 C:\laragon\www\spk2\system\CodeIgniter.php(419): CodeIgniter\CodeIgniter->runController(Object(App\Controllers\Berkas))
#2 C:\laragon\www\spk2\system\CodeIgniter.php(326): CodeIgniter\CodeIgniter->handleRequest(NULL, Object(Config\Cache), false)
#3 C:\laragon\www\spk2\index.php(37): CodeIgniter\CodeIgniter->run()
#4 {main}
CRITICAL - 2022-06-12 23:51:22 --> Function name must be a string
#0 C:\laragon\www\spk2\app\Controllers\Berkas.php(24): App\Models\M_berkas->getBerkas2()
#1 C:\laragon\www\spk2\system\CodeIgniter.php(832): App\Controllers\Berkas->get_berkas()
#2 C:\laragon\www\spk2\system\CodeIgniter.php(419): CodeIgniter\CodeIgniter->runController(Object(App\Controllers\Berkas))
#3 C:\laragon\www\spk2\system\CodeIgniter.php(326): CodeIgniter\CodeIgniter->handleRequest(NULL, Object(Config\Cache), false)
#4 C:\laragon\www\spk2\index.php(37): CodeIgniter\CodeIgniter->run()
#5 {main}
CRITICAL - 2022-06-12 23:55:18 --> Function name must be a string
#0 C:\laragon\www\spk2\app\Controllers\Berkas.php(24): App\Models\M_berkas->getBerkas2()
#1 C:\laragon\www\spk2\system\CodeIgniter.php(832): App\Controllers\Berkas->get_berkas()
#2 C:\laragon\www\spk2\system\CodeIgniter.php(419): CodeIgniter\CodeIgniter->runController(Object(App\Controllers\Berkas))
#3 C:\laragon\www\spk2\system\CodeIgniter.php(326): CodeIgniter\CodeIgniter->handleRequest(NULL, Object(Config\Cache), false)
#4 C:\laragon\www\spk2\index.php(37): CodeIgniter\CodeIgniter->run()
#5 {main}
CRITICAL - 2022-06-12 23:57:43 --> Function name must be a string
#0 C:\laragon\www\spk2\app\Controllers\Berkas.php(24): App\Models\M_berkas->getBerkas2()
#1 C:\laragon\www\spk2\system\CodeIgniter.php(832): App\Controllers\Berkas->get_berkas()
#2 C:\laragon\www\spk2\system\CodeIgniter.php(419): CodeIgniter\CodeIgniter->runController(Object(App\Controllers\Berkas))
#3 C:\laragon\www\spk2\system\CodeIgniter.php(326): CodeIgniter\CodeIgniter->handleRequest(NULL, Object(Config\Cache), false)
#4 C:\laragon\www\spk2\index.php(37): CodeIgniter\CodeIgniter->run()
#5 {main}
CRITICAL - 2022-06-12 23:58:40 --> Function name must be a string
#0 C:\laragon\www\spk2\app\Controllers\Berkas.php(24): App\Models\M_berkas->getBerkas2()
#1 C:\laragon\www\spk2\system\CodeIgniter.php(832): App\Controllers\Berkas->get_berkas()
#2 C:\laragon\www\spk2\system\CodeIgniter.php(419): CodeIgniter\CodeIgniter->runController(Object(App\Controllers\Berkas))
#3 C:\laragon\www\spk2\system\CodeIgniter.php(326): CodeIgniter\CodeIgniter->handleRequest(NULL, Object(Config\Cache), false)
#4 C:\laragon\www\spk2\index.php(37): CodeIgniter\CodeIgniter->run()
#5 {main}
CRITICAL - 2022-06-12 23:59:50 --> syntax error, unexpected 'id' (T_STRING)
#0 C:\laragon\www\spk2\system\Router\Router.php(175): CodeIgniter\Router\Router->autoRoute('/berkas/show_be...')
#1 C:\laragon\www\spk2\system\CodeIgniter.php(726): CodeIgniter\Router\Router->handle('/berkas/show_be...')
#2 C:\laragon\www\spk2\system\CodeIgniter.php(368): CodeIgniter\CodeIgniter->tryToRouteIt(Object(CodeIgniter\Router\RouteCollection))
#3 C:\laragon\www\spk2\system\CodeIgniter.php(326): CodeIgniter\CodeIgniter->handleRequest(NULL, Object(Config\Cache), false)
#4 C:\laragon\www\spk2\index.php(37): CodeIgniter\CodeIgniter->run()
#5 {main}
