CRITICAL - 2022-06-24 08:39:38 --> A non well formed numeric value encountered
#0 C:\laragon\www\spk2\app\Views\page\metode_saw_result.php(215): CodeIgniter\Debug\Exceptions->errorHandler(8, 'A non well form...', 'C:\\laragon\\www\\...', 215, Array)
#1 C:\laragon\www\spk2\system\View\View.php(210): include('C:\\laragon\\www\\...')
#2 C:\laragon\www\spk2\system\View\View.php(213): CodeIgniter\View\View->CodeIgniter\View\{closure}()
#3 C:\laragon\www\spk2\system\Common.php(1089): CodeIgniter\View\View->render('/page/metode_sa...', Array, true)
#4 C:\laragon\www\spk2\app\Controllers\Saw.php(30): view('/page/metode_sa...', Array)
#5 C:\laragon\www\spk2\system\CodeIgniter.php(832): App\Controllers\Saw->result_saw()
#6 C:\laragon\www\spk2\system\CodeIgniter.php(419): CodeIgniter\CodeIgniter->runController(Object(App\Controllers\Saw))
#7 C:\laragon\www\spk2\system\CodeIgniter.php(326): CodeIgniter\CodeIgniter->handleRequest(NULL, Object(Config\Cache), false)
#8 C:\laragon\www\spk2\index.php(37): CodeIgniter\CodeIgniter->run()
#9 {main}
CRITICAL - 2022-06-24 08:44:20 --> max(): When only one parameter is given, it must be an array
#0 [internal function]: CodeIgniter\Debug\Exceptions->errorHandler(2, 'max(): When onl...', 'C:\\laragon\\www\\...', 43, Array)
#1 C:\laragon\www\spk2\app\Views\page\metode_saw_result.php(43): max(0)
#2 C:\laragon\www\spk2\system\View\View.php(210): include('C:\\laragon\\www\\...')
#3 C:\laragon\www\spk2\system\View\View.php(213): CodeIgniter\View\View->CodeIgniter\View\{closure}()
#4 C:\laragon\www\spk2\system\Common.php(1089): CodeIgniter\View\View->render('/page/metode_sa...', Array, true)
#5 C:\laragon\www\spk2\app\Controllers\Saw.php(30): view('/page/metode_sa...', Array)
#6 C:\laragon\www\spk2\system\CodeIgniter.php(832): App\Controllers\Saw->result_saw()
#7 C:\laragon\www\spk2\system\CodeIgniter.php(419): CodeIgniter\CodeIgniter->runController(Object(App\Controllers\Saw))
#8 C:\laragon\www\spk2\system\CodeIgniter.php(326): CodeIgniter\CodeIgniter->handleRequest(NULL, Object(Config\Cache), false)
#9 C:\laragon\www\spk2\index.php(37): CodeIgniter\CodeIgniter->run()
#10 {main}
CRITICAL - 2022-06-24 08:45:17 --> max(): When only one parameter is given, it must be an array
#0 [internal function]: CodeIgniter\Debug\Exceptions->errorHandler(2, 'max(): When onl...', 'C:\\laragon\\www\\...', 43, Array)
#1 C:\laragon\www\spk2\app\Views\page\metode_saw_result.php(43): max(0)
#2 C:\laragon\www\spk2\system\View\View.php(210): include('C:\\laragon\\www\\...')
#3 C:\laragon\www\spk2\system\View\View.php(213): CodeIgniter\View\View->CodeIgniter\View\{closure}()
#4 C:\laragon\www\spk2\system\Common.php(1089): CodeIgniter\View\View->render('/page/metode_sa...', Array, true)
#5 C:\laragon\www\spk2\app\Controllers\Saw.php(30): view('/page/metode_sa...', Array)
#6 C:\laragon\www\spk2\system\CodeIgniter.php(832): App\Controllers\Saw->result_saw()
#7 C:\laragon\www\spk2\system\CodeIgniter.php(419): CodeIgniter\CodeIgniter->runController(Object(App\Controllers\Saw))
#8 C:\laragon\www\spk2\system\CodeIgniter.php(326): CodeIgniter\CodeIgniter->handleRequest(NULL, Object(Config\Cache), false)
#9 C:\laragon\www\spk2\index.php(37): CodeIgniter\CodeIgniter->run()
#10 {main}
CRITICAL - 2022-06-24 08:45:59 --> max(): When only one parameter is given, it must be an array
#0 [internal function]: CodeIgniter\Debug\Exceptions->errorHandler(2, 'max(): When onl...', 'C:\\laragon\\www\\...', 43, Array)
#1 C:\laragon\www\spk2\app\Views\page\metode_saw_result.php(43): max(0)
#2 C:\laragon\www\spk2\system\View\View.php(210): include('C:\\laragon\\www\\...')
#3 C:\laragon\www\spk2\system\View\View.php(213): CodeIgniter\View\View->CodeIgniter\View\{closure}()
#4 C:\laragon\www\spk2\system\Common.php(1089): CodeIgniter\View\View->render('/page/metode_sa...', Array, true)
#5 C:\laragon\www\spk2\app\Controllers\Saw.php(30): view('/page/metode_sa...', Array)
#6 C:\laragon\www\spk2\system\CodeIgniter.php(832): App\Controllers\Saw->result_saw()
#7 C:\laragon\www\spk2\system\CodeIgniter.php(419): CodeIgniter\CodeIgniter->runController(Object(App\Controllers\Saw))
#8 C:\laragon\www\spk2\system\CodeIgniter.php(326): CodeIgniter\CodeIgniter->handleRequest(NULL, Object(Config\Cache), false)
#9 C:\laragon\www\spk2\index.php(37): CodeIgniter\CodeIgniter->run()
#10 {main}
CRITICAL - 2022-06-24 08:46:18 --> max(): When only one parameter is given, it must be an array
#0 [internal function]: CodeIgniter\Debug\Exceptions->errorHandler(2, 'max(): When onl...', 'C:\\laragon\\www\\...', 43, Array)
#1 C:\laragon\www\spk2\app\Views\page\metode_saw_result.php(43): max('')
#2 C:\laragon\www\spk2\system\View\View.php(210): include('C:\\laragon\\www\\...')
#3 C:\laragon\www\spk2\system\View\View.php(213): CodeIgniter\View\View->CodeIgniter\View\{closure}()
#4 C:\laragon\www\spk2\system\Common.php(1089): CodeIgniter\View\View->render('/page/metode_sa...', Array, true)
#5 C:\laragon\www\spk2\app\Controllers\Saw.php(30): view('/page/metode_sa...', Array)
#6 C:\laragon\www\spk2\system\CodeIgniter.php(832): App\Controllers\Saw->result_saw()
#7 C:\laragon\www\spk2\system\CodeIgniter.php(419): CodeIgniter\CodeIgniter->runController(Object(App\Controllers\Saw))
#8 C:\laragon\www\spk2\system\CodeIgniter.php(326): CodeIgniter\CodeIgniter->handleRequest(NULL, Object(Config\Cache), false)
#9 C:\laragon\www\spk2\index.php(37): CodeIgniter\CodeIgniter->run()
#10 {main}
CRITICAL - 2022-06-24 08:48:27 --> Undefined variable: ad_k1
#0 C:\laragon\www\spk2\app\Views\page\metode_saw_result.php(43): CodeIgniter\Debug\Exceptions->errorHandler(8, 'Undefined varia...', 'C:\\laragon\\www\\...', 43, Array)
#1 C:\laragon\www\spk2\system\View\View.php(210): include('C:\\laragon\\www\\...')
#2 C:\laragon\www\spk2\system\View\View.php(213): CodeIgniter\View\View->CodeIgniter\View\{closure}()
#3 C:\laragon\www\spk2\system\Common.php(1089): CodeIgniter\View\View->render('/page/metode_sa...', Array, true)
#4 C:\laragon\www\spk2\app\Controllers\Saw.php(30): view('/page/metode_sa...', Array)
#5 C:\laragon\www\spk2\system\CodeIgniter.php(832): App\Controllers\Saw->result_saw()
#6 C:\laragon\www\spk2\system\CodeIgniter.php(419): CodeIgniter\CodeIgniter->runController(Object(App\Controllers\Saw))
#7 C:\laragon\www\spk2\system\CodeIgniter.php(326): CodeIgniter\CodeIgniter->handleRequest(NULL, Object(Config\Cache), false)
#8 C:\laragon\www\spk2\index.php(37): CodeIgniter\CodeIgniter->run()
#9 {main}
CRITICAL - 2022-06-24 08:50:45 --> Undefined variable: ad_k1
#0 C:\laragon\www\spk2\app\Views\page\metode_saw_result.php(44): CodeIgniter\Debug\Exceptions->errorHandler(8, 'Undefined varia...', 'C:\\laragon\\www\\...', 44, Array)
#1 C:\laragon\www\spk2\system\View\View.php(210): include('C:\\laragon\\www\\...')
#2 C:\laragon\www\spk2\system\View\View.php(213): CodeIgniter\View\View->CodeIgniter\View\{closure}()
#3 C:\laragon\www\spk2\system\Common.php(1089): CodeIgniter\View\View->render('/page/metode_sa...', Array, true)
#4 C:\laragon\www\spk2\app\Controllers\Saw.php(30): view('/page/metode_sa...', Array)
#5 C:\laragon\www\spk2\system\CodeIgniter.php(832): App\Controllers\Saw->result_saw()
#6 C:\laragon\www\spk2\system\CodeIgniter.php(419): CodeIgniter\CodeIgniter->runController(Object(App\Controllers\Saw))
#7 C:\laragon\www\spk2\system\CodeIgniter.php(326): CodeIgniter\CodeIgniter->handleRequest(NULL, Object(Config\Cache), false)
#8 C:\laragon\www\spk2\index.php(37): CodeIgniter\CodeIgniter->run()
#9 {main}
CRITICAL - 2022-06-24 08:51:15 --> Undefined variable: tertinggi
#0 C:\laragon\www\spk2\app\Views\page\metode_saw_result.php(51): CodeIgniter\Debug\Exceptions->errorHandler(8, 'Undefined varia...', 'C:\\laragon\\www\\...', 51, Array)
#1 C:\laragon\www\spk2\system\View\View.php(210): include('C:\\laragon\\www\\...')
#2 C:\laragon\www\spk2\system\View\View.php(213): CodeIgniter\View\View->CodeIgniter\View\{closure}()
#3 C:\laragon\www\spk2\system\Common.php(1089): CodeIgniter\View\View->render('/page/metode_sa...', Array, true)
#4 C:\laragon\www\spk2\app\Controllers\Saw.php(30): view('/page/metode_sa...', Array)
#5 C:\laragon\www\spk2\system\CodeIgniter.php(832): App\Controllers\Saw->result_saw()
#6 C:\laragon\www\spk2\system\CodeIgniter.php(419): CodeIgniter\CodeIgniter->runController(Object(App\Controllers\Saw))
#7 C:\laragon\www\spk2\system\CodeIgniter.php(326): CodeIgniter\CodeIgniter->handleRequest(NULL, Object(Config\Cache), false)
#8 C:\laragon\www\spk2\index.php(37): CodeIgniter\CodeIgniter->run()
#9 {main}
CRITICAL - 2022-06-24 08:51:52 --> max(): When only one parameter is given, it must be an array
#0 [internal function]: CodeIgniter\Debug\Exceptions->errorHandler(2, 'max(): When onl...', 'C:\\laragon\\www\\...', 57, Array)
#1 C:\laragon\www\spk2\app\Views\page\metode_saw_result.php(57): max('')
#2 C:\laragon\www\spk2\system\View\View.php(210): include('C:\\laragon\\www\\...')
#3 C:\laragon\www\spk2\system\View\View.php(213): CodeIgniter\View\View->CodeIgniter\View\{closure}()
#4 C:\laragon\www\spk2\system\Common.php(1089): CodeIgniter\View\View->render('/page/metode_sa...', Array, true)
#5 C:\laragon\www\spk2\app\Controllers\Saw.php(30): view('/page/metode_sa...', Array)
#6 C:\laragon\www\spk2\system\CodeIgniter.php(832): App\Controllers\Saw->result_saw()
#7 C:\laragon\www\spk2\system\CodeIgniter.php(419): CodeIgniter\CodeIgniter->runController(Object(App\Controllers\Saw))
#8 C:\laragon\www\spk2\system\CodeIgniter.php(326): CodeIgniter\CodeIgniter->handleRequest(NULL, Object(Config\Cache), false)
#9 C:\laragon\www\spk2\index.php(37): CodeIgniter\CodeIgniter->run()
#10 {main}
CRITICAL - 2022-06-24 09:35:40 --> syntax error, unexpected '?>'
#0 C:\laragon\www\spk2\system\View\View.php(213): CodeIgniter\View\View->CodeIgniter\View\{closure}()
#1 C:\laragon\www\spk2\system\Common.php(1089): CodeIgniter\View\View->render('page/metode_pm', Array, true)
#2 C:\laragon\www\spk2\app\Controllers\Home.php(32): view('page/metode_pm')
#3 C:\laragon\www\spk2\system\CodeIgniter.php(832): App\Controllers\Home->metode_pm()
#4 C:\laragon\www\spk2\system\CodeIgniter.php(419): CodeIgniter\CodeIgniter->runController(Object(App\Controllers\Home))
#5 C:\laragon\www\spk2\system\CodeIgniter.php(326): CodeIgniter\CodeIgniter->handleRequest(NULL, Object(Config\Cache), false)
#6 C:\laragon\www\spk2\index.php(37): CodeIgniter\CodeIgniter->run()
#7 {main}
CRITICAL - 2022-06-24 10:27:38 --> Call to undefined method CodeIgniter\Database\MySQLi\Connection::like()
#0 C:\laragon\www\spk2\app\Controllers\Pm.php(464): App\Models\M_pm->search_mahasiswa('s')
#1 C:\laragon\www\spk2\system\CodeIgniter.php(832): App\Controllers\Pm->get_mahasiswa()
#2 C:\laragon\www\spk2\system\CodeIgniter.php(419): CodeIgniter\CodeIgniter->runController(Object(App\Controllers\Pm))
#3 C:\laragon\www\spk2\system\CodeIgniter.php(326): CodeIgniter\CodeIgniter->handleRequest(NULL, Object(Config\Cache), false)
#4 C:\laragon\www\spk2\index.php(37): CodeIgniter\CodeIgniter->run()
#5 {main}
CRITICAL - 2022-06-24 10:29:36 --> Call to undefined method CodeIgniter\Database\MySQLi\Connection::like()
#0 C:\laragon\www\spk2\app\Controllers\Pm.php(464): App\Models\M_pm->search_mahasiswa('x')
#1 C:\laragon\www\spk2\system\CodeIgniter.php(832): App\Controllers\Pm->get_mahasiswa()
#2 C:\laragon\www\spk2\system\CodeIgniter.php(419): CodeIgniter\CodeIgniter->runController(Object(App\Controllers\Pm))
#3 C:\laragon\www\spk2\system\CodeIgniter.php(326): CodeIgniter\CodeIgniter->handleRequest(NULL, Object(Config\Cache), false)
#4 C:\laragon\www\spk2\index.php(37): CodeIgniter\CodeIgniter->run()
#5 {main}
CRITICAL - 2022-06-24 10:33:24 --> Call to undefined method CodeIgniter\Database\MySQLi\Connection::like()
#0 C:\laragon\www\spk2\app\Controllers\Pm.php(464): App\Models\M_pm->search_mahasiswa('d')
#1 C:\laragon\www\spk2\system\CodeIgniter.php(832): App\Controllers\Pm->get_mahasiswa()
#2 C:\laragon\www\spk2\system\CodeIgniter.php(419): CodeIgniter\CodeIgniter->runController(Object(App\Controllers\Pm))
#3 C:\laragon\www\spk2\system\CodeIgniter.php(326): CodeIgniter\CodeIgniter->handleRequest(NULL, Object(Config\Cache), false)
#4 C:\laragon\www\spk2\index.php(37): CodeIgniter\CodeIgniter->run()
#5 {main}
CRITICAL - 2022-06-24 10:33:48 --> Call to undefined method CodeIgniter\Database\MySQLi\Connection::like()
#0 C:\laragon\www\spk2\app\Controllers\Pm.php(464): App\Models\M_pm->search_mahasiswa('s')
#1 C:\laragon\www\spk2\system\CodeIgniter.php(832): App\Controllers\Pm->get_mahasiswa()
#2 C:\laragon\www\spk2\system\CodeIgniter.php(419): CodeIgniter\CodeIgniter->runController(Object(App\Controllers\Pm))
#3 C:\laragon\www\spk2\system\CodeIgniter.php(326): CodeIgniter\CodeIgniter->handleRequest(NULL, Object(Config\Cache), false)
#4 C:\laragon\www\spk2\index.php(37): CodeIgniter\CodeIgniter->run()
#5 {main}
CRITICAL - 2022-06-24 10:33:56 --> Call to undefined method CodeIgniter\Database\MySQLi\Connection::like()
#0 C:\laragon\www\spk2\app\Controllers\Pm.php(464): App\Models\M_pm->search_mahasiswa('s')
#1 C:\laragon\www\spk2\system\CodeIgniter.php(832): App\Controllers\Pm->get_mahasiswa()
#2 C:\laragon\www\spk2\system\CodeIgniter.php(419): CodeIgniter\CodeIgniter->runController(Object(App\Controllers\Pm))
#3 C:\laragon\www\spk2\system\CodeIgniter.php(326): CodeIgniter\CodeIgniter->handleRequest(NULL, Object(Config\Cache), false)
#4 C:\laragon\www\spk2\index.php(37): CodeIgniter\CodeIgniter->run()
#5 {main}
CRITICAL - 2022-06-24 10:36:04 --> Call to undefined method CodeIgniter\Database\MySQLi\Connection::like()
#0 C:\laragon\www\spk2\app\Controllers\Pm.php(464): App\Models\M_pm->search_mahasiswa('ki')
#1 C:\laragon\www\spk2\system\CodeIgniter.php(832): App\Controllers\Pm->get_mahasiswa()
#2 C:\laragon\www\spk2\system\CodeIgniter.php(419): CodeIgniter\CodeIgniter->runController(Object(App\Controllers\Pm))
#3 C:\laragon\www\spk2\system\CodeIgniter.php(326): CodeIgniter\CodeIgniter->handleRequest(NULL, Object(Config\Cache), false)
#4 C:\laragon\www\spk2\index.php(37): CodeIgniter\CodeIgniter->run()
#5 {main}
CRITICAL - 2022-06-24 10:36:04 --> Call to undefined method CodeIgniter\Database\MySQLi\Connection::like()
#0 C:\laragon\www\spk2\app\Controllers\Pm.php(464): App\Models\M_pm->search_mahasiswa('kik')
#1 C:\laragon\www\spk2\system\CodeIgniter.php(832): App\Controllers\Pm->get_mahasiswa()
#2 C:\laragon\www\spk2\system\CodeIgniter.php(419): CodeIgniter\CodeIgniter->runController(Object(App\Controllers\Pm))
#3 C:\laragon\www\spk2\system\CodeIgniter.php(326): CodeIgniter\CodeIgniter->handleRequest(NULL, Object(Config\Cache), false)
#4 C:\laragon\www\spk2\index.php(37): CodeIgniter\CodeIgniter->run()
#5 {main}
CRITICAL - 2022-06-24 10:37:37 --> Call to undefined method CodeIgniter\Database\MySQLi\Connection::like()
#0 C:\laragon\www\spk2\app\Controllers\Pm.php(464): App\Models\M_pm->search_mahasiswa('s')
#1 C:\laragon\www\spk2\system\CodeIgniter.php(832): App\Controllers\Pm->get_mahasiswa()
#2 C:\laragon\www\spk2\system\CodeIgniter.php(419): CodeIgniter\CodeIgniter->runController(Object(App\Controllers\Pm))
#3 C:\laragon\www\spk2\system\CodeIgniter.php(326): CodeIgniter\CodeIgniter->handleRequest(NULL, Object(Config\Cache), false)
#4 C:\laragon\www\spk2\index.php(37): CodeIgniter\CodeIgniter->run()
#5 {main}
CRITICAL - 2022-06-24 10:39:41 --> Call to undefined method CodeIgniter\Database\MySQLi\Connection::like()
#0 C:\laragon\www\spk2\app\Controllers\Pm.php(464): App\Models\M_pm->search_mahasiswa('s')
#1 C:\laragon\www\spk2\system\CodeIgniter.php(832): App\Controllers\Pm->get_mahasiswa()
#2 C:\laragon\www\spk2\system\CodeIgniter.php(419): CodeIgniter\CodeIgniter->runController(Object(App\Controllers\Pm))
#3 C:\laragon\www\spk2\system\CodeIgniter.php(326): CodeIgniter\CodeIgniter->handleRequest(NULL, Object(Config\Cache), false)
#4 C:\laragon\www\spk2\index.php(37): CodeIgniter\CodeIgniter->run()
#5 {main}
CRITICAL - 2022-06-24 10:39:43 --> Call to undefined method CodeIgniter\Database\MySQLi\Connection::like()
#0 C:\laragon\www\spk2\app\Controllers\Pm.php(464): App\Models\M_pm->search_mahasiswa('ss')
#1 C:\laragon\www\spk2\system\CodeIgniter.php(832): App\Controllers\Pm->get_mahasiswa()
#2 C:\laragon\www\spk2\system\CodeIgniter.php(419): CodeIgniter\CodeIgniter->runController(Object(App\Controllers\Pm))
#3 C:\laragon\www\spk2\system\CodeIgniter.php(326): CodeIgniter\CodeIgniter->handleRequest(NULL, Object(Config\Cache), false)
#4 C:\laragon\www\spk2\index.php(37): CodeIgniter\CodeIgniter->run()
#5 {main}
CRITICAL - 2022-06-24 10:39:44 --> Call to undefined method CodeIgniter\Database\MySQLi\Connection::like()
#0 C:\laragon\www\spk2\app\Controllers\Pm.php(464): App\Models\M_pm->search_mahasiswa('ssd')
#1 C:\laragon\www\spk2\system\CodeIgniter.php(832): App\Controllers\Pm->get_mahasiswa()
#2 C:\laragon\www\spk2\system\CodeIgniter.php(419): CodeIgniter\CodeIgniter->runController(Object(App\Controllers\Pm))
#3 C:\laragon\www\spk2\system\CodeIgniter.php(326): CodeIgniter\CodeIgniter->handleRequest(NULL, Object(Config\Cache), false)
#4 C:\laragon\www\spk2\index.php(37): CodeIgniter\CodeIgniter->run()
#5 {main}
CRITICAL - 2022-06-24 10:39:48 --> Call to undefined method CodeIgniter\Database\MySQLi\Connection::like()
#0 C:\laragon\www\spk2\app\Controllers\Pm.php(464): App\Models\M_pm->search_mahasiswa('kiki')
#1 C:\laragon\www\spk2\system\CodeIgniter.php(832): App\Controllers\Pm->get_mahasiswa()
#2 C:\laragon\www\spk2\system\CodeIgniter.php(419): CodeIgniter\CodeIgniter->runController(Object(App\Controllers\Pm))
#3 C:\laragon\www\spk2\system\CodeIgniter.php(326): CodeIgniter\CodeIgniter->handleRequest(NULL, Object(Config\Cache), false)
#4 C:\laragon\www\spk2\index.php(37): CodeIgniter\CodeIgniter->run()
#5 {main}
CRITICAL - 2022-06-24 10:39:53 --> Call to undefined method CodeIgniter\Database\MySQLi\Connection::like()
#0 C:\laragon\www\spk2\app\Controllers\Pm.php(464): App\Models\M_pm->search_mahasiswa('kiki')
#1 C:\laragon\www\spk2\system\CodeIgniter.php(832): App\Controllers\Pm->get_mahasiswa()
#2 C:\laragon\www\spk2\system\CodeIgniter.php(419): CodeIgniter\CodeIgniter->runController(Object(App\Controllers\Pm))
#3 C:\laragon\www\spk2\system\CodeIgniter.php(326): CodeIgniter\CodeIgniter->handleRequest(NULL, Object(Config\Cache), false)
#4 C:\laragon\www\spk2\index.php(37): CodeIgniter\CodeIgniter->run()
#5 {main}
CRITICAL - 2022-06-24 10:48:16 --> Call to undefined method CodeIgniter\Database\MySQLi\Connection::like()
#0 C:\laragon\www\spk2\app\Controllers\Pm.php(464): App\Models\M_pm->search_mahasiswa('k')
#1 C:\laragon\www\spk2\system\CodeIgniter.php(832): App\Controllers\Pm->get_mahasiswa()
#2 C:\laragon\www\spk2\system\CodeIgniter.php(419): CodeIgniter\CodeIgniter->runController(Object(App\Controllers\Pm))
#3 C:\laragon\www\spk2\system\CodeIgniter.php(326): CodeIgniter\CodeIgniter->handleRequest(NULL, Object(Config\Cache), false)
#4 C:\laragon\www\spk2\index.php(37): CodeIgniter\CodeIgniter->run()
#5 {main}
CRITICAL - 2022-06-24 10:50:24 --> Call to undefined method CodeIgniter\Database\MySQLi\Connection::select()
#0 C:\laragon\www\spk2\app\Controllers\Pm.php(464): App\Models\M_pm->search_mahasiswa('s')
#1 C:\laragon\www\spk2\system\CodeIgniter.php(832): App\Controllers\Pm->get_mahasiswa()
#2 C:\laragon\www\spk2\system\CodeIgniter.php(419): CodeIgniter\CodeIgniter->runController(Object(App\Controllers\Pm))
#3 C:\laragon\www\spk2\system\CodeIgniter.php(326): CodeIgniter\CodeIgniter->handleRequest(NULL, Object(Config\Cache), false)
#4 C:\laragon\www\spk2\index.php(37): CodeIgniter\CodeIgniter->run()
#5 {main}
CRITICAL - 2022-06-24 10:52:42 --> Call to undefined method CodeIgniter\Database\MySQLi\Connection::select()
#0 C:\laragon\www\spk2\app\Controllers\Pm.php(464): App\Models\M_pm->search_mahasiswa('j')
#1 C:\laragon\www\spk2\system\CodeIgniter.php(832): App\Controllers\Pm->get_mahasiswa()
#2 C:\laragon\www\spk2\system\CodeIgniter.php(419): CodeIgniter\CodeIgniter->runController(Object(App\Controllers\Pm))
#3 C:\laragon\www\spk2\system\CodeIgniter.php(326): CodeIgniter\CodeIgniter->handleRequest(NULL, Object(Config\Cache), false)
#4 C:\laragon\www\spk2\index.php(37): CodeIgniter\CodeIgniter->run()
#5 {main}
CRITICAL - 2022-06-24 10:55:29 --> Call to undefined method CodeIgniter\Database\MySQLi\Builder::order_by()
#0 C:\laragon\www\spk2\app\Controllers\Pm.php(464): App\Models\M_pm->search_mahasiswa('k')
#1 C:\laragon\www\spk2\system\CodeIgniter.php(832): App\Controllers\Pm->get_mahasiswa()
#2 C:\laragon\www\spk2\system\CodeIgniter.php(419): CodeIgniter\CodeIgniter->runController(Object(App\Controllers\Pm))
#3 C:\laragon\www\spk2\system\CodeIgniter.php(326): CodeIgniter\CodeIgniter->handleRequest(NULL, Object(Config\Cache), false)
#4 C:\laragon\www\spk2\index.php(37): CodeIgniter\CodeIgniter->run()
#5 {main}
CRITICAL - 2022-06-24 10:56:13 --> count(): Parameter must be an array or an object that implements Countable
#0 [internal function]: CodeIgniter\Debug\Exceptions->errorHandler(2, 'count(): Parame...', 'C:\\laragon\\www\\...', 465, Array)
#1 C:\laragon\www\spk2\app\Controllers\Pm.php(465): count(Object(CodeIgniter\Database\MySQLi\Result))
#2 C:\laragon\www\spk2\system\CodeIgniter.php(832): App\Controllers\Pm->get_mahasiswa()
#3 C:\laragon\www\spk2\system\CodeIgniter.php(419): CodeIgniter\CodeIgniter->runController(Object(App\Controllers\Pm))
#4 C:\laragon\www\spk2\system\CodeIgniter.php(326): CodeIgniter\CodeIgniter->handleRequest(NULL, Object(Config\Cache), false)
#5 C:\laragon\www\spk2\index.php(37): CodeIgniter\CodeIgniter->run()
#6 {main}
CRITICAL - 2022-06-24 10:56:15 --> count(): Parameter must be an array or an object that implements Countable
#0 [internal function]: CodeIgniter\Debug\Exceptions->errorHandler(2, 'count(): Parame...', 'C:\\laragon\\www\\...', 465, Array)
#1 C:\laragon\www\spk2\app\Controllers\Pm.php(465): count(Object(CodeIgniter\Database\MySQLi\Result))
#2 C:\laragon\www\spk2\system\CodeIgniter.php(832): App\Controllers\Pm->get_mahasiswa()
#3 C:\laragon\www\spk2\system\CodeIgniter.php(419): CodeIgniter\CodeIgniter->runController(Object(App\Controllers\Pm))
#4 C:\laragon\www\spk2\system\CodeIgniter.php(326): CodeIgniter\CodeIgniter->handleRequest(NULL, Object(Config\Cache), false)
#5 C:\laragon\www\spk2\index.php(37): CodeIgniter\CodeIgniter->run()
#6 {main}
CRITICAL - 2022-06-24 10:56:21 --> count(): Parameter must be an array or an object that implements Countable
#0 [internal function]: CodeIgniter\Debug\Exceptions->errorHandler(2, 'count(): Parame...', 'C:\\laragon\\www\\...', 465, Array)
#1 C:\laragon\www\spk2\app\Controllers\Pm.php(465): count(Object(CodeIgniter\Database\MySQLi\Result))
#2 C:\laragon\www\spk2\system\CodeIgniter.php(832): App\Controllers\Pm->get_mahasiswa()
#3 C:\laragon\www\spk2\system\CodeIgniter.php(419): CodeIgniter\CodeIgniter->runController(Object(App\Controllers\Pm))
#4 C:\laragon\www\spk2\system\CodeIgniter.php(326): CodeIgniter\CodeIgniter->handleRequest(NULL, Object(Config\Cache), false)
#5 C:\laragon\www\spk2\index.php(37): CodeIgniter\CodeIgniter->run()
#6 {main}
CRITICAL - 2022-06-24 10:57:09 --> Undefined property: mysqli::$nama
#0 C:\laragon\www\spk2\app\Controllers\Pm.php(467): CodeIgniter\Debug\Exceptions->errorHandler(8, 'Undefined prope...', 'C:\\laragon\\www\\...', 467, Array)
#1 C:\laragon\www\spk2\system\CodeIgniter.php(832): App\Controllers\Pm->get_mahasiswa()
#2 C:\laragon\www\spk2\system\CodeIgniter.php(419): CodeIgniter\CodeIgniter->runController(Object(App\Controllers\Pm))
#3 C:\laragon\www\spk2\system\CodeIgniter.php(326): CodeIgniter\CodeIgniter->handleRequest(NULL, Object(Config\Cache), false)
#4 C:\laragon\www\spk2\index.php(37): CodeIgniter\CodeIgniter->run()
#5 {main}
CRITICAL - 2022-06-24 10:57:14 --> Undefined property: mysqli::$nama
#0 C:\laragon\www\spk2\app\Controllers\Pm.php(467): CodeIgniter\Debug\Exceptions->errorHandler(8, 'Undefined prope...', 'C:\\laragon\\www\\...', 467, Array)
#1 C:\laragon\www\spk2\system\CodeIgniter.php(832): App\Controllers\Pm->get_mahasiswa()
#2 C:\laragon\www\spk2\system\CodeIgniter.php(419): CodeIgniter\CodeIgniter->runController(Object(App\Controllers\Pm))
#3 C:\laragon\www\spk2\system\CodeIgniter.php(326): CodeIgniter\CodeIgniter->handleRequest(NULL, Object(Config\Cache), false)
#4 C:\laragon\www\spk2\index.php(37): CodeIgniter\CodeIgniter->run()
#5 {main}
CRITICAL - 2022-06-24 10:57:47 --> Undefined property: mysqli::$nama
#0 C:\laragon\www\spk2\app\Controllers\Pm.php(467): CodeIgniter\Debug\Exceptions->errorHandler(8, 'Undefined prope...', 'C:\\laragon\\www\\...', 467, Array)
#1 C:\laragon\www\spk2\system\CodeIgniter.php(832): App\Controllers\Pm->get_mahasiswa()
#2 C:\laragon\www\spk2\system\CodeIgniter.php(419): CodeIgniter\CodeIgniter->runController(Object(App\Controllers\Pm))
#3 C:\laragon\www\spk2\system\CodeIgniter.php(326): CodeIgniter\CodeIgniter->handleRequest(NULL, Object(Config\Cache), false)
#4 C:\laragon\www\spk2\index.php(37): CodeIgniter\CodeIgniter->run()
#5 {main}
CRITICAL - 2022-06-24 10:57:48 --> Undefined property: mysqli::$nama
#0 C:\laragon\www\spk2\app\Controllers\Pm.php(467): CodeIgniter\Debug\Exceptions->errorHandler(8, 'Undefined prope...', 'C:\\laragon\\www\\...', 467, Array)
#1 C:\laragon\www\spk2\system\CodeIgniter.php(832): App\Controllers\Pm->get_mahasiswa()
#2 C:\laragon\www\spk2\system\CodeIgniter.php(419): CodeIgniter\CodeIgniter->runController(Object(App\Controllers\Pm))
#3 C:\laragon\www\spk2\system\CodeIgniter.php(326): CodeIgniter\CodeIgniter->handleRequest(NULL, Object(Config\Cache), false)
#4 C:\laragon\www\spk2\index.php(37): CodeIgniter\CodeIgniter->run()
#5 {main}
CRITICAL - 2022-06-24 10:57:48 --> Undefined property: mysqli::$nama
#0 C:\laragon\www\spk2\app\Controllers\Pm.php(467): CodeIgniter\Debug\Exceptions->errorHandler(8, 'Undefined prope...', 'C:\\laragon\\www\\...', 467, Array)
#1 C:\laragon\www\spk2\system\CodeIgniter.php(832): App\Controllers\Pm->get_mahasiswa()
#2 C:\laragon\www\spk2\system\CodeIgniter.php(419): CodeIgniter\CodeIgniter->runController(Object(App\Controllers\Pm))
#3 C:\laragon\www\spk2\system\CodeIgniter.php(326): CodeIgniter\CodeIgniter->handleRequest(NULL, Object(Config\Cache), false)
#4 C:\laragon\www\spk2\index.php(37): CodeIgniter\CodeIgniter->run()
#5 {main}
CRITICAL - 2022-06-24 10:57:57 --> Undefined property: mysqli::$nama
#0 C:\laragon\www\spk2\app\Controllers\Pm.php(467): CodeIgniter\Debug\Exceptions->errorHandler(8, 'Undefined prope...', 'C:\\laragon\\www\\...', 467, Array)
#1 C:\laragon\www\spk2\system\CodeIgniter.php(832): App\Controllers\Pm->get_mahasiswa()
#2 C:\laragon\www\spk2\system\CodeIgniter.php(419): CodeIgniter\CodeIgniter->runController(Object(App\Controllers\Pm))
#3 C:\laragon\www\spk2\system\CodeIgniter.php(326): CodeIgniter\CodeIgniter->handleRequest(NULL, Object(Config\Cache), false)
#4 C:\laragon\www\spk2\index.php(37): CodeIgniter\CodeIgniter->run()
#5 {main}
CRITICAL - 2022-06-24 10:59:03 --> Undefined variable: arr_result
#0 C:\laragon\www\spk2\app\Controllers\Pm.php(468): CodeIgniter\Debug\Exceptions->errorHandler(8, 'Undefined varia...', 'C:\\laragon\\www\\...', 468, Array)
#1 C:\laragon\www\spk2\system\CodeIgniter.php(832): App\Controllers\Pm->get_mahasiswa()
#2 C:\laragon\www\spk2\system\CodeIgniter.php(419): CodeIgniter\CodeIgniter->runController(Object(App\Controllers\Pm))
#3 C:\laragon\www\spk2\system\CodeIgniter.php(326): CodeIgniter\CodeIgniter->handleRequest(NULL, Object(Config\Cache), false)
#4 C:\laragon\www\spk2\index.php(37): CodeIgniter\CodeIgniter->run()
#5 {main}
CRITICAL - 2022-06-24 11:05:07 --> Undefined variable: arr_result
#0 C:\laragon\www\spk2\app\Controllers\Pm.php(468): CodeIgniter\Debug\Exceptions->errorHandler(8, 'Undefined varia...', 'C:\\laragon\\www\\...', 468, Array)
#1 C:\laragon\www\spk2\system\CodeIgniter.php(832): App\Controllers\Pm->get_mahasiswa()
#2 C:\laragon\www\spk2\system\CodeIgniter.php(419): CodeIgniter\CodeIgniter->runController(Object(App\Controllers\Pm))
#3 C:\laragon\www\spk2\system\CodeIgniter.php(326): CodeIgniter\CodeIgniter->handleRequest(NULL, Object(Config\Cache), false)
#4 C:\laragon\www\spk2\index.php(37): CodeIgniter\CodeIgniter->run()
#5 {main}
CRITICAL - 2022-06-24 11:05:08 --> Undefined variable: arr_result
#0 C:\laragon\www\spk2\app\Controllers\Pm.php(468): CodeIgniter\Debug\Exceptions->errorHandler(8, 'Undefined varia...', 'C:\\laragon\\www\\...', 468, Array)
#1 C:\laragon\www\spk2\system\CodeIgniter.php(832): App\Controllers\Pm->get_mahasiswa()
#2 C:\laragon\www\spk2\system\CodeIgniter.php(419): CodeIgniter\CodeIgniter->runController(Object(App\Controllers\Pm))
#3 C:\laragon\www\spk2\system\CodeIgniter.php(326): CodeIgniter\CodeIgniter->handleRequest(NULL, Object(Config\Cache), false)
#4 C:\laragon\www\spk2\index.php(37): CodeIgniter\CodeIgniter->run()
#5 {main}
CRITICAL - 2022-06-24 11:05:15 --> Undefined variable: arr_result
#0 C:\laragon\www\spk2\app\Controllers\Pm.php(468): CodeIgniter\Debug\Exceptions->errorHandler(8, 'Undefined varia...', 'C:\\laragon\\www\\...', 468, Array)
#1 C:\laragon\www\spk2\system\CodeIgniter.php(832): App\Controllers\Pm->get_mahasiswa()
#2 C:\laragon\www\spk2\system\CodeIgniter.php(419): CodeIgniter\CodeIgniter->runController(Object(App\Controllers\Pm))
#3 C:\laragon\www\spk2\system\CodeIgniter.php(326): CodeIgniter\CodeIgniter->handleRequest(NULL, Object(Config\Cache), false)
#4 C:\laragon\www\spk2\index.php(37): CodeIgniter\CodeIgniter->run()
#5 {main}
