CRITICAL - 2022-06-29 04:50:15 --> Undefined variable: arr_result
#0 C:\laragon\www\spk2\app\Controllers\User.php(282): CodeIgniter\Debug\Exceptions->errorHandler(8, 'Undefined varia...', 'C:\\laragon\\www\\...', 282, Array)
#1 C:\laragon\www\spk2\system\CodeIgniter.php(832): App\Controllers\User->get_prodi()
#2 C:\laragon\www\spk2\system\CodeIgniter.php(419): CodeIgniter\CodeIgniter->runController(Object(App\Controllers\User))
#3 C:\laragon\www\spk2\system\CodeIgniter.php(326): CodeIgniter\CodeIgniter->handleRequest(NULL, Object(Config\Cache), false)
#4 C:\laragon\www\spk2\index.php(37): CodeIgniter\CodeIgniter->run()
#5 {main}
CRITICAL - 2022-06-29 06:20:49 --> Undefined variable: arr_result
#0 C:\laragon\www\spk2\app\Controllers\Pm.php(475): CodeIgniter\Debug\Exceptions->errorHandler(8, 'Undefined varia...', 'C:\\laragon\\www\\...', 475, Array)
#1 C:\laragon\www\spk2\system\CodeIgniter.php(832): App\Controllers\Pm->get_mahasiswa()
#2 C:\laragon\www\spk2\system\CodeIgniter.php(419): CodeIgniter\CodeIgniter->runController(Object(App\Controllers\Pm))
#3 C:\laragon\www\spk2\system\CodeIgniter.php(326): CodeIgniter\CodeIgniter->handleRequest(NULL, Object(Config\Cache), false)
#4 C:\laragon\www\spk2\index.php(37): CodeIgniter\CodeIgniter->run()
#5 {main}
CRITICAL - 2022-06-29 06:20:50 --> Undefined variable: arr_result
#0 C:\laragon\www\spk2\app\Controllers\Pm.php(475): CodeIgniter\Debug\Exceptions->errorHandler(8, 'Undefined varia...', 'C:\\laragon\\www\\...', 475, Array)
#1 C:\laragon\www\spk2\system\CodeIgniter.php(832): App\Controllers\Pm->get_mahasiswa()
#2 C:\laragon\www\spk2\system\CodeIgniter.php(419): CodeIgniter\CodeIgniter->runController(Object(App\Controllers\Pm))
#3 C:\laragon\www\spk2\system\CodeIgniter.php(326): CodeIgniter\CodeIgniter->handleRequest(NULL, Object(Config\Cache), false)
#4 C:\laragon\www\spk2\index.php(37): CodeIgniter\CodeIgniter->run()
#5 {main}
CRITICAL - 2022-06-29 06:20:52 --> Undefined variable: arr_result
#0 C:\laragon\www\spk2\app\Controllers\Pm.php(475): CodeIgniter\Debug\Exceptions->errorHandler(8, 'Undefined varia...', 'C:\\laragon\\www\\...', 475, Array)
#1 C:\laragon\www\spk2\system\CodeIgniter.php(832): App\Controllers\Pm->get_mahasiswa()
#2 C:\laragon\www\spk2\system\CodeIgniter.php(419): CodeIgniter\CodeIgniter->runController(Object(App\Controllers\Pm))
#3 C:\laragon\www\spk2\system\CodeIgniter.php(326): CodeIgniter\CodeIgniter->handleRequest(NULL, Object(Config\Cache), false)
#4 C:\laragon\www\spk2\index.php(37): CodeIgniter\CodeIgniter->run()
#5 {main}
CRITICAL - 2022-06-29 06:20:59 --> Undefined variable: arr_result
#0 C:\laragon\www\spk2\app\Controllers\Pm.php(475): CodeIgniter\Debug\Exceptions->errorHandler(8, 'Undefined varia...', 'C:\\laragon\\www\\...', 475, Array)
#1 C:\laragon\www\spk2\system\CodeIgniter.php(832): App\Controllers\Pm->get_mahasiswa()
#2 C:\laragon\www\spk2\system\CodeIgniter.php(419): CodeIgniter\CodeIgniter->runController(Object(App\Controllers\Pm))
#3 C:\laragon\www\spk2\system\CodeIgniter.php(326): CodeIgniter\CodeIgniter->handleRequest(NULL, Object(Config\Cache), false)
#4 C:\laragon\www\spk2\index.php(37): CodeIgniter\CodeIgniter->run()
#5 {main}
CRITICAL - 2022-06-29 06:36:18 --> syntax error, unexpected ';', expecting ']'
#0 C:\laragon\www\spk2\system\Router\Router.php(175): CodeIgniter\Router\Router->autoRoute('/Saw/show_saw_n...')
#1 C:\laragon\www\spk2\system\CodeIgniter.php(726): CodeIgniter\Router\Router->handle('/Saw/show_saw_n...')
#2 C:\laragon\www\spk2\system\CodeIgniter.php(368): CodeIgniter\CodeIgniter->tryToRouteIt(Object(CodeIgniter\Router\RouteCollection))
#3 C:\laragon\www\spk2\system\CodeIgniter.php(326): CodeIgniter\CodeIgniter->handleRequest(NULL, Object(Config\Cache), false)
#4 C:\laragon\www\spk2\index.php(37): CodeIgniter\CodeIgniter->run()
#5 {main}
CRITICAL - 2022-06-29 06:37:19 --> Undefined variable: arr_result
#0 C:\laragon\www\spk2\app\Controllers\Pm.php(475): CodeIgniter\Debug\Exceptions->errorHandler(8, 'Undefined varia...', 'C:\\laragon\\www\\...', 475, Array)
#1 C:\laragon\www\spk2\system\CodeIgniter.php(832): App\Controllers\Pm->get_mahasiswa()
#2 C:\laragon\www\spk2\system\CodeIgniter.php(419): CodeIgniter\CodeIgniter->runController(Object(App\Controllers\Pm))
#3 C:\laragon\www\spk2\system\CodeIgniter.php(326): CodeIgniter\CodeIgniter->handleRequest(NULL, Object(Config\Cache), false)
#4 C:\laragon\www\spk2\index.php(37): CodeIgniter\CodeIgniter->run()
#5 {main}
CRITICAL - 2022-06-29 07:10:52 --> Undefined variable: tertinggi
#0 C:\laragon\www\spk2\app\Views\page\metode_saw_result.php(56): CodeIgniter\Debug\Exceptions->errorHandler(8, 'Undefined varia...', 'C:\\laragon\\www\\...', 56, Array)
#1 C:\laragon\www\spk2\system\View\View.php(210): include('C:\\laragon\\www\\...')
#2 C:\laragon\www\spk2\system\View\View.php(213): CodeIgniter\View\View->CodeIgniter\View\{closure}()
#3 C:\laragon\www\spk2\system\Common.php(1089): CodeIgniter\View\View->render('/page/metode_sa...', Array, true)
#4 C:\laragon\www\spk2\app\Controllers\Saw.php(30): view('/page/metode_sa...', Array)
#5 C:\laragon\www\spk2\system\CodeIgniter.php(832): App\Controllers\Saw->result_saw()
#6 C:\laragon\www\spk2\system\CodeIgniter.php(419): CodeIgniter\CodeIgniter->runController(Object(App\Controllers\Saw))
#7 C:\laragon\www\spk2\system\CodeIgniter.php(326): CodeIgniter\CodeIgniter->handleRequest(NULL, Object(Config\Cache), false)
#8 C:\laragon\www\spk2\index.php(37): CodeIgniter\CodeIgniter->run()
#9 {main}
CRITICAL - 2022-06-29 07:12:19 --> Undefined variable: tertinggi
#0 C:\laragon\www\spk2\app\Views\page\metode_saw_result.php(56): CodeIgniter\Debug\Exceptions->errorHandler(8, 'Undefined varia...', 'C:\\laragon\\www\\...', 56, Array)
#1 C:\laragon\www\spk2\system\View\View.php(210): include('C:\\laragon\\www\\...')
#2 C:\laragon\www\spk2\system\View\View.php(213): CodeIgniter\View\View->CodeIgniter\View\{closure}()
#3 C:\laragon\www\spk2\system\Common.php(1089): CodeIgniter\View\View->render('/page/metode_sa...', Array, true)
#4 C:\laragon\www\spk2\app\Controllers\Saw.php(30): view('/page/metode_sa...', Array)
#5 C:\laragon\www\spk2\system\CodeIgniter.php(832): App\Controllers\Saw->result_saw()
#6 C:\laragon\www\spk2\system\CodeIgniter.php(419): CodeIgniter\CodeIgniter->runController(Object(App\Controllers\Saw))
#7 C:\laragon\www\spk2\system\CodeIgniter.php(326): CodeIgniter\CodeIgniter->handleRequest(NULL, Object(Config\Cache), false)
#8 C:\laragon\www\spk2\index.php(37): CodeIgniter\CodeIgniter->run()
#9 {main}
CRITICAL - 2022-06-29 07:14:35 --> Undefined variable: tertinggi
#0 C:\laragon\www\spk2\app\Views\page\metode_saw_result.php(64): CodeIgniter\Debug\Exceptions->errorHandler(8, 'Undefined varia...', 'C:\\laragon\\www\\...', 64, Array)
#1 C:\laragon\www\spk2\system\View\View.php(210): include('C:\\laragon\\www\\...')
#2 C:\laragon\www\spk2\system\View\View.php(213): CodeIgniter\View\View->CodeIgniter\View\{closure}()
#3 C:\laragon\www\spk2\system\Common.php(1089): CodeIgniter\View\View->render('/page/metode_sa...', Array, true)
#4 C:\laragon\www\spk2\app\Controllers\Saw.php(30): view('/page/metode_sa...', Array)
#5 C:\laragon\www\spk2\system\CodeIgniter.php(832): App\Controllers\Saw->result_saw()
#6 C:\laragon\www\spk2\system\CodeIgniter.php(419): CodeIgniter\CodeIgniter->runController(Object(App\Controllers\Saw))
#7 C:\laragon\www\spk2\system\CodeIgniter.php(326): CodeIgniter\CodeIgniter->handleRequest(NULL, Object(Config\Cache), false)
#8 C:\laragon\www\spk2\index.php(37): CodeIgniter\CodeIgniter->run()
#9 {main}
CRITICAL - 2022-06-29 07:15:08 --> count(): Parameter must be an array or an object that implements Countable
#0 C:\laragon\www\spk2\app\Views\page\metode_saw_result.php(65): CodeIgniter\Debug\Exceptions->errorHandler(2, 'count(): Parame...', 'C:\\laragon\\www\\...', 65, Array)
#1 C:\laragon\www\spk2\system\View\View.php(210): include('C:\\laragon\\www\\...')
#2 C:\laragon\www\spk2\system\View\View.php(213): CodeIgniter\View\View->CodeIgniter\View\{closure}()
#3 C:\laragon\www\spk2\system\Common.php(1089): CodeIgniter\View\View->render('/page/metode_sa...', Array, true)
#4 C:\laragon\www\spk2\app\Controllers\Saw.php(30): view('/page/metode_sa...', Array)
#5 C:\laragon\www\spk2\system\CodeIgniter.php(832): App\Controllers\Saw->result_saw()
#6 C:\laragon\www\spk2\system\CodeIgniter.php(419): CodeIgniter\CodeIgniter->runController(Object(App\Controllers\Saw))
#7 C:\laragon\www\spk2\system\CodeIgniter.php(326): CodeIgniter\CodeIgniter->handleRequest(NULL, Object(Config\Cache), false)
#8 C:\laragon\www\spk2\index.php(37): CodeIgniter\CodeIgniter->run()
#9 {main}
CRITICAL - 2022-06-29 07:15:35 --> Undefined variable: tertinggi
#0 C:\laragon\www\spk2\app\Views\page\metode_saw_result.php(56): CodeIgniter\Debug\Exceptions->errorHandler(8, 'Undefined varia...', 'C:\\laragon\\www\\...', 56, Array)
#1 C:\laragon\www\spk2\system\View\View.php(210): include('C:\\laragon\\www\\...')
#2 C:\laragon\www\spk2\system\View\View.php(213): CodeIgniter\View\View->CodeIgniter\View\{closure}()
#3 C:\laragon\www\spk2\system\Common.php(1089): CodeIgniter\View\View->render('/page/metode_sa...', Array, true)
#4 C:\laragon\www\spk2\app\Controllers\Saw.php(30): view('/page/metode_sa...', Array)
#5 C:\laragon\www\spk2\system\CodeIgniter.php(832): App\Controllers\Saw->result_saw()
#6 C:\laragon\www\spk2\system\CodeIgniter.php(419): CodeIgniter\CodeIgniter->runController(Object(App\Controllers\Saw))
#7 C:\laragon\www\spk2\system\CodeIgniter.php(326): CodeIgniter\CodeIgniter->handleRequest(NULL, Object(Config\Cache), false)
#8 C:\laragon\www\spk2\index.php(37): CodeIgniter\CodeIgniter->run()
#9 {main}
CRITICAL - 2022-06-29 07:16:00 --> Undefined variable: tertinggi
#0 C:\laragon\www\spk2\app\Views\page\metode_saw_result.php(56): CodeIgniter\Debug\Exceptions->errorHandler(8, 'Undefined varia...', 'C:\\laragon\\www\\...', 56, Array)
#1 C:\laragon\www\spk2\system\View\View.php(210): include('C:\\laragon\\www\\...')
#2 C:\laragon\www\spk2\system\View\View.php(213): CodeIgniter\View\View->CodeIgniter\View\{closure}()
#3 C:\laragon\www\spk2\system\Common.php(1089): CodeIgniter\View\View->render('/page/metode_sa...', Array, true)
#4 C:\laragon\www\spk2\app\Controllers\Saw.php(30): view('/page/metode_sa...', Array)
#5 C:\laragon\www\spk2\system\CodeIgniter.php(832): App\Controllers\Saw->result_saw()
#6 C:\laragon\www\spk2\system\CodeIgniter.php(419): CodeIgniter\CodeIgniter->runController(Object(App\Controllers\Saw))
#7 C:\laragon\www\spk2\system\CodeIgniter.php(326): CodeIgniter\CodeIgniter->handleRequest(NULL, Object(Config\Cache), false)
#8 C:\laragon\www\spk2\index.php(37): CodeIgniter\CodeIgniter->run()
#9 {main}
CRITICAL - 2022-06-29 07:37:14 --> Undefined variable: arr_result
#0 C:\laragon\www\spk2\app\Controllers\Pm.php(476): CodeIgniter\Debug\Exceptions->errorHandler(8, 'Undefined varia...', 'C:\\laragon\\www\\...', 476, Array)
#1 C:\laragon\www\spk2\system\CodeIgniter.php(832): App\Controllers\Pm->get_mahasiswa()
#2 C:\laragon\www\spk2\system\CodeIgniter.php(419): CodeIgniter\CodeIgniter->runController(Object(App\Controllers\Pm))
#3 C:\laragon\www\spk2\system\CodeIgniter.php(326): CodeIgniter\CodeIgniter->handleRequest(NULL, Object(Config\Cache), false)
#4 C:\laragon\www\spk2\index.php(37): CodeIgniter\CodeIgniter->run()
#5 {main}
CRITICAL - 2022-06-29 07:37:15 --> Undefined variable: arr_result
#0 C:\laragon\www\spk2\app\Controllers\Pm.php(476): CodeIgniter\Debug\Exceptions->errorHandler(8, 'Undefined varia...', 'C:\\laragon\\www\\...', 476, Array)
#1 C:\laragon\www\spk2\system\CodeIgniter.php(832): App\Controllers\Pm->get_mahasiswa()
#2 C:\laragon\www\spk2\system\CodeIgniter.php(419): CodeIgniter\CodeIgniter->runController(Object(App\Controllers\Pm))
#3 C:\laragon\www\spk2\system\CodeIgniter.php(326): CodeIgniter\CodeIgniter->handleRequest(NULL, Object(Config\Cache), false)
#4 C:\laragon\www\spk2\index.php(37): CodeIgniter\CodeIgniter->run()
#5 {main}
CRITICAL - 2022-06-29 07:58:30 --> Undefined variable: data
#0 C:\laragon\www\spk2\app\Controllers\Pm.php(258): CodeIgniter\Debug\Exceptions->errorHandler(8, 'Undefined varia...', 'C:\\laragon\\www\\...', 258, Array)
#1 C:\laragon\www\spk2\system\CodeIgniter.php(832): App\Controllers\Pm->get_cf_sf()
#2 C:\laragon\www\spk2\system\CodeIgniter.php(419): CodeIgniter\CodeIgniter->runController(Object(App\Controllers\Pm))
#3 C:\laragon\www\spk2\system\CodeIgniter.php(326): CodeIgniter\CodeIgniter->handleRequest(NULL, Object(Config\Cache), false)
#4 C:\laragon\www\spk2\index.php(37): CodeIgniter\CodeIgniter->run()
#5 {main}
CRITICAL - 2022-06-29 07:58:30 --> Undefined variable: data
#0 C:\laragon\www\spk2\app\Controllers\Pm.php(301): CodeIgniter\Debug\Exceptions->errorHandler(8, 'Undefined varia...', 'C:\\laragon\\www\\...', 301, Array)
#1 C:\laragon\www\spk2\system\CodeIgniter.php(832): App\Controllers\Pm->get_cf_sf_hasil()
#2 C:\laragon\www\spk2\system\CodeIgniter.php(419): CodeIgniter\CodeIgniter->runController(Object(App\Controllers\Pm))
#3 C:\laragon\www\spk2\system\CodeIgniter.php(326): CodeIgniter\CodeIgniter->handleRequest(NULL, Object(Config\Cache), false)
#4 C:\laragon\www\spk2\index.php(37): CodeIgniter\CodeIgniter->run()
#5 {main}
CRITICAL - 2022-06-29 07:59:20 --> Undefined variable: data
#0 C:\laragon\www\spk2\app\Controllers\Pm.php(258): CodeIgniter\Debug\Exceptions->errorHandler(8, 'Undefined varia...', 'C:\\laragon\\www\\...', 258, Array)
#1 C:\laragon\www\spk2\system\CodeIgniter.php(832): App\Controllers\Pm->get_cf_sf()
#2 C:\laragon\www\spk2\system\CodeIgniter.php(419): CodeIgniter\CodeIgniter->runController(Object(App\Controllers\Pm))
#3 C:\laragon\www\spk2\system\CodeIgniter.php(326): CodeIgniter\CodeIgniter->handleRequest(NULL, Object(Config\Cache), false)
#4 C:\laragon\www\spk2\index.php(37): CodeIgniter\CodeIgniter->run()
#5 {main}
CRITICAL - 2022-06-29 07:59:20 --> Undefined variable: data
#0 C:\laragon\www\spk2\app\Controllers\Pm.php(301): CodeIgniter\Debug\Exceptions->errorHandler(8, 'Undefined varia...', 'C:\\laragon\\www\\...', 301, Array)
#1 C:\laragon\www\spk2\system\CodeIgniter.php(832): App\Controllers\Pm->get_cf_sf_hasil()
#2 C:\laragon\www\spk2\system\CodeIgniter.php(419): CodeIgniter\CodeIgniter->runController(Object(App\Controllers\Pm))
#3 C:\laragon\www\spk2\system\CodeIgniter.php(326): CodeIgniter\CodeIgniter->handleRequest(NULL, Object(Config\Cache), false)
#4 C:\laragon\www\spk2\index.php(37): CodeIgniter\CodeIgniter->run()
#5 {main}
CRITICAL - 2022-06-29 08:00:29 --> Undefined variable: data
#0 C:\laragon\www\spk2\app\Controllers\Pm.php(258): CodeIgniter\Debug\Exceptions->errorHandler(8, 'Undefined varia...', 'C:\\laragon\\www\\...', 258, Array)
#1 C:\laragon\www\spk2\system\CodeIgniter.php(832): App\Controllers\Pm->get_cf_sf()
#2 C:\laragon\www\spk2\system\CodeIgniter.php(419): CodeIgniter\CodeIgniter->runController(Object(App\Controllers\Pm))
#3 C:\laragon\www\spk2\system\CodeIgniter.php(326): CodeIgniter\CodeIgniter->handleRequest(NULL, Object(Config\Cache), false)
#4 C:\laragon\www\spk2\index.php(37): CodeIgniter\CodeIgniter->run()
#5 {main}
CRITICAL - 2022-06-29 08:00:29 --> Undefined variable: data
#0 C:\laragon\www\spk2\app\Controllers\Pm.php(301): CodeIgniter\Debug\Exceptions->errorHandler(8, 'Undefined varia...', 'C:\\laragon\\www\\...', 301, Array)
#1 C:\laragon\www\spk2\system\CodeIgniter.php(832): App\Controllers\Pm->get_cf_sf_hasil()
#2 C:\laragon\www\spk2\system\CodeIgniter.php(419): CodeIgniter\CodeIgniter->runController(Object(App\Controllers\Pm))
#3 C:\laragon\www\spk2\system\CodeIgniter.php(326): CodeIgniter\CodeIgniter->handleRequest(NULL, Object(Config\Cache), false)
#4 C:\laragon\www\spk2\index.php(37): CodeIgniter\CodeIgniter->run()
#5 {main}
CRITICAL - 2022-06-29 08:03:59 --> Undefined variable: data
#0 C:\laragon\www\spk2\app\Controllers\Pm.php(339): CodeIgniter\Debug\Exceptions->errorHandler(8, 'Undefined varia...', 'C:\\laragon\\www\\...', 339, Array)
#1 C:\laragon\www\spk2\system\CodeIgniter.php(832): App\Controllers\Pm->get_nilai_akhir()
#2 C:\laragon\www\spk2\system\CodeIgniter.php(419): CodeIgniter\CodeIgniter->runController(Object(App\Controllers\Pm))
#3 C:\laragon\www\spk2\system\CodeIgniter.php(326): CodeIgniter\CodeIgniter->handleRequest(NULL, Object(Config\Cache), false)
#4 C:\laragon\www\spk2\index.php(37): CodeIgniter\CodeIgniter->run()
#5 {main}
CRITICAL - 2022-06-29 08:03:59 --> Undefined variable: tertinggi
#0 C:\laragon\www\spk2\app\Controllers\Pm.php(384): CodeIgniter\Debug\Exceptions->errorHandler(8, 'Undefined varia...', 'C:\\laragon\\www\\...', 384, Array)
#1 C:\laragon\www\spk2\system\CodeIgniter.php(832): App\Controllers\Pm->get_nilai_perangkingan()
#2 C:\laragon\www\spk2\system\CodeIgniter.php(419): CodeIgniter\CodeIgniter->runController(Object(App\Controllers\Pm))
#3 C:\laragon\www\spk2\system\CodeIgniter.php(326): CodeIgniter\CodeIgniter->handleRequest(NULL, Object(Config\Cache), false)
#4 C:\laragon\www\spk2\index.php(37): CodeIgniter\CodeIgniter->run()
#5 {main}
CRITICAL - 2022-06-29 08:04:00 --> Undefined variable: tertinggi
#0 C:\laragon\www\spk2\app\Controllers\Pm.php(384): CodeIgniter\Debug\Exceptions->errorHandler(8, 'Undefined varia...', 'C:\\laragon\\www\\...', 384, Array)
#1 C:\laragon\www\spk2\system\CodeIgniter.php(832): App\Controllers\Pm->get_nilai_perangkingan()
#2 C:\laragon\www\spk2\system\CodeIgniter.php(419): CodeIgniter\CodeIgniter->runController(Object(App\Controllers\Pm))
#3 C:\laragon\www\spk2\system\CodeIgniter.php(326): CodeIgniter\CodeIgniter->handleRequest(NULL, Object(Config\Cache), false)
#4 C:\laragon\www\spk2\index.php(37): CodeIgniter\CodeIgniter->run()
#5 {main}
CRITICAL - 2022-06-29 08:15:58 --> Undefined variable: data
#0 C:\laragon\www\spk2\app\Controllers\Pm.php(343): CodeIgniter\Debug\Exceptions->errorHandler(8, 'Undefined varia...', 'C:\\laragon\\www\\...', 343, Array)
#1 C:\laragon\www\spk2\system\CodeIgniter.php(832): App\Controllers\Pm->get_nilai_akhir()
#2 C:\laragon\www\spk2\system\CodeIgniter.php(419): CodeIgniter\CodeIgniter->runController(Object(App\Controllers\Pm))
#3 C:\laragon\www\spk2\system\CodeIgniter.php(326): CodeIgniter\CodeIgniter->handleRequest(NULL, Object(Config\Cache), false)
#4 C:\laragon\www\spk2\index.php(37): CodeIgniter\CodeIgniter->run()
#5 {main}
CRITICAL - 2022-06-29 08:15:58 --> Undefined variable: tertinggi
#0 C:\laragon\www\spk2\app\Controllers\Pm.php(388): CodeIgniter\Debug\Exceptions->errorHandler(8, 'Undefined varia...', 'C:\\laragon\\www\\...', 388, Array)
#1 C:\laragon\www\spk2\system\CodeIgniter.php(832): App\Controllers\Pm->get_nilai_perangkingan()
#2 C:\laragon\www\spk2\system\CodeIgniter.php(419): CodeIgniter\CodeIgniter->runController(Object(App\Controllers\Pm))
#3 C:\laragon\www\spk2\system\CodeIgniter.php(326): CodeIgniter\CodeIgniter->handleRequest(NULL, Object(Config\Cache), false)
#4 C:\laragon\www\spk2\index.php(37): CodeIgniter\CodeIgniter->run()
#5 {main}
CRITICAL - 2022-06-29 08:15:58 --> Undefined variable: tertinggi
#0 C:\laragon\www\spk2\app\Controllers\Pm.php(388): CodeIgniter\Debug\Exceptions->errorHandler(8, 'Undefined varia...', 'C:\\laragon\\www\\...', 388, Array)
#1 C:\laragon\www\spk2\system\CodeIgniter.php(832): App\Controllers\Pm->get_nilai_perangkingan()
#2 C:\laragon\www\spk2\system\CodeIgniter.php(419): CodeIgniter\CodeIgniter->runController(Object(App\Controllers\Pm))
#3 C:\laragon\www\spk2\system\CodeIgniter.php(326): CodeIgniter\CodeIgniter->handleRequest(NULL, Object(Config\Cache), false)
#4 C:\laragon\www\spk2\index.php(37): CodeIgniter\CodeIgniter->run()
#5 {main}
CRITICAL - 2022-06-29 08:16:11 --> Undefined variable: data
#0 C:\laragon\www\spk2\app\Controllers\Pm.php(343): CodeIgniter\Debug\Exceptions->errorHandler(8, 'Undefined varia...', 'C:\\laragon\\www\\...', 343, Array)
#1 C:\laragon\www\spk2\system\CodeIgniter.php(832): App\Controllers\Pm->get_nilai_akhir()
#2 C:\laragon\www\spk2\system\CodeIgniter.php(419): CodeIgniter\CodeIgniter->runController(Object(App\Controllers\Pm))
#3 C:\laragon\www\spk2\system\CodeIgniter.php(326): CodeIgniter\CodeIgniter->handleRequest(NULL, Object(Config\Cache), false)
#4 C:\laragon\www\spk2\index.php(37): CodeIgniter\CodeIgniter->run()
#5 {main}
CRITICAL - 2022-06-29 08:16:11 --> Undefined variable: tertinggi
#0 C:\laragon\www\spk2\app\Controllers\Pm.php(388): CodeIgniter\Debug\Exceptions->errorHandler(8, 'Undefined varia...', 'C:\\laragon\\www\\...', 388, Array)
#1 C:\laragon\www\spk2\system\CodeIgniter.php(832): App\Controllers\Pm->get_nilai_perangkingan()
#2 C:\laragon\www\spk2\system\CodeIgniter.php(419): CodeIgniter\CodeIgniter->runController(Object(App\Controllers\Pm))
#3 C:\laragon\www\spk2\system\CodeIgniter.php(326): CodeIgniter\CodeIgniter->handleRequest(NULL, Object(Config\Cache), false)
#4 C:\laragon\www\spk2\index.php(37): CodeIgniter\CodeIgniter->run()
#5 {main}
CRITICAL - 2022-06-29 08:16:11 --> Undefined variable: tertinggi
#0 C:\laragon\www\spk2\app\Controllers\Pm.php(388): CodeIgniter\Debug\Exceptions->errorHandler(8, 'Undefined varia...', 'C:\\laragon\\www\\...', 388, Array)
#1 C:\laragon\www\spk2\system\CodeIgniter.php(832): App\Controllers\Pm->get_nilai_perangkingan()
#2 C:\laragon\www\spk2\system\CodeIgniter.php(419): CodeIgniter\CodeIgniter->runController(Object(App\Controllers\Pm))
#3 C:\laragon\www\spk2\system\CodeIgniter.php(326): CodeIgniter\CodeIgniter->handleRequest(NULL, Object(Config\Cache), false)
#4 C:\laragon\www\spk2\index.php(37): CodeIgniter\CodeIgniter->run()
#5 {main}
ERROR - 2022-06-29 08:27:54 --> Column 'id' in where clause is ambiguous
CRITICAL - 2022-06-29 08:27:54 --> Column 'id' in where clause is ambiguous
#0 C:\laragon\www\spk2\system\Database\MySQLi\Connection.php(292): mysqli->query('\r\n        SELEC...', 0)
#1 C:\laragon\www\spk2\system\Database\BaseConnection.php(670): CodeIgniter\Database\MySQLi\Connection->execute('\r\n        SELEC...')
#2 C:\laragon\www\spk2\system\Database\BaseConnection.php(598): CodeIgniter\Database\BaseConnection->simpleQuery('\r\n        SELEC...')
#3 C:\laragon\www\spk2\app\Models\M_berkas.php(16): CodeIgniter\Database\BaseConnection->query('\r\n        SELEC...')
#4 C:\laragon\www\spk2\app\Controllers\Berkas.php(17): App\Models\M_berkas->getBerkas()
#5 C:\laragon\www\spk2\system\CodeIgniter.php(832): App\Controllers\Berkas->show_berkas()
#6 C:\laragon\www\spk2\system\CodeIgniter.php(419): CodeIgniter\CodeIgniter->runController(Object(App\Controllers\Berkas))
#7 C:\laragon\www\spk2\system\CodeIgniter.php(326): CodeIgniter\CodeIgniter->handleRequest(NULL, Object(Config\Cache), false)
#8 C:\laragon\www\spk2\index.php(37): CodeIgniter\CodeIgniter->run()
#9 {main}
