CRITICAL - 2022-05-16 04:38:32 --> syntax error, unexpected ''%'' (T_CONSTANT_ENCAPSED_STRING), expecting ';' or ','
#0 C:\laragon\www\spk2\system\View\View.php(213): CodeIgniter\View\View->CodeIgniter\View\{closure}()
#1 C:\laragon\www\spk2\system\Common.php(1089): CodeIgniter\View\View->render('/page/metode_sa...', Array, true)
#2 C:\laragon\www\spk2\app\Controllers\Saw.php(29): view('/page/metode_sa...', Array)
#3 C:\laragon\www\spk2\system\CodeIgniter.php(832): App\Controllers\Saw->result_saw()
#4 C:\laragon\www\spk2\system\CodeIgniter.php(419): CodeIgniter\CodeIgniter->runController(Object(App\Controllers\Saw))
#5 C:\laragon\www\spk2\system\CodeIgniter.php(326): CodeIgniter\CodeIgniter->handleRequest(NULL, Object(Config\Cache), false)
#6 C:\laragon\www\spk2\index.php(37): CodeIgniter\CodeIgniter->run()
#7 {main}
CRITICAL - 2022-05-16 04:38:56 --> syntax error, unexpected '.'
#0 C:\laragon\www\spk2\system\View\View.php(213): CodeIgniter\View\View->CodeIgniter\View\{closure}()
#1 C:\laragon\www\spk2\system\Common.php(1089): CodeIgniter\View\View->render('/page/metode_sa...', Array, true)
#2 C:\laragon\www\spk2\app\Controllers\Saw.php(29): view('/page/metode_sa...', Array)
#3 C:\laragon\www\spk2\system\CodeIgniter.php(832): App\Controllers\Saw->result_saw()
#4 C:\laragon\www\spk2\system\CodeIgniter.php(419): CodeIgniter\CodeIgniter->runController(Object(App\Controllers\Saw))
#5 C:\laragon\www\spk2\system\CodeIgniter.php(326): CodeIgniter\CodeIgniter->handleRequest(NULL, Object(Config\Cache), false)
#6 C:\laragon\www\spk2\index.php(37): CodeIgniter\CodeIgniter->run()
#7 {main}
CRITICAL - 2022-05-16 04:49:25 --> syntax error, unexpected ''%'' (T_CONSTANT_ENCAPSED_STRING)
#0 C:\laragon\www\spk2\system\View\View.php(213): CodeIgniter\View\View->CodeIgniter\View\{closure}()
#1 C:\laragon\www\spk2\system\Common.php(1089): CodeIgniter\View\View->render('/page/metode_sa...', Array, true)
#2 C:\laragon\www\spk2\app\Controllers\Saw.php(29): view('/page/metode_sa...', Array)
#3 C:\laragon\www\spk2\system\CodeIgniter.php(832): App\Controllers\Saw->result_saw()
#4 C:\laragon\www\spk2\system\CodeIgniter.php(419): CodeIgniter\CodeIgniter->runController(Object(App\Controllers\Saw))
#5 C:\laragon\www\spk2\system\CodeIgniter.php(326): CodeIgniter\CodeIgniter->handleRequest(NULL, Object(Config\Cache), false)
#6 C:\laragon\www\spk2\index.php(37): CodeIgniter\CodeIgniter->run()
#7 {main}
CRITICAL - 2022-05-16 04:49:49 --> syntax error, unexpected ':', expecting end of file
#0 C:\laragon\www\spk2\system\View\View.php(213): CodeIgniter\View\View->CodeIgniter\View\{closure}()
#1 C:\laragon\www\spk2\system\Common.php(1089): CodeIgniter\View\View->render('/page/metode_sa...', Array, true)
#2 C:\laragon\www\spk2\app\Controllers\Saw.php(29): view('/page/metode_sa...', Array)
#3 C:\laragon\www\spk2\system\CodeIgniter.php(832): App\Controllers\Saw->result_saw()
#4 C:\laragon\www\spk2\system\CodeIgniter.php(419): CodeIgniter\CodeIgniter->runController(Object(App\Controllers\Saw))
#5 C:\laragon\www\spk2\system\CodeIgniter.php(326): CodeIgniter\CodeIgniter->handleRequest(NULL, Object(Config\Cache), false)
#6 C:\laragon\www\spk2\index.php(37): CodeIgniter\CodeIgniter->run()
#7 {main}
CRITICAL - 2022-05-16 04:53:54 --> max(): When only one parameter is given, it must be an array
#0 [internal function]: CodeIgniter\Debug\Exceptions->errorHandler(2, 'max(): When onl...', 'C:\\laragon\\www\\...', 139, Array)
#1 C:\laragon\www\spk2\app\Views\page\metode_saw_result.php(139): max(0.707)
#2 C:\laragon\www\spk2\system\View\View.php(210): include('C:\\laragon\\www\\...')
#3 C:\laragon\www\spk2\system\View\View.php(213): CodeIgniter\View\View->CodeIgniter\View\{closure}()
#4 C:\laragon\www\spk2\system\Common.php(1089): CodeIgniter\View\View->render('/page/metode_sa...', Array, true)
#5 C:\laragon\www\spk2\app\Controllers\Saw.php(29): view('/page/metode_sa...', Array)
#6 C:\laragon\www\spk2\system\CodeIgniter.php(832): App\Controllers\Saw->result_saw()
#7 C:\laragon\www\spk2\system\CodeIgniter.php(419): CodeIgniter\CodeIgniter->runController(Object(App\Controllers\Saw))
#8 C:\laragon\www\spk2\system\CodeIgniter.php(326): CodeIgniter\CodeIgniter->handleRequest(NULL, Object(Config\Cache), false)
#9 C:\laragon\www\spk2\index.php(37): CodeIgniter\CodeIgniter->run()
#10 {main}
CRITICAL - 2022-05-16 04:56:12 --> max(): When only one parameter is given, it must be an array
#0 [internal function]: CodeIgniter\Debug\Exceptions->errorHandler(2, 'max(): When onl...', 'C:\\laragon\\www\\...', 140, Array)
#1 C:\laragon\www\spk2\app\Views\page\metode_saw_result.php(140): max('71%')
#2 C:\laragon\www\spk2\system\View\View.php(210): include('C:\\laragon\\www\\...')
#3 C:\laragon\www\spk2\system\View\View.php(213): CodeIgniter\View\View->CodeIgniter\View\{closure}()
#4 C:\laragon\www\spk2\system\Common.php(1089): CodeIgniter\View\View->render('/page/metode_sa...', Array, true)
#5 C:\laragon\www\spk2\app\Controllers\Saw.php(29): view('/page/metode_sa...', Array)
#6 C:\laragon\www\spk2\system\CodeIgniter.php(832): App\Controllers\Saw->result_saw()
#7 C:\laragon\www\spk2\system\CodeIgniter.php(419): CodeIgniter\CodeIgniter->runController(Object(App\Controllers\Saw))
#8 C:\laragon\www\spk2\system\CodeIgniter.php(326): CodeIgniter\CodeIgniter->handleRequest(NULL, Object(Config\Cache), false)
#9 C:\laragon\www\spk2\index.php(37): CodeIgniter\CodeIgniter->run()
#10 {main}
CRITICAL - 2022-05-16 04:59:23 --> Array to string conversion
#0 C:\laragon\www\spk2\app\Views\page\metode_saw_result.php(142): CodeIgniter\Debug\Exceptions->errorHandler(8, 'Array to string...', 'C:\\laragon\\www\\...', 142, Array)
#1 C:\laragon\www\spk2\system\View\View.php(210): include('C:\\laragon\\www\\...')
#2 C:\laragon\www\spk2\system\View\View.php(213): CodeIgniter\View\View->CodeIgniter\View\{closure}()
#3 C:\laragon\www\spk2\system\Common.php(1089): CodeIgniter\View\View->render('/page/metode_sa...', Array, true)
#4 C:\laragon\www\spk2\app\Controllers\Saw.php(29): view('/page/metode_sa...', Array)
#5 C:\laragon\www\spk2\system\CodeIgniter.php(832): App\Controllers\Saw->result_saw()
#6 C:\laragon\www\spk2\system\CodeIgniter.php(419): CodeIgniter\CodeIgniter->runController(Object(App\Controllers\Saw))
#7 C:\laragon\www\spk2\system\CodeIgniter.php(326): CodeIgniter\CodeIgniter->handleRequest(NULL, Object(Config\Cache), false)
#8 C:\laragon\www\spk2\index.php(37): CodeIgniter\CodeIgniter->run()
#9 {main}
CRITICAL - 2022-05-16 05:01:17 --> Array to string conversion
#0 C:\laragon\www\spk2\app\Views\page\metode_saw_result.php(142): CodeIgniter\Debug\Exceptions->errorHandler(8, 'Array to string...', 'C:\\laragon\\www\\...', 142, Array)
#1 C:\laragon\www\spk2\system\View\View.php(210): include('C:\\laragon\\www\\...')
#2 C:\laragon\www\spk2\system\View\View.php(213): CodeIgniter\View\View->CodeIgniter\View\{closure}()
#3 C:\laragon\www\spk2\system\Common.php(1089): CodeIgniter\View\View->render('/page/metode_sa...', Array, true)
#4 C:\laragon\www\spk2\app\Controllers\Saw.php(29): view('/page/metode_sa...', Array)
#5 C:\laragon\www\spk2\system\CodeIgniter.php(832): App\Controllers\Saw->result_saw()
#6 C:\laragon\www\spk2\system\CodeIgniter.php(419): CodeIgniter\CodeIgniter->runController(Object(App\Controllers\Saw))
#7 C:\laragon\www\spk2\system\CodeIgniter.php(326): CodeIgniter\CodeIgniter->handleRequest(NULL, Object(Config\Cache), false)
#8 C:\laragon\www\spk2\index.php(37): CodeIgniter\CodeIgniter->run()
#9 {main}
CRITICAL - 2022-05-16 05:02:20 --> A non-numeric value encountered
#0 C:\laragon\www\spk2\app\Views\page\metode_saw_result.php(142): CodeIgniter\Debug\Exceptions->errorHandler(2, 'A non-numeric v...', 'C:\\laragon\\www\\...', 142, Array)
#1 C:\laragon\www\spk2\system\View\View.php(210): include('C:\\laragon\\www\\...')
#2 C:\laragon\www\spk2\system\View\View.php(213): CodeIgniter\View\View->CodeIgniter\View\{closure}()
#3 C:\laragon\www\spk2\system\Common.php(1089): CodeIgniter\View\View->render('/page/metode_sa...', Array, true)
#4 C:\laragon\www\spk2\app\Controllers\Saw.php(29): view('/page/metode_sa...', Array)
#5 C:\laragon\www\spk2\system\CodeIgniter.php(832): App\Controllers\Saw->result_saw()
#6 C:\laragon\www\spk2\system\CodeIgniter.php(419): CodeIgniter\CodeIgniter->runController(Object(App\Controllers\Saw))
#7 C:\laragon\www\spk2\system\CodeIgniter.php(326): CodeIgniter\CodeIgniter->handleRequest(NULL, Object(Config\Cache), false)
#8 C:\laragon\www\spk2\index.php(37): CodeIgniter\CodeIgniter->run()
#9 {main}
CRITICAL - 2022-05-16 05:02:33 --> syntax error, unexpected '.'
#0 C:\laragon\www\spk2\system\View\View.php(213): CodeIgniter\View\View->CodeIgniter\View\{closure}()
#1 C:\laragon\www\spk2\system\Common.php(1089): CodeIgniter\View\View->render('/page/metode_sa...', Array, true)
#2 C:\laragon\www\spk2\app\Controllers\Saw.php(29): view('/page/metode_sa...', Array)
#3 C:\laragon\www\spk2\system\CodeIgniter.php(832): App\Controllers\Saw->result_saw()
#4 C:\laragon\www\spk2\system\CodeIgniter.php(419): CodeIgniter\CodeIgniter->runController(Object(App\Controllers\Saw))
#5 C:\laragon\www\spk2\system\CodeIgniter.php(326): CodeIgniter\CodeIgniter->handleRequest(NULL, Object(Config\Cache), false)
#6 C:\laragon\www\spk2\index.php(37): CodeIgniter\CodeIgniter->run()
#7 {main}
CRITICAL - 2022-05-16 05:02:38 --> Array to string conversion
#0 C:\laragon\www\spk2\app\Views\page\metode_saw_result.php(142): CodeIgniter\Debug\Exceptions->errorHandler(8, 'Array to string...', 'C:\\laragon\\www\\...', 142, Array)
#1 C:\laragon\www\spk2\system\View\View.php(210): include('C:\\laragon\\www\\...')
#2 C:\laragon\www\spk2\system\View\View.php(213): CodeIgniter\View\View->CodeIgniter\View\{closure}()
#3 C:\laragon\www\spk2\system\Common.php(1089): CodeIgniter\View\View->render('/page/metode_sa...', Array, true)
#4 C:\laragon\www\spk2\app\Controllers\Saw.php(29): view('/page/metode_sa...', Array)
#5 C:\laragon\www\spk2\system\CodeIgniter.php(832): App\Controllers\Saw->result_saw()
#6 C:\laragon\www\spk2\system\CodeIgniter.php(419): CodeIgniter\CodeIgniter->runController(Object(App\Controllers\Saw))
#7 C:\laragon\www\spk2\system\CodeIgniter.php(326): CodeIgniter\CodeIgniter->handleRequest(NULL, Object(Config\Cache), false)
#8 C:\laragon\www\spk2\index.php(37): CodeIgniter\CodeIgniter->run()
#9 {main}
CRITICAL - 2022-05-16 05:03:56 --> min(): When only one parameter is given, it must be an array
#0 [internal function]: CodeIgniter\Debug\Exceptions->errorHandler(2, 'min(): When onl...', 'C:\\laragon\\www\\...', 151, Array)
#1 C:\laragon\www\spk2\app\Views\page\metode_saw_result.php(151): min('0.7070.73066666...')
#2 C:\laragon\www\spk2\system\View\View.php(210): include('C:\\laragon\\www\\...')
#3 C:\laragon\www\spk2\system\View\View.php(213): CodeIgniter\View\View->CodeIgniter\View\{closure}()
#4 C:\laragon\www\spk2\system\Common.php(1089): CodeIgniter\View\View->render('/page/metode_sa...', Array, true)
#5 C:\laragon\www\spk2\app\Controllers\Saw.php(29): view('/page/metode_sa...', Array)
#6 C:\laragon\www\spk2\system\CodeIgniter.php(832): App\Controllers\Saw->result_saw()
#7 C:\laragon\www\spk2\system\CodeIgniter.php(419): CodeIgniter\CodeIgniter->runController(Object(App\Controllers\Saw))
#8 C:\laragon\www\spk2\system\CodeIgniter.php(326): CodeIgniter\CodeIgniter->handleRequest(NULL, Object(Config\Cache), false)
#9 C:\laragon\www\spk2\index.php(37): CodeIgniter\CodeIgniter->run()
#10 {main}
CRITICAL - 2022-05-16 05:03:58 --> min(): When only one parameter is given, it must be an array
#0 [internal function]: CodeIgniter\Debug\Exceptions->errorHandler(2, 'min(): When onl...', 'C:\\laragon\\www\\...', 151, Array)
#1 C:\laragon\www\spk2\app\Views\page\metode_saw_result.php(151): min('0.7070.73066666...')
#2 C:\laragon\www\spk2\system\View\View.php(210): include('C:\\laragon\\www\\...')
#3 C:\laragon\www\spk2\system\View\View.php(213): CodeIgniter\View\View->CodeIgniter\View\{closure}()
#4 C:\laragon\www\spk2\system\Common.php(1089): CodeIgniter\View\View->render('/page/metode_sa...', Array, true)
#5 C:\laragon\www\spk2\app\Controllers\Saw.php(29): view('/page/metode_sa...', Array)
#6 C:\laragon\www\spk2\system\CodeIgniter.php(832): App\Controllers\Saw->result_saw()
#7 C:\laragon\www\spk2\system\CodeIgniter.php(419): CodeIgniter\CodeIgniter->runController(Object(App\Controllers\Saw))
#8 C:\laragon\www\spk2\system\CodeIgniter.php(326): CodeIgniter\CodeIgniter->handleRequest(NULL, Object(Config\Cache), false)
#9 C:\laragon\www\spk2\index.php(37): CodeIgniter\CodeIgniter->run()
#10 {main}
CRITICAL - 2022-05-16 05:04:16 --> Array to string conversion
#0 C:\laragon\www\spk2\app\Views\page\metode_saw_result.php(142): CodeIgniter\Debug\Exceptions->errorHandler(8, 'Array to string...', 'C:\\laragon\\www\\...', 142, Array)
#1 C:\laragon\www\spk2\system\View\View.php(210): include('C:\\laragon\\www\\...')
#2 C:\laragon\www\spk2\system\View\View.php(213): CodeIgniter\View\View->CodeIgniter\View\{closure}()
#3 C:\laragon\www\spk2\system\Common.php(1089): CodeIgniter\View\View->render('/page/metode_sa...', Array, true)
#4 C:\laragon\www\spk2\app\Controllers\Saw.php(29): view('/page/metode_sa...', Array)
#5 C:\laragon\www\spk2\system\CodeIgniter.php(832): App\Controllers\Saw->result_saw()
#6 C:\laragon\www\spk2\system\CodeIgniter.php(419): CodeIgniter\CodeIgniter->runController(Object(App\Controllers\Saw))
#7 C:\laragon\www\spk2\system\CodeIgniter.php(326): CodeIgniter\CodeIgniter->handleRequest(NULL, Object(Config\Cache), false)
#8 C:\laragon\www\spk2\index.php(37): CodeIgniter\CodeIgniter->run()
#9 {main}
CRITICAL - 2022-05-16 05:05:30 --> [] operator not supported for strings
#0 C:\laragon\www\spk2\system\View\View.php(210): include()
#1 C:\laragon\www\spk2\system\View\View.php(213): CodeIgniter\View\View->CodeIgniter\View\{closure}()
#2 C:\laragon\www\spk2\system\Common.php(1089): CodeIgniter\View\View->render('/page/metode_sa...', Array, true)
#3 C:\laragon\www\spk2\app\Controllers\Saw.php(29): view('/page/metode_sa...', Array)
#4 C:\laragon\www\spk2\system\CodeIgniter.php(832): App\Controllers\Saw->result_saw()
#5 C:\laragon\www\spk2\system\CodeIgniter.php(419): CodeIgniter\CodeIgniter->runController(Object(App\Controllers\Saw))
#6 C:\laragon\www\spk2\system\CodeIgniter.php(326): CodeIgniter\CodeIgniter->handleRequest(NULL, Object(Config\Cache), false)
#7 C:\laragon\www\spk2\index.php(37): CodeIgniter\CodeIgniter->run()
#8 {main}
CRITICAL - 2022-05-16 05:05:50 --> Array to string conversion
#0 C:\laragon\www\spk2\app\Views\page\metode_saw_result.php(142): CodeIgniter\Debug\Exceptions->errorHandler(8, 'Array to string...', 'C:\\laragon\\www\\...', 142, Array)
#1 C:\laragon\www\spk2\system\View\View.php(210): include('C:\\laragon\\www\\...')
#2 C:\laragon\www\spk2\system\View\View.php(213): CodeIgniter\View\View->CodeIgniter\View\{closure}()
#3 C:\laragon\www\spk2\system\Common.php(1089): CodeIgniter\View\View->render('/page/metode_sa...', Array, true)
#4 C:\laragon\www\spk2\app\Controllers\Saw.php(29): view('/page/metode_sa...', Array)
#5 C:\laragon\www\spk2\system\CodeIgniter.php(832): App\Controllers\Saw->result_saw()
#6 C:\laragon\www\spk2\system\CodeIgniter.php(419): CodeIgniter\CodeIgniter->runController(Object(App\Controllers\Saw))
#7 C:\laragon\www\spk2\system\CodeIgniter.php(326): CodeIgniter\CodeIgniter->handleRequest(NULL, Object(Config\Cache), false)
#8 C:\laragon\www\spk2\index.php(37): CodeIgniter\CodeIgniter->run()
#9 {main}
CRITICAL - 2022-05-16 05:06:03 --> Array to string conversion
#0 C:\laragon\www\spk2\app\Views\page\metode_saw_result.php(142): CodeIgniter\Debug\Exceptions->errorHandler(8, 'Array to string...', 'C:\\laragon\\www\\...', 142, Array)
#1 C:\laragon\www\spk2\system\View\View.php(210): include('C:\\laragon\\www\\...')
#2 C:\laragon\www\spk2\system\View\View.php(213): CodeIgniter\View\View->CodeIgniter\View\{closure}()
#3 C:\laragon\www\spk2\system\Common.php(1089): CodeIgniter\View\View->render('/page/metode_sa...', Array, true)
#4 C:\laragon\www\spk2\app\Controllers\Saw.php(29): view('/page/metode_sa...', Array)
#5 C:\laragon\www\spk2\system\CodeIgniter.php(832): App\Controllers\Saw->result_saw()
#6 C:\laragon\www\spk2\system\CodeIgniter.php(419): CodeIgniter\CodeIgniter->runController(Object(App\Controllers\Saw))
#7 C:\laragon\www\spk2\system\CodeIgniter.php(326): CodeIgniter\CodeIgniter->handleRequest(NULL, Object(Config\Cache), false)
#8 C:\laragon\www\spk2\index.php(37): CodeIgniter\CodeIgniter->run()
#9 {main}
CRITICAL - 2022-05-16 05:06:18 --> Array to string conversion
#0 C:\laragon\www\spk2\app\Views\page\metode_saw_result.php(142): CodeIgniter\Debug\Exceptions->errorHandler(8, 'Array to string...', 'C:\\laragon\\www\\...', 142, Array)
#1 C:\laragon\www\spk2\system\View\View.php(210): include('C:\\laragon\\www\\...')
#2 C:\laragon\www\spk2\system\View\View.php(213): CodeIgniter\View\View->CodeIgniter\View\{closure}()
#3 C:\laragon\www\spk2\system\Common.php(1089): CodeIgniter\View\View->render('/page/metode_sa...', Array, true)
#4 C:\laragon\www\spk2\app\Controllers\Saw.php(29): view('/page/metode_sa...', Array)
#5 C:\laragon\www\spk2\system\CodeIgniter.php(832): App\Controllers\Saw->result_saw()
#6 C:\laragon\www\spk2\system\CodeIgniter.php(419): CodeIgniter\CodeIgniter->runController(Object(App\Controllers\Saw))
#7 C:\laragon\www\spk2\system\CodeIgniter.php(326): CodeIgniter\CodeIgniter->handleRequest(NULL, Object(Config\Cache), false)
#8 C:\laragon\www\spk2\index.php(37): CodeIgniter\CodeIgniter->run()
#9 {main}
CRITICAL - 2022-05-16 05:06:24 --> Array to string conversion
#0 C:\laragon\www\spk2\app\Views\page\metode_saw_result.php(142): CodeIgniter\Debug\Exceptions->errorHandler(8, 'Array to string...', 'C:\\laragon\\www\\...', 142, Array)
#1 C:\laragon\www\spk2\system\View\View.php(210): include('C:\\laragon\\www\\...')
#2 C:\laragon\www\spk2\system\View\View.php(213): CodeIgniter\View\View->CodeIgniter\View\{closure}()
#3 C:\laragon\www\spk2\system\Common.php(1089): CodeIgniter\View\View->render('/page/metode_sa...', Array, true)
#4 C:\laragon\www\spk2\app\Controllers\Saw.php(29): view('/page/metode_sa...', Array)
#5 C:\laragon\www\spk2\system\CodeIgniter.php(832): App\Controllers\Saw->result_saw()
#6 C:\laragon\www\spk2\system\CodeIgniter.php(419): CodeIgniter\CodeIgniter->runController(Object(App\Controllers\Saw))
#7 C:\laragon\www\spk2\system\CodeIgniter.php(326): CodeIgniter\CodeIgniter->handleRequest(NULL, Object(Config\Cache), false)
#8 C:\laragon\www\spk2\index.php(37): CodeIgniter\CodeIgniter->run()
#9 {main}
CRITICAL - 2022-05-16 05:25:49 --> min(): When only one parameter is given, it must be an array
#0 [internal function]: CodeIgniter\Debug\Exceptions->errorHandler(2, 'min(): When onl...', 'C:\\laragon\\www\\...', 151, Array)
#1 C:\laragon\www\spk2\app\Views\page\metode_saw_result.php(151): min(0.795)
#2 C:\laragon\www\spk2\system\View\View.php(210): include('C:\\laragon\\www\\...')
#3 C:\laragon\www\spk2\system\View\View.php(213): CodeIgniter\View\View->CodeIgniter\View\{closure}()
#4 C:\laragon\www\spk2\system\Common.php(1089): CodeIgniter\View\View->render('/page/metode_sa...', Array, true)
#5 C:\laragon\www\spk2\app\Controllers\Saw.php(29): view('/page/metode_sa...', Array)
#6 C:\laragon\www\spk2\system\CodeIgniter.php(832): App\Controllers\Saw->result_saw()
#7 C:\laragon\www\spk2\system\CodeIgniter.php(419): CodeIgniter\CodeIgniter->runController(Object(App\Controllers\Saw))
#8 C:\laragon\www\spk2\system\CodeIgniter.php(326): CodeIgniter\CodeIgniter->handleRequest(NULL, Object(Config\Cache), false)
#9 C:\laragon\www\spk2\index.php(37): CodeIgniter\CodeIgniter->run()
#10 {main}
CRITICAL - 2022-05-16 05:27:38 --> Array to string conversion
#0 C:\laragon\www\spk2\app\Views\page\metode_saw_result.php(142): CodeIgniter\Debug\Exceptions->errorHandler(8, 'Array to string...', 'C:\\laragon\\www\\...', 142, Array)
#1 C:\laragon\www\spk2\system\View\View.php(210): include('C:\\laragon\\www\\...')
#2 C:\laragon\www\spk2\system\View\View.php(213): CodeIgniter\View\View->CodeIgniter\View\{closure}()
#3 C:\laragon\www\spk2\system\Common.php(1089): CodeIgniter\View\View->render('/page/metode_sa...', Array, true)
#4 C:\laragon\www\spk2\app\Controllers\Saw.php(29): view('/page/metode_sa...', Array)
#5 C:\laragon\www\spk2\system\CodeIgniter.php(832): App\Controllers\Saw->result_saw()
#6 C:\laragon\www\spk2\system\CodeIgniter.php(419): CodeIgniter\CodeIgniter->runController(Object(App\Controllers\Saw))
#7 C:\laragon\www\spk2\system\CodeIgniter.php(326): CodeIgniter\CodeIgniter->handleRequest(NULL, Object(Config\Cache), false)
#8 C:\laragon\www\spk2\index.php(37): CodeIgniter\CodeIgniter->run()
#9 {main}
CRITICAL - 2022-05-16 05:28:42 --> Cannot use [] for reading
#0 [internal function]: CodeIgniter\Debug\Exceptions->shutdownHandler()
#1 {main}
CRITICAL - 2022-05-16 05:31:44 --> min(): When only one parameter is given, it must be an array
#0 [internal function]: CodeIgniter\Debug\Exceptions->errorHandler(2, 'min(): When onl...', 'C:\\laragon\\www\\...', 151, Array)
#1 C:\laragon\www\spk2\app\Views\page\metode_saw_result.php(151): min(0.795)
#2 C:\laragon\www\spk2\system\View\View.php(210): include('C:\\laragon\\www\\...')
#3 C:\laragon\www\spk2\system\View\View.php(213): CodeIgniter\View\View->CodeIgniter\View\{closure}()
#4 C:\laragon\www\spk2\system\Common.php(1089): CodeIgniter\View\View->render('/page/metode_sa...', Array, true)
#5 C:\laragon\www\spk2\app\Controllers\Saw.php(29): view('/page/metode_sa...', Array)
#6 C:\laragon\www\spk2\system\CodeIgniter.php(832): App\Controllers\Saw->result_saw()
#7 C:\laragon\www\spk2\system\CodeIgniter.php(419): CodeIgniter\CodeIgniter->runController(Object(App\Controllers\Saw))
#8 C:\laragon\www\spk2\system\CodeIgniter.php(326): CodeIgniter\CodeIgniter->handleRequest(NULL, Object(Config\Cache), false)
#9 C:\laragon\www\spk2\index.php(37): CodeIgniter\CodeIgniter->run()
#10 {main}
CRITICAL - 2022-05-16 05:32:01 --> syntax error, unexpected ';'
#0 C:\laragon\www\spk2\system\View\View.php(213): CodeIgniter\View\View->CodeIgniter\View\{closure}()
#1 C:\laragon\www\spk2\system\Common.php(1089): CodeIgniter\View\View->render('/page/metode_sa...', Array, true)
#2 C:\laragon\www\spk2\app\Controllers\Saw.php(29): view('/page/metode_sa...', Array)
#3 C:\laragon\www\spk2\system\CodeIgniter.php(832): App\Controllers\Saw->result_saw()
#4 C:\laragon\www\spk2\system\CodeIgniter.php(419): CodeIgniter\CodeIgniter->runController(Object(App\Controllers\Saw))
#5 C:\laragon\www\spk2\system\CodeIgniter.php(326): CodeIgniter\CodeIgniter->handleRequest(NULL, Object(Config\Cache), false)
#6 C:\laragon\www\spk2\index.php(37): CodeIgniter\CodeIgniter->run()
#7 {main}
CRITICAL - 2022-05-16 05:32:06 --> min(): When only one parameter is given, it must be an array
#0 [internal function]: CodeIgniter\Debug\Exceptions->errorHandler(2, 'min(): When onl...', 'C:\\laragon\\www\\...', 151, Array)
#1 C:\laragon\www\spk2\app\Views\page\metode_saw_result.php(151): min(0.795)
#2 C:\laragon\www\spk2\system\View\View.php(210): include('C:\\laragon\\www\\...')
#3 C:\laragon\www\spk2\system\View\View.php(213): CodeIgniter\View\View->CodeIgniter\View\{closure}()
#4 C:\laragon\www\spk2\system\Common.php(1089): CodeIgniter\View\View->render('/page/metode_sa...', Array, true)
#5 C:\laragon\www\spk2\app\Controllers\Saw.php(29): view('/page/metode_sa...', Array)
#6 C:\laragon\www\spk2\system\CodeIgniter.php(832): App\Controllers\Saw->result_saw()
#7 C:\laragon\www\spk2\system\CodeIgniter.php(419): CodeIgniter\CodeIgniter->runController(Object(App\Controllers\Saw))
#8 C:\laragon\www\spk2\system\CodeIgniter.php(326): CodeIgniter\CodeIgniter->handleRequest(NULL, Object(Config\Cache), false)
#9 C:\laragon\www\spk2\index.php(37): CodeIgniter\CodeIgniter->run()
#10 {main}
CRITICAL - 2022-05-16 05:33:13 --> max(): When only one parameter is given, it must be an array
#0 [internal function]: CodeIgniter\Debug\Exceptions->errorHandler(2, 'max(): When onl...', 'C:\\laragon\\www\\...', 142, Array)
#1 C:\laragon\www\spk2\app\Views\page\metode_saw_result.php(142): max(0.707)
#2 C:\laragon\www\spk2\system\View\View.php(210): include('C:\\laragon\\www\\...')
#3 C:\laragon\www\spk2\system\View\View.php(213): CodeIgniter\View\View->CodeIgniter\View\{closure}()
#4 C:\laragon\www\spk2\system\Common.php(1089): CodeIgniter\View\View->render('/page/metode_sa...', Array, true)
#5 C:\laragon\www\spk2\app\Controllers\Saw.php(29): view('/page/metode_sa...', Array)
#6 C:\laragon\www\spk2\system\CodeIgniter.php(832): App\Controllers\Saw->result_saw()
#7 C:\laragon\www\spk2\system\CodeIgniter.php(419): CodeIgniter\CodeIgniter->runController(Object(App\Controllers\Saw))
#8 C:\laragon\www\spk2\system\CodeIgniter.php(326): CodeIgniter\CodeIgniter->handleRequest(NULL, Object(Config\Cache), false)
#9 C:\laragon\www\spk2\index.php(37): CodeIgniter\CodeIgniter->run()
#10 {main}
CRITICAL - 2022-05-16 05:34:01 --> Array to string conversion
#0 C:\laragon\www\spk2\app\Views\page\metode_saw_result.php(142): CodeIgniter\Debug\Exceptions->errorHandler(8, 'Array to string...', 'C:\\laragon\\www\\...', 142, Array)
#1 C:\laragon\www\spk2\system\View\View.php(210): include('C:\\laragon\\www\\...')
#2 C:\laragon\www\spk2\system\View\View.php(213): CodeIgniter\View\View->CodeIgniter\View\{closure}()
#3 C:\laragon\www\spk2\system\Common.php(1089): CodeIgniter\View\View->render('/page/metode_sa...', Array, true)
#4 C:\laragon\www\spk2\app\Controllers\Saw.php(29): view('/page/metode_sa...', Array)
#5 C:\laragon\www\spk2\system\CodeIgniter.php(832): App\Controllers\Saw->result_saw()
#6 C:\laragon\www\spk2\system\CodeIgniter.php(419): CodeIgniter\CodeIgniter->runController(Object(App\Controllers\Saw))
#7 C:\laragon\www\spk2\system\CodeIgniter.php(326): CodeIgniter\CodeIgniter->handleRequest(NULL, Object(Config\Cache), false)
#8 C:\laragon\www\spk2\index.php(37): CodeIgniter\CodeIgniter->run()
#9 {main}
CRITICAL - 2022-05-16 05:38:48 --> Array to string conversion
#0 C:\laragon\www\spk2\app\Views\page\metode_saw_result.php(155): CodeIgniter\Debug\Exceptions->errorHandler(8, 'Array to string...', 'C:\\laragon\\www\\...', 155, Array)
#1 C:\laragon\www\spk2\system\View\View.php(210): include('C:\\laragon\\www\\...')
#2 C:\laragon\www\spk2\system\View\View.php(213): CodeIgniter\View\View->CodeIgniter\View\{closure}()
#3 C:\laragon\www\spk2\system\Common.php(1089): CodeIgniter\View\View->render('/page/metode_sa...', Array, true)
#4 C:\laragon\www\spk2\app\Controllers\Saw.php(29): view('/page/metode_sa...', Array)
#5 C:\laragon\www\spk2\system\CodeIgniter.php(832): App\Controllers\Saw->result_saw()
#6 C:\laragon\www\spk2\system\CodeIgniter.php(419): CodeIgniter\CodeIgniter->runController(Object(App\Controllers\Saw))
#7 C:\laragon\www\spk2\system\CodeIgniter.php(326): CodeIgniter\CodeIgniter->handleRequest(NULL, Object(Config\Cache), false)
#8 C:\laragon\www\spk2\index.php(37): CodeIgniter\CodeIgniter->run()
#9 {main}
CRITICAL - 2022-05-16 05:39:31 --> Array to string conversion
#0 C:\laragon\www\spk2\app\Views\page\metode_saw_result.php(155): CodeIgniter\Debug\Exceptions->errorHandler(8, 'Array to string...', 'C:\\laragon\\www\\...', 155, Array)
#1 C:\laragon\www\spk2\system\View\View.php(210): include('C:\\laragon\\www\\...')
#2 C:\laragon\www\spk2\system\View\View.php(213): CodeIgniter\View\View->CodeIgniter\View\{closure}()
#3 C:\laragon\www\spk2\system\Common.php(1089): CodeIgniter\View\View->render('/page/metode_sa...', Array, true)
#4 C:\laragon\www\spk2\app\Controllers\Saw.php(29): view('/page/metode_sa...', Array)
#5 C:\laragon\www\spk2\system\CodeIgniter.php(832): App\Controllers\Saw->result_saw()
#6 C:\laragon\www\spk2\system\CodeIgniter.php(419): CodeIgniter\CodeIgniter->runController(Object(App\Controllers\Saw))
#7 C:\laragon\www\spk2\system\CodeIgniter.php(326): CodeIgniter\CodeIgniter->handleRequest(NULL, Object(Config\Cache), false)
#8 C:\laragon\www\spk2\index.php(37): CodeIgniter\CodeIgniter->run()
#9 {main}
CRITICAL - 2022-05-16 05:40:36 --> Array to string conversion
#0 C:\laragon\www\spk2\app\Views\page\metode_saw_result.php(153): CodeIgniter\Debug\Exceptions->errorHandler(8, 'Array to string...', 'C:\\laragon\\www\\...', 153, Array)
#1 C:\laragon\www\spk2\system\View\View.php(210): include('C:\\laragon\\www\\...')
#2 C:\laragon\www\spk2\system\View\View.php(213): CodeIgniter\View\View->CodeIgniter\View\{closure}()
#3 C:\laragon\www\spk2\system\Common.php(1089): CodeIgniter\View\View->render('/page/metode_sa...', Array, true)
#4 C:\laragon\www\spk2\app\Controllers\Saw.php(29): view('/page/metode_sa...', Array)
#5 C:\laragon\www\spk2\system\CodeIgniter.php(832): App\Controllers\Saw->result_saw()
#6 C:\laragon\www\spk2\system\CodeIgniter.php(419): CodeIgniter\CodeIgniter->runController(Object(App\Controllers\Saw))
#7 C:\laragon\www\spk2\system\CodeIgniter.php(326): CodeIgniter\CodeIgniter->handleRequest(NULL, Object(Config\Cache), false)
#8 C:\laragon\www\spk2\index.php(37): CodeIgniter\CodeIgniter->run()
#9 {main}
CRITICAL - 2022-05-16 05:41:42 --> Array to string conversion
#0 C:\laragon\www\spk2\app\Views\page\metode_saw_result.php(142): CodeIgniter\Debug\Exceptions->errorHandler(8, 'Array to string...', 'C:\\laragon\\www\\...', 142, Array)
#1 C:\laragon\www\spk2\system\View\View.php(210): include('C:\\laragon\\www\\...')
#2 C:\laragon\www\spk2\system\View\View.php(213): CodeIgniter\View\View->CodeIgniter\View\{closure}()
#3 C:\laragon\www\spk2\system\Common.php(1089): CodeIgniter\View\View->render('/page/metode_sa...', Array, true)
#4 C:\laragon\www\spk2\app\Controllers\Saw.php(29): view('/page/metode_sa...', Array)
#5 C:\laragon\www\spk2\system\CodeIgniter.php(832): App\Controllers\Saw->result_saw()
#6 C:\laragon\www\spk2\system\CodeIgniter.php(419): CodeIgniter\CodeIgniter->runController(Object(App\Controllers\Saw))
#7 C:\laragon\www\spk2\system\CodeIgniter.php(326): CodeIgniter\CodeIgniter->handleRequest(NULL, Object(Config\Cache), false)
#8 C:\laragon\www\spk2\index.php(37): CodeIgniter\CodeIgniter->run()
#9 {main}
CRITICAL - 2022-05-16 05:41:49 --> Array to string conversion
#0 C:\laragon\www\spk2\app\Views\page\metode_saw_result.php(153): CodeIgniter\Debug\Exceptions->errorHandler(8, 'Array to string...', 'C:\\laragon\\www\\...', 153, Array)
#1 C:\laragon\www\spk2\system\View\View.php(210): include('C:\\laragon\\www\\...')
#2 C:\laragon\www\spk2\system\View\View.php(213): CodeIgniter\View\View->CodeIgniter\View\{closure}()
#3 C:\laragon\www\spk2\system\Common.php(1089): CodeIgniter\View\View->render('/page/metode_sa...', Array, true)
#4 C:\laragon\www\spk2\app\Controllers\Saw.php(29): view('/page/metode_sa...', Array)
#5 C:\laragon\www\spk2\system\CodeIgniter.php(832): App\Controllers\Saw->result_saw()
#6 C:\laragon\www\spk2\system\CodeIgniter.php(419): CodeIgniter\CodeIgniter->runController(Object(App\Controllers\Saw))
#7 C:\laragon\www\spk2\system\CodeIgniter.php(326): CodeIgniter\CodeIgniter->handleRequest(NULL, Object(Config\Cache), false)
#8 C:\laragon\www\spk2\index.php(37): CodeIgniter\CodeIgniter->run()
#9 {main}
CRITICAL - 2022-05-16 05:42:38 --> Undefined variable: data
#0 C:\laragon\www\spk2\app\Views\page\metode_saw_result.php(151): CodeIgniter\Debug\Exceptions->errorHandler(8, 'Undefined varia...', 'C:\\laragon\\www\\...', 151, Array)
#1 C:\laragon\www\spk2\system\View\View.php(210): include('C:\\laragon\\www\\...')
#2 C:\laragon\www\spk2\system\View\View.php(213): CodeIgniter\View\View->CodeIgniter\View\{closure}()
#3 C:\laragon\www\spk2\system\Common.php(1089): CodeIgniter\View\View->render('/page/metode_sa...', Array, true)
#4 C:\laragon\www\spk2\app\Controllers\Saw.php(29): view('/page/metode_sa...', Array)
#5 C:\laragon\www\spk2\system\CodeIgniter.php(832): App\Controllers\Saw->result_saw()
#6 C:\laragon\www\spk2\system\CodeIgniter.php(419): CodeIgniter\CodeIgniter->runController(Object(App\Controllers\Saw))
#7 C:\laragon\www\spk2\system\CodeIgniter.php(326): CodeIgniter\CodeIgniter->handleRequest(NULL, Object(Config\Cache), false)
#8 C:\laragon\www\spk2\index.php(37): CodeIgniter\CodeIgniter->run()
#9 {main}
CRITICAL - 2022-05-16 05:46:55 --> Invalid argument supplied for foreach()
#0 C:\laragon\www\spk2\app\Views\page\metode_saw_result.php(143): CodeIgniter\Debug\Exceptions->errorHandler(2, 'Invalid argumen...', 'C:\\laragon\\www\\...', 143, Array)
#1 C:\laragon\www\spk2\system\View\View.php(210): include('C:\\laragon\\www\\...')
#2 C:\laragon\www\spk2\system\View\View.php(213): CodeIgniter\View\View->CodeIgniter\View\{closure}()
#3 C:\laragon\www\spk2\system\Common.php(1089): CodeIgniter\View\View->render('/page/metode_sa...', Array, true)
#4 C:\laragon\www\spk2\app\Controllers\Saw.php(29): view('/page/metode_sa...', Array)
#5 C:\laragon\www\spk2\system\CodeIgniter.php(832): App\Controllers\Saw->result_saw()
#6 C:\laragon\www\spk2\system\CodeIgniter.php(419): CodeIgniter\CodeIgniter->runController(Object(App\Controllers\Saw))
#7 C:\laragon\www\spk2\system\CodeIgniter.php(326): CodeIgniter\CodeIgniter->handleRequest(NULL, Object(Config\Cache), false)
#8 C:\laragon\www\spk2\index.php(37): CodeIgniter\CodeIgniter->run()
#9 {main}
CRITICAL - 2022-05-16 05:47:07 --> Array to string conversion
#0 C:\laragon\www\spk2\app\Views\page\metode_saw_result.php(156): CodeIgniter\Debug\Exceptions->errorHandler(8, 'Array to string...', 'C:\\laragon\\www\\...', 156, Array)
#1 C:\laragon\www\spk2\system\View\View.php(210): include('C:\\laragon\\www\\...')
#2 C:\laragon\www\spk2\system\View\View.php(213): CodeIgniter\View\View->CodeIgniter\View\{closure}()
#3 C:\laragon\www\spk2\system\Common.php(1089): CodeIgniter\View\View->render('/page/metode_sa...', Array, true)
#4 C:\laragon\www\spk2\app\Controllers\Saw.php(29): view('/page/metode_sa...', Array)
#5 C:\laragon\www\spk2\system\CodeIgniter.php(832): App\Controllers\Saw->result_saw()
#6 C:\laragon\www\spk2\system\CodeIgniter.php(419): CodeIgniter\CodeIgniter->runController(Object(App\Controllers\Saw))
#7 C:\laragon\www\spk2\system\CodeIgniter.php(326): CodeIgniter\CodeIgniter->handleRequest(NULL, Object(Config\Cache), false)
#8 C:\laragon\www\spk2\index.php(37): CodeIgniter\CodeIgniter->run()
#9 {main}
CRITICAL - 2022-05-16 05:47:32 --> Array to string conversion
#0 C:\laragon\www\spk2\app\Views\page\metode_saw_result.php(158): CodeIgniter\Debug\Exceptions->errorHandler(8, 'Array to string...', 'C:\\laragon\\www\\...', 158, Array)
#1 C:\laragon\www\spk2\system\View\View.php(210): include('C:\\laragon\\www\\...')
#2 C:\laragon\www\spk2\system\View\View.php(213): CodeIgniter\View\View->CodeIgniter\View\{closure}()
#3 C:\laragon\www\spk2\system\Common.php(1089): CodeIgniter\View\View->render('/page/metode_sa...', Array, true)
#4 C:\laragon\www\spk2\app\Controllers\Saw.php(29): view('/page/metode_sa...', Array)
#5 C:\laragon\www\spk2\system\CodeIgniter.php(832): App\Controllers\Saw->result_saw()
#6 C:\laragon\www\spk2\system\CodeIgniter.php(419): CodeIgniter\CodeIgniter->runController(Object(App\Controllers\Saw))
#7 C:\laragon\www\spk2\system\CodeIgniter.php(326): CodeIgniter\CodeIgniter->handleRequest(NULL, Object(Config\Cache), false)
#8 C:\laragon\www\spk2\index.php(37): CodeIgniter\CodeIgniter->run()
#9 {main}
CRITICAL - 2022-05-16 05:48:09 --> Invalid argument supplied for foreach()
#0 C:\laragon\www\spk2\app\Views\page\metode_saw_result.php(145): CodeIgniter\Debug\Exceptions->errorHandler(2, 'Invalid argumen...', 'C:\\laragon\\www\\...', 145, Array)
#1 C:\laragon\www\spk2\system\View\View.php(210): include('C:\\laragon\\www\\...')
#2 C:\laragon\www\spk2\system\View\View.php(213): CodeIgniter\View\View->CodeIgniter\View\{closure}()
#3 C:\laragon\www\spk2\system\Common.php(1089): CodeIgniter\View\View->render('/page/metode_sa...', Array, true)
#4 C:\laragon\www\spk2\app\Controllers\Saw.php(29): view('/page/metode_sa...', Array)
#5 C:\laragon\www\spk2\system\CodeIgniter.php(832): App\Controllers\Saw->result_saw()
#6 C:\laragon\www\spk2\system\CodeIgniter.php(419): CodeIgniter\CodeIgniter->runController(Object(App\Controllers\Saw))
#7 C:\laragon\www\spk2\system\CodeIgniter.php(326): CodeIgniter\CodeIgniter->handleRequest(NULL, Object(Config\Cache), false)
#8 C:\laragon\www\spk2\index.php(37): CodeIgniter\CodeIgniter->run()
#9 {main}
CRITICAL - 2022-05-16 05:49:21 --> Invalid argument supplied for foreach()
#0 C:\laragon\www\spk2\app\Views\page\metode_saw_result.php(145): CodeIgniter\Debug\Exceptions->errorHandler(2, 'Invalid argumen...', 'C:\\laragon\\www\\...', 145, Array)
#1 C:\laragon\www\spk2\system\View\View.php(210): include('C:\\laragon\\www\\...')
#2 C:\laragon\www\spk2\system\View\View.php(213): CodeIgniter\View\View->CodeIgniter\View\{closure}()
#3 C:\laragon\www\spk2\system\Common.php(1089): CodeIgniter\View\View->render('/page/metode_sa...', Array, true)
#4 C:\laragon\www\spk2\app\Controllers\Saw.php(29): view('/page/metode_sa...', Array)
#5 C:\laragon\www\spk2\system\CodeIgniter.php(832): App\Controllers\Saw->result_saw()
#6 C:\laragon\www\spk2\system\CodeIgniter.php(419): CodeIgniter\CodeIgniter->runController(Object(App\Controllers\Saw))
#7 C:\laragon\www\spk2\system\CodeIgniter.php(326): CodeIgniter\CodeIgniter->handleRequest(NULL, Object(Config\Cache), false)
#8 C:\laragon\www\spk2\index.php(37): CodeIgniter\CodeIgniter->run()
#9 {main}
CRITICAL - 2022-05-16 05:50:28 --> max(): When only one parameter is given, it must be an array
#0 [internal function]: CodeIgniter\Debug\Exceptions->errorHandler(2, 'max(): When onl...', 'C:\\laragon\\www\\...', 146, Array)
#1 C:\laragon\www\spk2\app\Views\page\metode_saw_result.php(146): max('1')
#2 C:\laragon\www\spk2\system\View\View.php(210): include('C:\\laragon\\www\\...')
#3 C:\laragon\www\spk2\system\View\View.php(213): CodeIgniter\View\View->CodeIgniter\View\{closure}()
#4 C:\laragon\www\spk2\system\Common.php(1089): CodeIgniter\View\View->render('/page/metode_sa...', Array, true)
#5 C:\laragon\www\spk2\app\Controllers\Saw.php(29): view('/page/metode_sa...', Array)
#6 C:\laragon\www\spk2\system\CodeIgniter.php(832): App\Controllers\Saw->result_saw()
#7 C:\laragon\www\spk2\system\CodeIgniter.php(419): CodeIgniter\CodeIgniter->runController(Object(App\Controllers\Saw))
#8 C:\laragon\www\spk2\system\CodeIgniter.php(326): CodeIgniter\CodeIgniter->handleRequest(NULL, Object(Config\Cache), false)
#9 C:\laragon\www\spk2\index.php(37): CodeIgniter\CodeIgniter->run()
#10 {main}
CRITICAL - 2022-05-16 05:50:58 --> max(): When only one parameter is given, it must be an array
#0 [internal function]: CodeIgniter\Debug\Exceptions->errorHandler(2, 'max(): When onl...', 'C:\\laragon\\www\\...', 146, Array)
#1 C:\laragon\www\spk2\app\Views\page\metode_saw_result.php(146): max(0.707)
#2 C:\laragon\www\spk2\system\View\View.php(210): include('C:\\laragon\\www\\...')
#3 C:\laragon\www\spk2\system\View\View.php(213): CodeIgniter\View\View->CodeIgniter\View\{closure}()
#4 C:\laragon\www\spk2\system\Common.php(1089): CodeIgniter\View\View->render('/page/metode_sa...', Array, true)
#5 C:\laragon\www\spk2\app\Controllers\Saw.php(29): view('/page/metode_sa...', Array)
#6 C:\laragon\www\spk2\system\CodeIgniter.php(832): App\Controllers\Saw->result_saw()
#7 C:\laragon\www\spk2\system\CodeIgniter.php(419): CodeIgniter\CodeIgniter->runController(Object(App\Controllers\Saw))
#8 C:\laragon\www\spk2\system\CodeIgniter.php(326): CodeIgniter\CodeIgniter->handleRequest(NULL, Object(Config\Cache), false)
#9 C:\laragon\www\spk2\index.php(37): CodeIgniter\CodeIgniter->run()
#10 {main}
CRITICAL - 2022-05-16 05:51:45 --> Array to string conversion
#0 C:\laragon\www\spk2\app\Views\page\metode_saw_result.php(144): CodeIgniter\Debug\Exceptions->errorHandler(8, 'Array to string...', 'C:\\laragon\\www\\...', 144, Array)
#1 C:\laragon\www\spk2\system\View\View.php(210): include('C:\\laragon\\www\\...')
#2 C:\laragon\www\spk2\system\View\View.php(213): CodeIgniter\View\View->CodeIgniter\View\{closure}()
#3 C:\laragon\www\spk2\system\Common.php(1089): CodeIgniter\View\View->render('/page/metode_sa...', Array, true)
#4 C:\laragon\www\spk2\app\Controllers\Saw.php(29): view('/page/metode_sa...', Array)
#5 C:\laragon\www\spk2\system\CodeIgniter.php(832): App\Controllers\Saw->result_saw()
#6 C:\laragon\www\spk2\system\CodeIgniter.php(419): CodeIgniter\CodeIgniter->runController(Object(App\Controllers\Saw))
#7 C:\laragon\www\spk2\system\CodeIgniter.php(326): CodeIgniter\CodeIgniter->handleRequest(NULL, Object(Config\Cache), false)
#8 C:\laragon\www\spk2\index.php(37): CodeIgniter\CodeIgniter->run()
#9 {main}
CRITICAL - 2022-05-16 05:52:12 --> Array to string conversion
#0 C:\laragon\www\spk2\app\Views\page\metode_saw_result.php(144): CodeIgniter\Debug\Exceptions->errorHandler(8, 'Array to string...', 'C:\\laragon\\www\\...', 144, Array)
#1 C:\laragon\www\spk2\system\View\View.php(210): include('C:\\laragon\\www\\...')
#2 C:\laragon\www\spk2\system\View\View.php(213): CodeIgniter\View\View->CodeIgniter\View\{closure}()
#3 C:\laragon\www\spk2\system\Common.php(1089): CodeIgniter\View\View->render('/page/metode_sa...', Array, true)
#4 C:\laragon\www\spk2\app\Controllers\Saw.php(29): view('/page/metode_sa...', Array)
#5 C:\laragon\www\spk2\system\CodeIgniter.php(832): App\Controllers\Saw->result_saw()
#6 C:\laragon\www\spk2\system\CodeIgniter.php(419): CodeIgniter\CodeIgniter->runController(Object(App\Controllers\Saw))
#7 C:\laragon\www\spk2\system\CodeIgniter.php(326): CodeIgniter\CodeIgniter->handleRequest(NULL, Object(Config\Cache), false)
#8 C:\laragon\www\spk2\index.php(37): CodeIgniter\CodeIgniter->run()
#9 {main}
CRITICAL - 2022-05-16 05:52:17 --> Array to string conversion
#0 C:\laragon\www\spk2\app\Views\page\metode_saw_result.php(153): CodeIgniter\Debug\Exceptions->errorHandler(8, 'Array to string...', 'C:\\laragon\\www\\...', 153, Array)
#1 C:\laragon\www\spk2\system\View\View.php(210): include('C:\\laragon\\www\\...')
#2 C:\laragon\www\spk2\system\View\View.php(213): CodeIgniter\View\View->CodeIgniter\View\{closure}()
#3 C:\laragon\www\spk2\system\Common.php(1089): CodeIgniter\View\View->render('/page/metode_sa...', Array, true)
#4 C:\laragon\www\spk2\app\Controllers\Saw.php(29): view('/page/metode_sa...', Array)
#5 C:\laragon\www\spk2\system\CodeIgniter.php(832): App\Controllers\Saw->result_saw()
#6 C:\laragon\www\spk2\system\CodeIgniter.php(419): CodeIgniter\CodeIgniter->runController(Object(App\Controllers\Saw))
#7 C:\laragon\www\spk2\system\CodeIgniter.php(326): CodeIgniter\CodeIgniter->handleRequest(NULL, Object(Config\Cache), false)
#8 C:\laragon\www\spk2\index.php(37): CodeIgniter\CodeIgniter->run()
#9 {main}
CRITICAL - 2022-05-16 05:52:48 --> Array to string conversion
#0 C:\laragon\www\spk2\app\Views\page\metode_saw_result.php(153): CodeIgniter\Debug\Exceptions->errorHandler(8, 'Array to string...', 'C:\\laragon\\www\\...', 153, Array)
#1 C:\laragon\www\spk2\system\View\View.php(210): include('C:\\laragon\\www\\...')
#2 C:\laragon\www\spk2\system\View\View.php(213): CodeIgniter\View\View->CodeIgniter\View\{closure}()
#3 C:\laragon\www\spk2\system\Common.php(1089): CodeIgniter\View\View->render('/page/metode_sa...', Array, true)
#4 C:\laragon\www\spk2\app\Controllers\Saw.php(29): view('/page/metode_sa...', Array)
#5 C:\laragon\www\spk2\system\CodeIgniter.php(832): App\Controllers\Saw->result_saw()
#6 C:\laragon\www\spk2\system\CodeIgniter.php(419): CodeIgniter\CodeIgniter->runController(Object(App\Controllers\Saw))
#7 C:\laragon\www\spk2\system\CodeIgniter.php(326): CodeIgniter\CodeIgniter->handleRequest(NULL, Object(Config\Cache), false)
#8 C:\laragon\www\spk2\index.php(37): CodeIgniter\CodeIgniter->run()
#9 {main}
CRITICAL - 2022-05-16 05:52:56 --> Array to string conversion
#0 C:\laragon\www\spk2\app\Views\page\metode_saw_result.php(144): CodeIgniter\Debug\Exceptions->errorHandler(8, 'Array to string...', 'C:\\laragon\\www\\...', 144, Array)
#1 C:\laragon\www\spk2\system\View\View.php(210): include('C:\\laragon\\www\\...')
#2 C:\laragon\www\spk2\system\View\View.php(213): CodeIgniter\View\View->CodeIgniter\View\{closure}()
#3 C:\laragon\www\spk2\system\Common.php(1089): CodeIgniter\View\View->render('/page/metode_sa...', Array, true)
#4 C:\laragon\www\spk2\app\Controllers\Saw.php(29): view('/page/metode_sa...', Array)
#5 C:\laragon\www\spk2\system\CodeIgniter.php(832): App\Controllers\Saw->result_saw()
#6 C:\laragon\www\spk2\system\CodeIgniter.php(419): CodeIgniter\CodeIgniter->runController(Object(App\Controllers\Saw))
#7 C:\laragon\www\spk2\system\CodeIgniter.php(326): CodeIgniter\CodeIgniter->handleRequest(NULL, Object(Config\Cache), false)
#8 C:\laragon\www\spk2\index.php(37): CodeIgniter\CodeIgniter->run()
#9 {main}
CRITICAL - 2022-05-16 05:55:37 --> Array to string conversion
#0 C:\laragon\www\spk2\app\Views\page\metode_saw_result.php(144): CodeIgniter\Debug\Exceptions->errorHandler(8, 'Array to string...', 'C:\\laragon\\www\\...', 144, Array)
#1 C:\laragon\www\spk2\system\View\View.php(210): include('C:\\laragon\\www\\...')
#2 C:\laragon\www\spk2\system\View\View.php(213): CodeIgniter\View\View->CodeIgniter\View\{closure}()
#3 C:\laragon\www\spk2\system\Common.php(1089): CodeIgniter\View\View->render('/page/metode_sa...', Array, true)
#4 C:\laragon\www\spk2\app\Controllers\Saw.php(29): view('/page/metode_sa...', Array)
#5 C:\laragon\www\spk2\system\CodeIgniter.php(832): App\Controllers\Saw->result_saw()
#6 C:\laragon\www\spk2\system\CodeIgniter.php(419): CodeIgniter\CodeIgniter->runController(Object(App\Controllers\Saw))
#7 C:\laragon\www\spk2\system\CodeIgniter.php(326): CodeIgniter\CodeIgniter->handleRequest(NULL, Object(Config\Cache), false)
#8 C:\laragon\www\spk2\index.php(37): CodeIgniter\CodeIgniter->run()
#9 {main}
CRITICAL - 2022-05-16 05:56:32 --> max(): When only one parameter is given, it must be an array
#0 [internal function]: CodeIgniter\Debug\Exceptions->errorHandler(2, 'max(): When onl...', 'C:\\laragon\\www\\...', 153, Array)
#1 C:\laragon\www\spk2\app\Views\page\metode_saw_result.php(153): max('0.7070.73066666...')
#2 C:\laragon\www\spk2\system\View\View.php(210): include('C:\\laragon\\www\\...')
#3 C:\laragon\www\spk2\system\View\View.php(213): CodeIgniter\View\View->CodeIgniter\View\{closure}()
#4 C:\laragon\www\spk2\system\Common.php(1089): CodeIgniter\View\View->render('/page/metode_sa...', Array, true)
#5 C:\laragon\www\spk2\app\Controllers\Saw.php(29): view('/page/metode_sa...', Array)
#6 C:\laragon\www\spk2\system\CodeIgniter.php(832): App\Controllers\Saw->result_saw()
#7 C:\laragon\www\spk2\system\CodeIgniter.php(419): CodeIgniter\CodeIgniter->runController(Object(App\Controllers\Saw))
#8 C:\laragon\www\spk2\system\CodeIgniter.php(326): CodeIgniter\CodeIgniter->handleRequest(NULL, Object(Config\Cache), false)
#9 C:\laragon\www\spk2\index.php(37): CodeIgniter\CodeIgniter->run()
#10 {main}
CRITICAL - 2022-05-16 05:56:49 --> Array to string conversion
#0 C:\laragon\www\spk2\app\Views\page\metode_saw_result.php(144): CodeIgniter\Debug\Exceptions->errorHandler(8, 'Array to string...', 'C:\\laragon\\www\\...', 144, Array)
#1 C:\laragon\www\spk2\system\View\View.php(210): include('C:\\laragon\\www\\...')
#2 C:\laragon\www\spk2\system\View\View.php(213): CodeIgniter\View\View->CodeIgniter\View\{closure}()
#3 C:\laragon\www\spk2\system\Common.php(1089): CodeIgniter\View\View->render('/page/metode_sa...', Array, true)
#4 C:\laragon\www\spk2\app\Controllers\Saw.php(29): view('/page/metode_sa...', Array)
#5 C:\laragon\www\spk2\system\CodeIgniter.php(832): App\Controllers\Saw->result_saw()
#6 C:\laragon\www\spk2\system\CodeIgniter.php(419): CodeIgniter\CodeIgniter->runController(Object(App\Controllers\Saw))
#7 C:\laragon\www\spk2\system\CodeIgniter.php(326): CodeIgniter\CodeIgniter->handleRequest(NULL, Object(Config\Cache), false)
#8 C:\laragon\www\spk2\index.php(37): CodeIgniter\CodeIgniter->run()
#9 {main}
CRITICAL - 2022-05-16 05:57:00 --> Array to string conversion
#0 C:\laragon\www\spk2\app\Views\page\metode_saw_result.php(144): CodeIgniter\Debug\Exceptions->errorHandler(8, 'Array to string...', 'C:\\laragon\\www\\...', 144, Array)
#1 C:\laragon\www\spk2\system\View\View.php(210): include('C:\\laragon\\www\\...')
#2 C:\laragon\www\spk2\system\View\View.php(213): CodeIgniter\View\View->CodeIgniter\View\{closure}()
#3 C:\laragon\www\spk2\system\Common.php(1089): CodeIgniter\View\View->render('/page/metode_sa...', Array, true)
#4 C:\laragon\www\spk2\app\Controllers\Saw.php(29): view('/page/metode_sa...', Array)
#5 C:\laragon\www\spk2\system\CodeIgniter.php(832): App\Controllers\Saw->result_saw()
#6 C:\laragon\www\spk2\system\CodeIgniter.php(419): CodeIgniter\CodeIgniter->runController(Object(App\Controllers\Saw))
#7 C:\laragon\www\spk2\system\CodeIgniter.php(326): CodeIgniter\CodeIgniter->handleRequest(NULL, Object(Config\Cache), false)
#8 C:\laragon\www\spk2\index.php(37): CodeIgniter\CodeIgniter->run()
#9 {main}
CRITICAL - 2022-05-16 05:57:24 --> Array to string conversion
#0 C:\laragon\www\spk2\app\Views\page\metode_saw_result.php(144): CodeIgniter\Debug\Exceptions->errorHandler(8, 'Array to string...', 'C:\\laragon\\www\\...', 144, Array)
#1 C:\laragon\www\spk2\system\View\View.php(210): include('C:\\laragon\\www\\...')
#2 C:\laragon\www\spk2\system\View\View.php(213): CodeIgniter\View\View->CodeIgniter\View\{closure}()
#3 C:\laragon\www\spk2\system\Common.php(1089): CodeIgniter\View\View->render('/page/metode_sa...', Array, true)
#4 C:\laragon\www\spk2\app\Controllers\Saw.php(29): view('/page/metode_sa...', Array)
#5 C:\laragon\www\spk2\system\CodeIgniter.php(832): App\Controllers\Saw->result_saw()
#6 C:\laragon\www\spk2\system\CodeIgniter.php(419): CodeIgniter\CodeIgniter->runController(Object(App\Controllers\Saw))
#7 C:\laragon\www\spk2\system\CodeIgniter.php(326): CodeIgniter\CodeIgniter->handleRequest(NULL, Object(Config\Cache), false)
#8 C:\laragon\www\spk2\index.php(37): CodeIgniter\CodeIgniter->run()
#9 {main}
CRITICAL - 2022-05-16 05:57:30 --> Array to string conversion
#0 C:\laragon\www\spk2\app\Views\page\metode_saw_result.php(153): CodeIgniter\Debug\Exceptions->errorHandler(8, 'Array to string...', 'C:\\laragon\\www\\...', 153, Array)
#1 C:\laragon\www\spk2\system\View\View.php(210): include('C:\\laragon\\www\\...')
#2 C:\laragon\www\spk2\system\View\View.php(213): CodeIgniter\View\View->CodeIgniter\View\{closure}()
#3 C:\laragon\www\spk2\system\Common.php(1089): CodeIgniter\View\View->render('/page/metode_sa...', Array, true)
#4 C:\laragon\www\spk2\app\Controllers\Saw.php(29): view('/page/metode_sa...', Array)
#5 C:\laragon\www\spk2\system\CodeIgniter.php(832): App\Controllers\Saw->result_saw()
#6 C:\laragon\www\spk2\system\CodeIgniter.php(419): CodeIgniter\CodeIgniter->runController(Object(App\Controllers\Saw))
#7 C:\laragon\www\spk2\system\CodeIgniter.php(326): CodeIgniter\CodeIgniter->handleRequest(NULL, Object(Config\Cache), false)
#8 C:\laragon\www\spk2\index.php(37): CodeIgniter\CodeIgniter->run()
#9 {main}
CRITICAL - 2022-05-16 05:58:01 --> Array to string conversion
#0 C:\laragon\www\spk2\app\Views\page\metode_saw_result.php(153): CodeIgniter\Debug\Exceptions->errorHandler(8, 'Array to string...', 'C:\\laragon\\www\\...', 153, Array)
#1 C:\laragon\www\spk2\system\View\View.php(210): include('C:\\laragon\\www\\...')
#2 C:\laragon\www\spk2\system\View\View.php(213): CodeIgniter\View\View->CodeIgniter\View\{closure}()
#3 C:\laragon\www\spk2\system\Common.php(1089): CodeIgniter\View\View->render('/page/metode_sa...', Array, true)
#4 C:\laragon\www\spk2\app\Controllers\Saw.php(29): view('/page/metode_sa...', Array)
#5 C:\laragon\www\spk2\system\CodeIgniter.php(832): App\Controllers\Saw->result_saw()
#6 C:\laragon\www\spk2\system\CodeIgniter.php(419): CodeIgniter\CodeIgniter->runController(Object(App\Controllers\Saw))
#7 C:\laragon\www\spk2\system\CodeIgniter.php(326): CodeIgniter\CodeIgniter->handleRequest(NULL, Object(Config\Cache), false)
#8 C:\laragon\www\spk2\index.php(37): CodeIgniter\CodeIgniter->run()
#9 {main}
CRITICAL - 2022-05-16 06:01:03 --> Array to string conversion
#0 [internal function]: CodeIgniter\Debug\Exceptions->errorHandler(8, 'Array to string...', 'C:\\laragon\\www\\...', 153, Array)
#1 C:\laragon\www\spk2\app\Views\page\metode_saw_result.php(153): implode(' ', Array)
#2 C:\laragon\www\spk2\system\View\View.php(210): include('C:\\laragon\\www\\...')
#3 C:\laragon\www\spk2\system\View\View.php(213): CodeIgniter\View\View->CodeIgniter\View\{closure}()
#4 C:\laragon\www\spk2\system\Common.php(1089): CodeIgniter\View\View->render('/page/metode_sa...', Array, true)
#5 C:\laragon\www\spk2\app\Controllers\Saw.php(29): view('/page/metode_sa...', Array)
#6 C:\laragon\www\spk2\system\CodeIgniter.php(832): App\Controllers\Saw->result_saw()
#7 C:\laragon\www\spk2\system\CodeIgniter.php(419): CodeIgniter\CodeIgniter->runController(Object(App\Controllers\Saw))
#8 C:\laragon\www\spk2\system\CodeIgniter.php(326): CodeIgniter\CodeIgniter->handleRequest(NULL, Object(Config\Cache), false)
#9 C:\laragon\www\spk2\index.php(37): CodeIgniter\CodeIgniter->run()
#10 {main}
CRITICAL - 2022-05-16 06:01:38 --> implode(): Invalid arguments passed
#0 [internal function]: CodeIgniter\Debug\Exceptions->errorHandler(2, 'implode(): Inva...', 'C:\\laragon\\www\\...', 144, Array)
#1 C:\laragon\www\spk2\app\Views\page\metode_saw_result.php(144): implode(' ', 0.707)
#2 C:\laragon\www\spk2\system\View\View.php(210): include('C:\\laragon\\www\\...')
#3 C:\laragon\www\spk2\system\View\View.php(213): CodeIgniter\View\View->CodeIgniter\View\{closure}()
#4 C:\laragon\www\spk2\system\Common.php(1089): CodeIgniter\View\View->render('/page/metode_sa...', Array, true)
#5 C:\laragon\www\spk2\app\Controllers\Saw.php(29): view('/page/metode_sa...', Array)
#6 C:\laragon\www\spk2\system\CodeIgniter.php(832): App\Controllers\Saw->result_saw()
#7 C:\laragon\www\spk2\system\CodeIgniter.php(419): CodeIgniter\CodeIgniter->runController(Object(App\Controllers\Saw))
#8 C:\laragon\www\spk2\system\CodeIgniter.php(326): CodeIgniter\CodeIgniter->handleRequest(NULL, Object(Config\Cache), false)
#9 C:\laragon\www\spk2\index.php(37): CodeIgniter\CodeIgniter->run()
#10 {main}
CRITICAL - 2022-05-16 06:01:47 --> implode(): Invalid arguments passed
#0 [internal function]: CodeIgniter\Debug\Exceptions->errorHandler(2, 'implode(): Inva...', 'C:\\laragon\\www\\...', 144, Array)
#1 C:\laragon\www\spk2\app\Views\page\metode_saw_result.php(144): implode(' ', 0.707)
#2 C:\laragon\www\spk2\system\View\View.php(210): include('C:\\laragon\\www\\...')
#3 C:\laragon\www\spk2\system\View\View.php(213): CodeIgniter\View\View->CodeIgniter\View\{closure}()
#4 C:\laragon\www\spk2\system\Common.php(1089): CodeIgniter\View\View->render('/page/metode_sa...', Array, true)
#5 C:\laragon\www\spk2\app\Controllers\Saw.php(29): view('/page/metode_sa...', Array)
#6 C:\laragon\www\spk2\system\CodeIgniter.php(832): App\Controllers\Saw->result_saw()
#7 C:\laragon\www\spk2\system\CodeIgniter.php(419): CodeIgniter\CodeIgniter->runController(Object(App\Controllers\Saw))
#8 C:\laragon\www\spk2\system\CodeIgniter.php(326): CodeIgniter\CodeIgniter->handleRequest(NULL, Object(Config\Cache), false)
#9 C:\laragon\www\spk2\index.php(37): CodeIgniter\CodeIgniter->run()
#10 {main}
CRITICAL - 2022-05-16 06:03:33 --> Array to string conversion
#0 C:\laragon\www\spk2\app\Views\page\metode_saw_result.php(144): CodeIgniter\Debug\Exceptions->errorHandler(8, 'Array to string...', 'C:\\laragon\\www\\...', 144, Array)
#1 C:\laragon\www\spk2\system\View\View.php(210): include('C:\\laragon\\www\\...')
#2 C:\laragon\www\spk2\system\View\View.php(213): CodeIgniter\View\View->CodeIgniter\View\{closure}()
#3 C:\laragon\www\spk2\system\Common.php(1089): CodeIgniter\View\View->render('/page/metode_sa...', Array, true)
#4 C:\laragon\www\spk2\app\Controllers\Saw.php(29): view('/page/metode_sa...', Array)
#5 C:\laragon\www\spk2\system\CodeIgniter.php(832): App\Controllers\Saw->result_saw()
#6 C:\laragon\www\spk2\system\CodeIgniter.php(419): CodeIgniter\CodeIgniter->runController(Object(App\Controllers\Saw))
#7 C:\laragon\www\spk2\system\CodeIgniter.php(326): CodeIgniter\CodeIgniter->handleRequest(NULL, Object(Config\Cache), false)
#8 C:\laragon\www\spk2\index.php(37): CodeIgniter\CodeIgniter->run()
#9 {main}
CRITICAL - 2022-05-16 06:04:19 --> Array to string conversion
#0 C:\laragon\www\spk2\app\Views\page\metode_saw_result.php(144): CodeIgniter\Debug\Exceptions->errorHandler(8, 'Array to string...', 'C:\\laragon\\www\\...', 144, Array)
#1 C:\laragon\www\spk2\system\View\View.php(210): include('C:\\laragon\\www\\...')
#2 C:\laragon\www\spk2\system\View\View.php(213): CodeIgniter\View\View->CodeIgniter\View\{closure}()
#3 C:\laragon\www\spk2\system\Common.php(1089): CodeIgniter\View\View->render('/page/metode_sa...', Array, true)
#4 C:\laragon\www\spk2\app\Controllers\Saw.php(29): view('/page/metode_sa...', Array)
#5 C:\laragon\www\spk2\system\CodeIgniter.php(832): App\Controllers\Saw->result_saw()
#6 C:\laragon\www\spk2\system\CodeIgniter.php(419): CodeIgniter\CodeIgniter->runController(Object(App\Controllers\Saw))
#7 C:\laragon\www\spk2\system\CodeIgniter.php(326): CodeIgniter\CodeIgniter->handleRequest(NULL, Object(Config\Cache), false)
#8 C:\laragon\www\spk2\index.php(37): CodeIgniter\CodeIgniter->run()
#9 {main}
CRITICAL - 2022-05-16 06:04:45 --> Array to string conversion
#0 C:\laragon\www\spk2\app\Views\page\metode_saw_result.php(144): CodeIgniter\Debug\Exceptions->errorHandler(8, 'Array to string...', 'C:\\laragon\\www\\...', 144, Array)
#1 C:\laragon\www\spk2\system\View\View.php(210): include('C:\\laragon\\www\\...')
#2 C:\laragon\www\spk2\system\View\View.php(213): CodeIgniter\View\View->CodeIgniter\View\{closure}()
#3 C:\laragon\www\spk2\system\Common.php(1089): CodeIgniter\View\View->render('/page/metode_sa...', Array, true)
#4 C:\laragon\www\spk2\app\Controllers\Saw.php(29): view('/page/metode_sa...', Array)
#5 C:\laragon\www\spk2\system\CodeIgniter.php(832): App\Controllers\Saw->result_saw()
#6 C:\laragon\www\spk2\system\CodeIgniter.php(419): CodeIgniter\CodeIgniter->runController(Object(App\Controllers\Saw))
#7 C:\laragon\www\spk2\system\CodeIgniter.php(326): CodeIgniter\CodeIgniter->handleRequest(NULL, Object(Config\Cache), false)
#8 C:\laragon\www\spk2\index.php(37): CodeIgniter\CodeIgniter->run()
#9 {main}
CRITICAL - 2022-05-16 06:08:08 --> Array to string conversion
#0 C:\laragon\www\spk2\app\Views\page\metode_saw_result.php(153): CodeIgniter\Debug\Exceptions->errorHandler(8, 'Array to string...', 'C:\\laragon\\www\\...', 153, Array)
#1 C:\laragon\www\spk2\system\View\View.php(210): include('C:\\laragon\\www\\...')
#2 C:\laragon\www\spk2\system\View\View.php(213): CodeIgniter\View\View->CodeIgniter\View\{closure}()
#3 C:\laragon\www\spk2\system\Common.php(1089): CodeIgniter\View\View->render('/page/metode_sa...', Array, true)
#4 C:\laragon\www\spk2\app\Controllers\Saw.php(29): view('/page/metode_sa...', Array)
#5 C:\laragon\www\spk2\system\CodeIgniter.php(832): App\Controllers\Saw->result_saw()
#6 C:\laragon\www\spk2\system\CodeIgniter.php(419): CodeIgniter\CodeIgniter->runController(Object(App\Controllers\Saw))
#7 C:\laragon\www\spk2\system\CodeIgniter.php(326): CodeIgniter\CodeIgniter->handleRequest(NULL, Object(Config\Cache), false)
#8 C:\laragon\www\spk2\index.php(37): CodeIgniter\CodeIgniter->run()
#9 {main}
CRITICAL - 2022-05-16 06:08:21 --> Array to string conversion
#0 C:\laragon\www\spk2\app\Views\page\metode_saw_result.php(153): CodeIgniter\Debug\Exceptions->errorHandler(8, 'Array to string...', 'C:\\laragon\\www\\...', 153, Array)
#1 C:\laragon\www\spk2\system\View\View.php(210): include('C:\\laragon\\www\\...')
#2 C:\laragon\www\spk2\system\View\View.php(213): CodeIgniter\View\View->CodeIgniter\View\{closure}()
#3 C:\laragon\www\spk2\system\Common.php(1089): CodeIgniter\View\View->render('/page/metode_sa...', Array, true)
#4 C:\laragon\www\spk2\app\Controllers\Saw.php(29): view('/page/metode_sa...', Array)
#5 C:\laragon\www\spk2\system\CodeIgniter.php(832): App\Controllers\Saw->result_saw()
#6 C:\laragon\www\spk2\system\CodeIgniter.php(419): CodeIgniter\CodeIgniter->runController(Object(App\Controllers\Saw))
#7 C:\laragon\www\spk2\system\CodeIgniter.php(326): CodeIgniter\CodeIgniter->handleRequest(NULL, Object(Config\Cache), false)
#8 C:\laragon\www\spk2\index.php(37): CodeIgniter\CodeIgniter->run()
#9 {main}
CRITICAL - 2022-05-16 06:24:24 --> syntax error, unexpected '$b' (T_VARIABLE), expecting ')'
#0 C:\laragon\www\spk2\system\View\View.php(213): CodeIgniter\View\View->CodeIgniter\View\{closure}()
#1 C:\laragon\www\spk2\system\Common.php(1089): CodeIgniter\View\View->render('/page/metode_sa...', Array, true)
#2 C:\laragon\www\spk2\app\Controllers\Saw.php(29): view('/page/metode_sa...', Array)
#3 C:\laragon\www\spk2\system\CodeIgniter.php(832): App\Controllers\Saw->result_saw()
#4 C:\laragon\www\spk2\system\CodeIgniter.php(419): CodeIgniter\CodeIgniter->runController(Object(App\Controllers\Saw))
#5 C:\laragon\www\spk2\system\CodeIgniter.php(326): CodeIgniter\CodeIgniter->handleRequest(NULL, Object(Config\Cache), false)
#6 C:\laragon\www\spk2\index.php(37): CodeIgniter\CodeIgniter->run()
#7 {main}
CRITICAL - 2022-05-16 06:27:03 --> Undefined property: CodeIgniter\View\View::$session
#0 C:\laragon\www\spk2\app\Views\page\metode_saw_result.php(146): CodeIgniter\Debug\Exceptions->errorHandler(8, 'Undefined prope...', 'C:\\laragon\\www\\...', 146, Array)
#1 C:\laragon\www\spk2\system\View\View.php(210): include('C:\\laragon\\www\\...')
#2 C:\laragon\www\spk2\system\View\View.php(213): CodeIgniter\View\View->CodeIgniter\View\{closure}()
#3 C:\laragon\www\spk2\system\Common.php(1089): CodeIgniter\View\View->render('/page/metode_sa...', Array, true)
#4 C:\laragon\www\spk2\app\Controllers\Saw.php(29): view('/page/metode_sa...', Array)
#5 C:\laragon\www\spk2\system\CodeIgniter.php(832): App\Controllers\Saw->result_saw()
#6 C:\laragon\www\spk2\system\CodeIgniter.php(419): CodeIgniter\CodeIgniter->runController(Object(App\Controllers\Saw))
#7 C:\laragon\www\spk2\system\CodeIgniter.php(326): CodeIgniter\CodeIgniter->handleRequest(NULL, Object(Config\Cache), false)
#8 C:\laragon\www\spk2\index.php(37): CodeIgniter\CodeIgniter->run()
#9 {main}
CRITICAL - 2022-05-16 06:52:45 --> syntax error, unexpected ''%'' (T_CONSTANT_ENCAPSED_STRING), expecting ';' or ','
#0 C:\laragon\www\spk2\system\View\View.php(213): CodeIgniter\View\View->CodeIgniter\View\{closure}()
#1 C:\laragon\www\spk2\system\Common.php(1089): CodeIgniter\View\View->render('/page/metode_sa...', Array, true)
#2 C:\laragon\www\spk2\app\Controllers\Saw.php(29): view('/page/metode_sa...', Array)
#3 C:\laragon\www\spk2\system\CodeIgniter.php(832): App\Controllers\Saw->result_saw()
#4 C:\laragon\www\spk2\system\CodeIgniter.php(419): CodeIgniter\CodeIgniter->runController(Object(App\Controllers\Saw))
#5 C:\laragon\www\spk2\system\CodeIgniter.php(326): CodeIgniter\CodeIgniter->handleRequest(NULL, Object(Config\Cache), false)
#6 C:\laragon\www\spk2\index.php(37): CodeIgniter\CodeIgniter->run()
#7 {main}
CRITICAL - 2022-05-16 07:32:24 --> max(): When only one parameter is given, it must be an array
#0 [internal function]: CodeIgniter\Debug\Exceptions->errorHandler(2, 'max(): When onl...', 'C:\\laragon\\www\\...', 140, Array)
#1 C:\laragon\www\spk2\app\Views\page\metode_saw_result.php(140): max('2')
#2 C:\laragon\www\spk2\system\View\View.php(210): include('C:\\laragon\\www\\...')
#3 C:\laragon\www\spk2\system\View\View.php(213): CodeIgniter\View\View->CodeIgniter\View\{closure}()
#4 C:\laragon\www\spk2\system\Common.php(1089): CodeIgniter\View\View->render('/page/metode_sa...', Array, true)
#5 C:\laragon\www\spk2\app\Controllers\Saw.php(29): view('/page/metode_sa...', Array)
#6 C:\laragon\www\spk2\system\CodeIgniter.php(832): App\Controllers\Saw->result_saw()
#7 C:\laragon\www\spk2\system\CodeIgniter.php(419): CodeIgniter\CodeIgniter->runController(Object(App\Controllers\Saw))
#8 C:\laragon\www\spk2\system\CodeIgniter.php(326): CodeIgniter\CodeIgniter->handleRequest(NULL, Object(Config\Cache), false)
#9 C:\laragon\www\spk2\index.php(37): CodeIgniter\CodeIgniter->run()
#10 {main}
CRITICAL - 2022-05-16 07:40:53 --> Undefined property: stdClass::$max
#0 C:\laragon\www\spk2\app\Views\page\metode_saw_result.php(54): CodeIgniter\Debug\Exceptions->errorHandler(8, 'Undefined prope...', 'C:\\laragon\\www\\...', 54, Array)
#1 C:\laragon\www\spk2\system\View\View.php(210): include('C:\\laragon\\www\\...')
#2 C:\laragon\www\spk2\system\View\View.php(213): CodeIgniter\View\View->CodeIgniter\View\{closure}()
#3 C:\laragon\www\spk2\system\Common.php(1089): CodeIgniter\View\View->render('/page/metode_sa...', Array, true)
#4 C:\laragon\www\spk2\app\Controllers\Saw.php(29): view('/page/metode_sa...', Array)
#5 C:\laragon\www\spk2\system\CodeIgniter.php(832): App\Controllers\Saw->result_saw()
#6 C:\laragon\www\spk2\system\CodeIgniter.php(419): CodeIgniter\CodeIgniter->runController(Object(App\Controllers\Saw))
#7 C:\laragon\www\spk2\system\CodeIgniter.php(326): CodeIgniter\CodeIgniter->handleRequest(NULL, Object(Config\Cache), false)
#8 C:\laragon\www\spk2\index.php(37): CodeIgniter\CodeIgniter->run()
#9 {main}
CRITICAL - 2022-05-16 07:44:10 --> Undefined variable: max
#0 C:\laragon\www\spk2\app\Views\page\metode_saw_result.php(205): CodeIgniter\Debug\Exceptions->errorHandler(8, 'Undefined varia...', 'C:\\laragon\\www\\...', 205, Array)
#1 C:\laragon\www\spk2\system\View\View.php(210): include('C:\\laragon\\www\\...')
#2 C:\laragon\www\spk2\system\View\View.php(213): CodeIgniter\View\View->CodeIgniter\View\{closure}()
#3 C:\laragon\www\spk2\system\Common.php(1089): CodeIgniter\View\View->render('/page/metode_sa...', Array, true)
#4 C:\laragon\www\spk2\app\Controllers\Saw.php(29): view('/page/metode_sa...', Array)
#5 C:\laragon\www\spk2\system\CodeIgniter.php(832): App\Controllers\Saw->result_saw()
#6 C:\laragon\www\spk2\system\CodeIgniter.php(419): CodeIgniter\CodeIgniter->runController(Object(App\Controllers\Saw))
#7 C:\laragon\www\spk2\system\CodeIgniter.php(326): CodeIgniter\CodeIgniter->handleRequest(NULL, Object(Config\Cache), false)
#8 C:\laragon\www\spk2\index.php(37): CodeIgniter\CodeIgniter->run()
#9 {main}
CRITICAL - 2022-05-16 08:35:43 --> Cannot use [] for reading
#0 [internal function]: CodeIgniter\Debug\Exceptions->shutdownHandler()
#1 {main}
CRITICAL - 2022-05-16 08:46:54 --> Object of class stdClass could not be converted to string
#0 C:\laragon\www\spk2\system\View\View.php(210): include()
#1 C:\laragon\www\spk2\system\View\View.php(213): CodeIgniter\View\View->CodeIgniter\View\{closure}()
#2 C:\laragon\www\spk2\system\Common.php(1089): CodeIgniter\View\View->render('/page/metode_sa...', Array, true)
#3 C:\laragon\www\spk2\app\Controllers\Saw.php(30): view('/page/metode_sa...', Array)
#4 C:\laragon\www\spk2\system\CodeIgniter.php(832): App\Controllers\Saw->result_saw()
#5 C:\laragon\www\spk2\system\CodeIgniter.php(419): CodeIgniter\CodeIgniter->runController(Object(App\Controllers\Saw))
#6 C:\laragon\www\spk2\system\CodeIgniter.php(326): CodeIgniter\CodeIgniter->handleRequest(NULL, Object(Config\Cache), false)
#7 C:\laragon\www\spk2\index.php(37): CodeIgniter\CodeIgniter->run()
#8 {main}
CRITICAL - 2022-05-16 08:53:47 --> syntax error, unexpected ','
#0 C:\laragon\www\spk2\system\View\View.php(213): CodeIgniter\View\View->CodeIgniter\View\{closure}()
#1 C:\laragon\www\spk2\system\Common.php(1089): CodeIgniter\View\View->render('/page/metode_sa...', Array, true)
#2 C:\laragon\www\spk2\app\Controllers\Saw.php(30): view('/page/metode_sa...', Array)
#3 C:\laragon\www\spk2\system\CodeIgniter.php(832): App\Controllers\Saw->result_saw()
#4 C:\laragon\www\spk2\system\CodeIgniter.php(419): CodeIgniter\CodeIgniter->runController(Object(App\Controllers\Saw))
#5 C:\laragon\www\spk2\system\CodeIgniter.php(326): CodeIgniter\CodeIgniter->handleRequest(NULL, Object(Config\Cache), false)
#6 C:\laragon\www\spk2\index.php(37): CodeIgniter\CodeIgniter->run()
#7 {main}
CRITICAL - 2022-05-16 08:59:01 --> Array to string conversion
#0 C:\laragon\www\spk2\app\Views\page\metode_saw_result.php(192): CodeIgniter\Debug\Exceptions->errorHandler(8, 'Array to string...', 'C:\\laragon\\www\\...', 192, Array)
#1 C:\laragon\www\spk2\system\View\View.php(210): include('C:\\laragon\\www\\...')
#2 C:\laragon\www\spk2\system\View\View.php(213): CodeIgniter\View\View->CodeIgniter\View\{closure}()
#3 C:\laragon\www\spk2\system\Common.php(1089): CodeIgniter\View\View->render('/page/metode_sa...', Array, true)
#4 C:\laragon\www\spk2\app\Controllers\Saw.php(30): view('/page/metode_sa...', Array)
#5 C:\laragon\www\spk2\system\CodeIgniter.php(832): App\Controllers\Saw->result_saw()
#6 C:\laragon\www\spk2\system\CodeIgniter.php(419): CodeIgniter\CodeIgniter->runController(Object(App\Controllers\Saw))
#7 C:\laragon\www\spk2\system\CodeIgniter.php(326): CodeIgniter\CodeIgniter->handleRequest(NULL, Object(Config\Cache), false)
#8 C:\laragon\www\spk2\index.php(37): CodeIgniter\CodeIgniter->run()
#9 {main}
CRITICAL - 2022-05-16 09:01:10 --> preg_replace(): Compilation failed: missing terminating ] for character class at offset 10
#0 [internal function]: CodeIgniter\Debug\Exceptions->errorHandler(2, 'preg_replace():...', 'C:\\laragon\\www\\...', 197, Array)
#1 C:\laragon\www\spk2\app\Views\page\metode_saw_result.php(197): preg_replace('/[^a-zA-Z\\]/', '', '0.843Ahmad Asyr...')
#2 C:\laragon\www\spk2\system\View\View.php(210): include('C:\\laragon\\www\\...')
#3 C:\laragon\www\spk2\system\View\View.php(213): CodeIgniter\View\View->CodeIgniter\View\{closure}()
#4 C:\laragon\www\spk2\system\Common.php(1089): CodeIgniter\View\View->render('/page/metode_sa...', Array, true)
#5 C:\laragon\www\spk2\app\Controllers\Saw.php(30): view('/page/metode_sa...', Array)
#6 C:\laragon\www\spk2\system\CodeIgniter.php(832): App\Controllers\Saw->result_saw()
#7 C:\laragon\www\spk2\system\CodeIgniter.php(419): CodeIgniter\CodeIgniter->runController(Object(App\Controllers\Saw))
#8 C:\laragon\www\spk2\system\CodeIgniter.php(326): CodeIgniter\CodeIgniter->handleRequest(NULL, Object(Config\Cache), false)
#9 C:\laragon\www\spk2\index.php(37): CodeIgniter\CodeIgniter->run()
#10 {main}
